 
export TEST_JDK_HOME=/tmp/tmp.R8GQYntyCK/jdk-23.0.1+11
export EXTRA_DOCKER_ARGS=-v /tmp/tmp.R8GQYntyCK/jdk-23.0.1+11:/opt/java/openjdk ;
export BUILD_LIST=external/openliberty-mp-tck ;
export EXTERNAL_AQA_IMAGE=;
make compile
make _openliberty_microprofile_tck_jdk8_hs

JAVA_HOME is set to /tmp/tmp.R8GQYntyCK/jdk-23.0.1+11
LIB_DIR is set to /home/jvanek/git/aqa-tests/TKG/../TKG/lib
rm -f -r /home/jvanek/git/aqa-tests/TKG/../TKG/output_compilation; \
mkdir -p /home/jvanek/git/aqa-tests/TKG/../TKG/output_compilation; \
(ant -f ./scripts/build_tools.xml -DTEST_JDK_HOME=/tmp/tmp.R8GQYntyCK/jdk-23.0.1+11 -DTEST_ROOT=/home/jvanek/git/aqa-tests/TKG/.. -DLIB_DIR=/home/jvanek/git/aqa-tests/TKG/../TKG/lib 2>&1; echo $? ) | tee "/home/jvanek/git/aqa-tests/TKG/../TKG/output_compilation/compilation.log"; \
if [ -z "$(tail -1 /home/jvanek/git/aqa-tests/TKG/../TKG/output_compilation/compilation.log | grep 0)" ]; then perl scripts/moveDmp.pl --compileLogPath="/home/jvanek/git/aqa-tests/TKG/../TKG/output_compilation/compilation.log" --testRoot="/home/jvanek/git/aqa-tests/TKG/.."; false; else rm -f -r "/home/jvanek/git/aqa-tests/TKG/../TKG/output_compilation"; fi
Buildfile: /home/jvanek/git/aqa-tests/TKG/scripts/build_tools.xml

build:

clean:
   [delete] Deleting: /home/jvanek/git/aqa-tests/TKG/autoGenEnv.mk
   [delete] Deleting: /home/jvanek/git/aqa-tests/TKG/utils.mk
   [delete] Deleting directory /home/jvanek/git/aqa-tests/TKG/bin

init:
    [mkdir] Created dir: /home/jvanek/git/aqa-tests/TKG/bin

getDependentLibs:
     [exec] --------------------------------------------
     [exec] path is set to /home/jvanek/git/aqa-tests/TKG/../TKG/lib
     [exec] task is set to default
     [exec] dependencyList is set to json_simple
     [exec] --------------------------------------------
     [exec] Starting download third party dependent jars
     [exec] --------------------------------------------
     [exec] downloading dependent third party jars to /home/jvanek/git/aqa-tests/TKG/../TKG/lib
     [exec] /home/jvanek/git/aqa-tests/TKG/../TKG/lib/json-simple.jar exists with correct hash, not downloading
     [exec] downloaded dependent third party jars successfully

compile:
     [echo] Ant version is Apache Ant(TM) version 1.10.12 compiled on July 19 2023
     [echo] ============COMPILER SETTINGS============
     [echo] ===fork:                         yes
     [echo] ===debug:                        on
    [javac] Compiling 27 source files to /home/jvanek/git/aqa-tests/TKG/bin
    [javac] Note: Some input files use or override a deprecated API.
    [javac] Note: Recompile with -Xlint:deprecation for details.

dist:
      [jar] Building jar: /home/jvanek/git/aqa-tests/TKG/bin/TestKitGen.jar

BUILD SUCCESSFUL
Total time: 0 seconds
0
/tmp/tmp.R8GQYntyCK/jdk-23.0.1+11/bin/java -cp ./bin/TestKitGen.jar org.openj9.envInfo.EnvDetector
Unfamiliar microArch detected in TKG. It will not be added in TKG microArch!
microArchOutput: model name	: 11th Gen Intel(R) Core(TM) i7-11850H @ 2.50GHz
****************************** MACHINE INFO ******************************
File path : /home/jvanek/git/aqa-tests/TKG
Free Physical Memory Size : 7630278656
Free space (bytes) : 289361235968
Total Physical Memory Size : 67106488320
Total space (bytes) : 632976211968
Usable space (bytes) : 257132625920
antVersion : Apache Ant(TM) version 1.10.12 compiled on July 19 2023
cpuCores : 16
curlVersion : 
	curl 8.2.1 (x86_64-redhat-linux-gnu) libcurl/8.2.1 OpenSSL/3.1.4 zlib/1.2.13 libidn2/2.3.7 nghttp2/1.55.1
	Release-Date: 2023-07-26
	Protocols: file ftp ftps http https
	Features: alt-svc AsynchDNS GSS-API HSTS HTTP2 HTTPS-proxy IDN IPv6 Kerberos Largefile libz SPNEGO SSL threadsafe UnixSockets
docker : not on docker
gcc version : 13
gclibc version : ldd (GNU libc) 2.38
gdb version : GNU gdb (Fedora Linux) 15.1-1.fc39
lldb version : Command could not be executed
makeVersion : 
	GNU Make 4.4.1
	Built for x86_64-redhat-linux-gnu
	Copyright (C) 1988-2023 Free Software Foundation, Inc.
	License GPLv3+: GNU GPL version 3 or later <https://gnu.org/licenses/gpl.html>
	This is free software: you are free to change and redistribute it.
	There is NO WARRANTY, to the extent permitted by law.
perlVersion : 
	
	This is perl 5, version 38, subversion 2 (v5.38.2) built for x86_64-linux-thread-multi
	(with 15 registered patches, see perl -V for more detail)
	
	Copyright 1987-2023, Larry Wall
	
	Perl may be copied only under the terms of either the Artistic License or the
	GNU General Public License, which may be found in the Perl 5 source kit.
	
	Complete documentation for Perl, including FAQ lists, should be found on
	this system using "man perl" or "perldoc perl".  If you have access to the
	Internet, point your browser at https://www.perl.org/, the Perl Home Page.
	
procArch : unknown
sysArch : x86_64
sysOS : Linux
ulimit : 
	real-time non-blocking time  (microseconds, -R) unlimited
	core file size              (blocks, -c) unlimited
	data seg size               (kbytes, -d) unlimited
	scheduling priority                 (-e) 0
	file size                   (blocks, -f) unlimited
	pending signals                     (-i) 255386
	max locked memory           (kbytes, -l) 8192
	max memory size             (kbytes, -m) unlimited
	open files                          (-n) 524288
	pipe size                (512 bytes, -p) 8
	POSIX message queues         (bytes, -q) 819200
	real-time priority                  (-r) 0
	stack size                  (kbytes, -s) 8192
	cpu time                   (seconds, -t) unlimited
	max user processes                  (-u) 255386
	virtual memory              (kbytes, -v) unlimited
	file locks                          (-x) unlimited
uname : Linux fedora 6.11.6-100.fc39.x86_64 #1 SMP PREEMPT_DYNAMIC Fri Nov  1 16:07:59 UTC 2024 x86_64 GNU/Linux
vmVendor : Oracle Corporation
vmVersion : 23.0.1+11
xlc version : bash: line 1: xlC: command not found
**************************************************************************

System.getProperty('java.vm.name')=OpenJDK 64-Bit Server VM

System.getProperty('java.vendor')=Eclipse Adoptium

System.getProperty('os.name')=Linux

System.getProperty('os.arch')=amd64

System.getProperty('java.fullversion')=null

System.getProperty('sun.arch.data.model')=64

make -f clean.mk cleanBuild
make[1]: Entering directory '/home/jvanek/git/aqa-tests/TKG'
rm -f -r /home/jvanek/git/aqa-tests/TKG/../../jvmtest
make[1]: Leaving directory '/home/jvanek/git/aqa-tests/TKG'
make -f compile.mk compile
make[1]: Entering directory '/home/jvanek/git/aqa-tests/TKG'
rm -f -r /home/jvanek/git/aqa-tests/TKG/../TKG/output_compilation; \
mkdir -p /home/jvanek/git/aqa-tests/TKG/../TKG/output_compilation; \
(ant -f scripts/build_test.xml -DTEST_ROOT=/home/jvanek/git/aqa-tests/TKG/.. -DBUILD_ROOT=/home/jvanek/git/aqa-tests/TKG/../../jvmtest -DJDK_VERSION=23 -DJDK_IMPL=hotspot -DJDK_VENDOR=eclipse -DJCL_VERSION=latest -DBUILD_LIST=external/openliberty-mp-tck -DRESOURCES_DIR=/home/jvanek/git/aqa-tests/TKG/../../jvmtest/TestConfig/resources -DSPEC=linux_x86-64 -DTEST_JDK_HOME=/tmp/tmp.R8GQYntyCK/jdk-23.0.1+11 -DJVM_VERSION=openjdk23 -DLIB_DIR=/home/jvanek/git/aqa-tests/TKG/../TKG/lib  2>&1; echo $? ) | tee "/home/jvanek/git/aqa-tests/TKG/../TKG/output_compilation/compilation.log"; \
if [ -z "$(tail -1 /home/jvanek/git/aqa-tests/TKG/../TKG/output_compilation/compilation.log | grep 0)" ]; then perl scripts/moveDmp.pl --compileLogPath="/home/jvanek/git/aqa-tests/TKG/../TKG/output_compilation/compilation.log" --testRoot="/home/jvanek/git/aqa-tests/TKG/.."; false; else rm -f -r "/home/jvanek/git/aqa-tests/TKG/../TKG/output_compilation"; fi
Buildfile: /home/jvanek/git/aqa-tests/TKG/scripts/build_test.xml
     [echo]  build.list is TestConfig/build.xml,external/openliberty-mp-tck/build.xml 

-create_test_directory:
    [mkdir] Created dir: /home/jvanek/git/jvmtest

stage_test_material:
     [copy] Copying 1328 files to /home/jvanek/git/jvmtest
     [copy] Copied 582 empty directories to 249 empty directories under /home/jvanek/git/jvmtest

build:

init:
    [mkdir] Created dir: /home/jvanek/git/jvmtest/TestConfig

build:
     [copy] Copying 22 files to /home/jvanek/git/jvmtest/TestConfig
     [copy] Copied 9 empty directories to 4 empty directories under /home/jvanek/git/jvmtest/TestConfig
     [copy] Copying 2 files to /home/jvanek/git/jvmtest/TestConfig

build:

move_scripts:
     [copy] Copying 2 files to /home/jvanek/git/jvmtest/external/openliberty-mp-tck
     [copy] Copying 9 files to /home/jvanek/git/jvmtest/external

clean_image:
     [echo] Executing external.sh --clean --dir openliberty-mp-tck --tag nightly --version 23 --impl hotspot 
     [exec]    # =================== Info =================== Info =================== Info =================== #
     [exec]    # EXTRA_DOCKER_ARGS set as "-v /tmp/tmp.R8GQYntyCK/jdk-23.0.1+11:/opt/java/openjdk"                                #
     [exec]    # =================== Info =================== Info =================== Info =================== #
     [exec]    # =================== Info =================== Info =================== Info =================== #
     [exec]    # TEST_JDK_HOME of /tmp/tmp.R8GQYntyCK/jdk-23.0.1+11 is used in EXTRA_DOCKER_ARGS                                #
     [exec]    # =================== Info =================== Info =================== Info =================== #
     [exec] The test here is openliberty-mp-tck
     [exec] The directory in the external.sh is openliberty-mp-tck
     [exec] DOCKERIMAGE_TAG nightly has been recognized.
     [exec] Untagged: localhost/adoptopenjdk-openliberty-mp-tck-test:23-jdk-ubuntu-hotspot-full
     [exec] Deleted: 4ff3bbdc4c9dd18ded32425fcecb1337ac3d6919bd5988a9f803f6970be32d02
     [exec] Deleted: df38c9100b1fafab10f4711dd659c9ff40cd6b71672a5baa6d187aa9cfd5bfe0
     [exec] Deleted: 678a2dac503e71f50ba57ed56ddca851d1cd5611bda5fd57d3ee7a1dd6d469f7
     [exec] Deleted: c2ffa78f11de3cc72711656435fe201ec109ba172615950e0ca21ab19aecc431
     [exec] Deleted: 7b010c379954ef3d4055f01d9f57df13425f6b4e56f984160b5d72fe97ec20d4
     [exec] Deleted: 93cae4719d86f2371b1217098c397f75ef5398c7734b9d5a729c6e7d67d6d897
     [exec] Deleted: 776e1a722ea1f37075b5dd2f98d3bc2a0e5f498f1a69daea7c6589cb73a3d7d2
     [exec] Deleted: e5d327e1d44aa8072d5713cc561ac148b773fd355772796ee5463b7a1741558b
     [exec] Deleted: 478207c403ce665e7a1e450a4c38a1b2013ff9d8fb1d3c10491f79384ab48dcc
     [exec] Deleted: 8ee6b1f1b2621851ac0bc0ea4b9574c8a5b6bc49a271f400a1055cc88a749c73
     [exec] Deleted: a32b7871e1f4253de20bfe181f0334e9ab7091ad46a0c3644e6b22a2b024c384
     [exec] Deleted: 026f57e2c7ab9fd79138f8244019d91ec9a4763e01fe124bbd98c6226f5cce8b
     [exec] Deleted: b21cfc064a8062c5c1fd8b2ea354b2f21efe6e9db8a9fec583c47db9ce6aaf4d
     [exec] Deleted: 5291bdee38eb663b57ce43d1af4ff862cc6fe3e2ff74a0f93a0d89246019ef6a
     [exec] Deleted: b27d8128bbc3056ac209c222ab4ebf9a714d28d4cf6638c595bb946dd08bc893
     [exec] Deleted: 770aefba1645ddfdd9e01a247013a9a3915c5316fed565fa74e9ea5d9b2e5dd7
     [exec] Deleted: 856390f3c723e56388582e0243b3fb6aa335b806316ea3e03a27aa217f4bd7dc
     [exec] Deleted: 76ce75461eac8b771b221846125b9ba5e136645467e91898bf22f650f6ef016d
     [exec] Deleted: 433acfe979a0b18a7f30a7073e4f373b9b1ec1e8e02477de2ee13341769b7677
     [exec] Deleted: 6d35a4631cbf19953de9b138f25c1f33530ab983e8d03d5adf1cc887a20d81ac
     [exec] Error: invalid reference format
     [exec] Result: 125

build_image:
     [echo] Executing external.sh --build --dir openliberty-mp-tck --tag nightly --version 23 --impl hotspot --platform linux_x86-64 --docker_args -v /tmp/tmp.R8GQYntyCK/jdk-23.0.1+11:/opt/java/openjdk 
     [exec]    # =================== Info =================== Info =================== Info =================== #
     [exec]    # EXTRA_DOCKER_ARGS set as "-v /tmp/tmp.R8GQYntyCK/jdk-23.0.1+11:/opt/java/openjdk"                                #
     [exec]    # =================== Info =================== Info =================== Info =================== #
     [exec]    # =================== Info =================== Info =================== Info =================== #
     [exec]    # TEST_JDK_HOME of /tmp/tmp.R8GQYntyCK/jdk-23.0.1+11 is used in EXTRA_DOCKER_ARGS                                #
     [exec]    # =================== Info =================== Info =================== Info =================== #
     [exec] The test here is openliberty-mp-tck
     [exec] The directory in the external.sh is openliberty-mp-tck
     [exec] DOCKERIMAGE_TAG nightly has been recognized.
     [exec] build_image.sh openliberty-mp-tck 23 hotspot ubuntu jdk full linux_x86-64 default 0 
     [exec] /home/jvanek/git/jvmtest/external
     [exec] 
     [exec] Writing /home/jvanek/git/jvmtest/external/openliberty-mp-tck/dockerfile/23/jdk/ubuntu/Dockerfile.hotspot.full ... ubuntu
     [exec] done
     [exec] 
     [exec] The test in the build_image() function is openliberty-mp-tck
     [exec] #####################################################
     [exec] INFO: sudo podman build  --no-cache -t adoptopenjdk-openliberty-mp-tck-test:23-jdk-ubuntu-hotspot-full -f /home/jvanek/git/jvmtest/external/openliberty-mp-tck/dockerfile/23/jdk/ubuntu/Dockerfile.hotspot.full /home/jvanek/git/jvmtest/external/
     [exec] #####################################################
     [exec] STEP 1/21: FROM docker.io/library/eclipse-temurin:23-jdk
     [exec] STEP 2/21: ENV RESULT_COMMENT="IN CONTAINER(not-as-root/podman)"
     [exec] --> 0872f8ee0a63
     [exec] STEP 3/21: ARG OPENLIBERTY_TAG=gm-23.0.0.5
     [exec] --> 7b3e1c729a14
     [exec] STEP 4/21: RUN apt-get update 	&& apt-get install -qq -y --no-install-recommends software-properties-common 	&& apt-get install -qq -y --no-install-recommends gnupg 	&& add-apt-repository ppa:ubuntu-toolchain-r/test 	&& apt-get update 	&& apt-get install -y --no-install-recommends  maven git wget tar  	&& rm -rf /var/lib/apt/lists/*
     [exec] Get:1 http://archive.ubuntu.com/ubuntu noble InRelease [256 kB]
     [exec] Get:2 http://archive.ubuntu.com/ubuntu noble-updates InRelease [126 kB]
     [exec] Get:3 http://security.ubuntu.com/ubuntu noble-security InRelease [126 kB]
     [exec] Get:4 http://archive.ubuntu.com/ubuntu noble-backports InRelease [126 kB]
     [exec] Get:5 http://archive.ubuntu.com/ubuntu noble/multiverse amd64 Packages [331 kB]
     [exec] Get:6 http://archive.ubuntu.com/ubuntu noble/restricted amd64 Packages [117 kB]
     [exec] Get:7 http://archive.ubuntu.com/ubuntu noble/universe amd64 Packages [19.3 MB]
     [exec] Get:8 http://archive.ubuntu.com/ubuntu noble/main amd64 Packages [1,808 kB]
     [exec] Get:9 http://archive.ubuntu.com/ubuntu noble-updates/restricted amd64 Packages [679 kB]
     [exec] Get:10 http://archive.ubuntu.com/ubuntu noble-updates/multiverse amd64 Packages [19.7 kB]
     [exec] Get:11 http://archive.ubuntu.com/ubuntu noble-updates/universe amd64 Packages [947 kB]
     [exec] Get:12 http://archive.ubuntu.com/ubuntu noble-updates/main amd64 Packages [897 kB]
     [exec] Get:13 http://archive.ubuntu.com/ubuntu noble-backports/universe amd64 Packages [11.9 kB]
     [exec] Get:14 http://security.ubuntu.com/ubuntu noble-security/main amd64 Packages [630 kB]
     [exec] Get:15 http://security.ubuntu.com/ubuntu noble-security/universe amd64 Packages [728 kB]
     [exec] Get:16 http://security.ubuntu.com/ubuntu noble-security/multiverse amd64 Packages [15.3 kB]
     [exec] Get:17 http://security.ubuntu.com/ubuntu noble-security/restricted amd64 Packages [609 kB]
     [exec] Fetched 26.7 MB in 1s (20.8 MB/s)
     [exec] Reading package lists...
     [exec] debconf: delaying package configuration, since apt-utils is not installed
     [exec] Selecting previously unselected package libpython3.12-minimal:amd64.
     [exec] (Reading database ... 
     [exec] (Reading database ... 5%(Reading database ... 10%(Reading database ... 15%(Reading database ... 20%(Reading database ... 25%(Reading database ... 30%(Reading database ... 35%(Reading database ... 40%(Reading database ... 45%(Reading database ... 50%(Reading database ... 55%(Reading database ... 60%(Reading database ... 65%(Reading database ... 70%(Reading database ... 75%(Reading database ... 80%(Reading database ... 85%(Reading database ... 90%(Reading database ... 95%(Reading database ... 100%(Reading database ... 6792 files and directories currently installed.)Preparing to unpack .../libpython3.12-minimal_3.12.3-1ubuntu0.3_amd64.deb ...
     [exec] Unpacking libpython3.12-minimal:amd64 (3.12.3-1ubuntu0.3) ...
     [exec] Selecting previously unselected package python3.12-minimal.
     [exec] Preparing to unpack .../python3.12-minimal_3.12.3-1ubuntu0.3_amd64.deb ...
     [exec] Unpacking python3.12-minimal (3.12.3-1ubuntu0.3) ...
     [exec] Setting up libpython3.12-minimal:amd64 (3.12.3-1ubuntu0.3) ...
     [exec] Setting up python3.12-minimal (3.12.3-1ubuntu0.3) ...
     [exec] Selecting previously unselected package python3-minimal.
     [exec] (Reading database ... 
     [exec] (Reading database ... 5%(Reading database ... 10%(Reading database ... 15%(Reading database ... 20%(Reading database ... 25%(Reading database ... 30%(Reading database ... 35%(Reading database ... 40%(Reading database ... 45%(Reading database ... 50%(Reading database ... 55%(Reading database ... 60%(Reading database ... 65%(Reading database ... 70%(Reading database ... 75%(Reading database ... 80%(Reading database ... 85%(Reading database ... 90%(Reading database ... 95%(Reading database ... 100%(Reading database ... 7103 files and directories currently installed.)Preparing to unpack .../0-python3-minimal_3.12.3-0ubuntu2_amd64.deb ...
     [exec] Unpacking python3-minimal (3.12.3-0ubuntu2) ...
     [exec] Selecting previously unselected package media-types.
     [exec] Preparing to unpack .../1-media-types_10.1.0_all.deb ...
     [exec] Unpacking media-types (10.1.0) ...
     [exec] Selecting previously unselected package netbase.
     [exec] Preparing to unpack .../2-netbase_6.4_all.deb ...
     [exec] Unpacking netbase (6.4) ...
     [exec] Selecting previously unselected package libpython3.12-stdlib:amd64.
     [exec] Preparing to unpack .../3-libpython3.12-stdlib_3.12.3-1ubuntu0.3_amd64.deb ...
     [exec] Unpacking libpython3.12-stdlib:amd64 (3.12.3-1ubuntu0.3) ...
     [exec] Selecting previously unselected package python3.12.
     [exec] Preparing to unpack .../4-python3.12_3.12.3-1ubuntu0.3_amd64.deb ...
     [exec] Unpacking python3.12 (3.12.3-1ubuntu0.3) ...
     [exec] Selecting previously unselected package libpython3-stdlib:amd64.
     [exec] Preparing to unpack .../5-libpython3-stdlib_3.12.3-0ubuntu2_amd64.deb ...
     [exec] Unpacking libpython3-stdlib:amd64 (3.12.3-0ubuntu2) ...
     [exec] Setting up python3-minimal (3.12.3-0ubuntu2) ...
     [exec] Selecting previously unselected package python3.
     [exec] (Reading database ... 
     [exec] (Reading database ... 5%(Reading database ... 10%(Reading database ... 15%(Reading database ... 20%(Reading database ... 25%(Reading database ... 30%(Reading database ... 35%(Reading database ... 40%(Reading database ... 45%(Reading database ... 50%(Reading database ... 55%(Reading database ... 60%(Reading database ... 65%(Reading database ... 70%(Reading database ... 75%(Reading database ... 80%(Reading database ... 85%(Reading database ... 90%(Reading database ... 95%(Reading database ... 100%(Reading database ... 7544 files and directories currently installed.)Preparing to unpack .../00-python3_3.12.3-0ubuntu2_amd64.deb ...
     [exec] Unpacking python3 (3.12.3-0ubuntu2) ...
     [exec] Selecting previously unselected package libapparmor1:amd64.
     [exec] Preparing to unpack .../01-libapparmor1_4.0.1really4.0.1-0ubuntu0.24.04.3_amd64.deb ...
     [exec] Unpacking libapparmor1:amd64 (4.0.1really4.0.1-0ubuntu0.24.04.3) ...
     [exec] Selecting previously unselected package libargon2-1:amd64.
     [exec] Preparing to unpack .../02-libargon2-1_0~20190702+dfsg-4build1_amd64.deb ...
     [exec] Unpacking libargon2-1:amd64 (0~20190702+dfsg-4build1) ...
     [exec] Selecting previously unselected package libdevmapper1.02.1:amd64.
     [exec] Preparing to unpack .../03-libdevmapper1.02.1_2%3a1.02.185-3ubuntu3.1_amd64.deb ...
     [exec] Unpacking libdevmapper1.02.1:amd64 (2:1.02.185-3ubuntu3.1) ...
     [exec] Selecting previously unselected package libjson-c5:amd64.
     [exec] Preparing to unpack .../04-libjson-c5_0.17-1build1_amd64.deb ...
     [exec] Unpacking libjson-c5:amd64 (0.17-1build1) ...
     [exec] Selecting previously unselected package libcryptsetup12:amd64.
     [exec] Preparing to unpack .../05-libcryptsetup12_2%3a2.7.0-1ubuntu4.1_amd64.deb ...
     [exec] Unpacking libcryptsetup12:amd64 (2:2.7.0-1ubuntu4.1) ...
     [exec] Selecting previously unselected package libfdisk1:amd64.
     [exec] Preparing to unpack .../06-libfdisk1_2.39.3-9ubuntu6.1_amd64.deb ...
     [exec] Unpacking libfdisk1:amd64 (2.39.3-9ubuntu6.1) ...
     [exec] Selecting previously unselected package libkmod2:amd64.
     [exec] Preparing to unpack .../07-libkmod2_31+20240202-2ubuntu7_amd64.deb ...
     [exec] Unpacking libkmod2:amd64 (31+20240202-2ubuntu7) ...
     [exec] Selecting previously unselected package libsystemd-shared:amd64.
     [exec] Preparing to unpack .../08-libsystemd-shared_255.4-1ubuntu8.4_amd64.deb ...
     [exec] Unpacking libsystemd-shared:amd64 (255.4-1ubuntu8.4) ...
     [exec] Selecting previously unselected package systemd-dev.
     [exec] Preparing to unpack .../09-systemd-dev_255.4-1ubuntu8.4_all.deb ...
     [exec] Unpacking systemd-dev (255.4-1ubuntu8.4) ...
     [exec] Selecting previously unselected package systemd.
     [exec] Preparing to unpack .../10-systemd_255.4-1ubuntu8.4_amd64.deb ...
     [exec] Unpacking systemd (255.4-1ubuntu8.4) ...
     [exec] Setting up libapparmor1:amd64 (4.0.1really4.0.1-0ubuntu0.24.04.3) ...
     [exec] Setting up libargon2-1:amd64 (0~20190702+dfsg-4build1) ...
     [exec] Setting up libdevmapper1.02.1:amd64 (2:1.02.185-3ubuntu3.1) ...
     [exec] Setting up libjson-c5:amd64 (0.17-1build1) ...
     [exec] Setting up libcryptsetup12:amd64 (2:2.7.0-1ubuntu4.1) ...
     [exec] Setting up libfdisk1:amd64 (2.39.3-9ubuntu6.1) ...
     [exec] Setting up libkmod2:amd64 (31+20240202-2ubuntu7) ...
     [exec] Setting up libsystemd-shared:amd64 (255.4-1ubuntu8.4) ...
     [exec] Setting up systemd-dev (255.4-1ubuntu8.4) ...
     [exec] Setting up systemd (255.4-1ubuntu8.4) ...
     [exec] Created symlink /etc/systemd/system/getty.target.wants/getty@tty1.service → /usr/lib/systemd/system/getty@.service.
     [exec] Created symlink /etc/systemd/system/multi-user.target.wants/remote-fs.target → /usr/lib/systemd/system/remote-fs.target.
     [exec] Created symlink /etc/systemd/system/sysinit.target.wants/systemd-pstore.service → /usr/lib/systemd/system/systemd-pstore.service.
     [exec] Initializing machine ID from random generator.
     [exec] /usr/lib/tmpfiles.d/systemd-network.conf:10: Failed to resolve user 'systemd-network': No such process
     [exec] /usr/lib/tmpfiles.d/systemd-network.conf:11: Failed to resolve user 'systemd-network': No such process
     [exec] /usr/lib/tmpfiles.d/systemd-network.conf:12: Failed to resolve user 'systemd-network': No such process
     [exec] /usr/lib/tmpfiles.d/systemd-network.conf:13: Failed to resolve user 'systemd-network': No such process
     [exec] /usr/lib/tmpfiles.d/systemd.conf:22: Failed to resolve group 'systemd-journal': No such process
     [exec] /usr/lib/tmpfiles.d/systemd.conf:23: Failed to resolve group 'systemd-journal': No such process
     [exec] /usr/lib/tmpfiles.d/systemd.conf:28: Failed to resolve group 'systemd-journal': No such process
     [exec] /usr/lib/tmpfiles.d/systemd.conf:29: Failed to resolve group 'systemd-journal': No such process
     [exec] /usr/lib/tmpfiles.d/systemd.conf:30: Failed to resolve group 'systemd-journal': No such process
     [exec] Creating group 'systemd-journal' with GID 999.
     [exec] Creating group 'systemd-network' with GID 998.
     [exec] Creating user 'systemd-network' (systemd Network Management) with UID 998 and GID 998.
     [exec] Selecting previously unselected package systemd-sysv.
     [exec] (Reading database ... 
     [exec] (Reading database ... 5%(Reading database ... 10%(Reading database ... 15%(Reading database ... 20%(Reading database ... 25%(Reading database ... 30%(Reading database ... 35%(Reading database ... 40%(Reading database ... 45%(Reading database ... 50%(Reading database ... 55%(Reading database ... 60%(Reading database ... 65%(Reading database ... 70%(Reading database ... 75%(Reading database ... 80%(Reading database ... 85%(Reading database ... 90%(Reading database ... 95%(Reading database ... 100%(Reading database ... 8593 files and directories currently installed.)Preparing to unpack .../00-systemd-sysv_255.4-1ubuntu8.4_amd64.deb ...
     [exec] Unpacking systemd-sysv (255.4-1ubuntu8.4) ...
     [exec] Selecting previously unselected package sgml-base.
     [exec] Preparing to unpack .../01-sgml-base_1.31_all.deb ...
     [exec] Unpacking sgml-base (1.31) ...
     [exec] Selecting previously unselected package libdbus-1-3:amd64.
     [exec] Preparing to unpack .../02-libdbus-1-3_1.14.10-4ubuntu4.1_amd64.deb ...
     [exec] Unpacking libdbus-1-3:amd64 (1.14.10-4ubuntu4.1) ...
     [exec] Selecting previously unselected package dbus-bin.
     [exec] Preparing to unpack .../03-dbus-bin_1.14.10-4ubuntu4.1_amd64.deb ...
     [exec] Unpacking dbus-bin (1.14.10-4ubuntu4.1) ...
     [exec] Selecting previously unselected package dbus-session-bus-common.
     [exec] Preparing to unpack .../04-dbus-session-bus-common_1.14.10-4ubuntu4.1_all.deb ...
     [exec] Unpacking dbus-session-bus-common (1.14.10-4ubuntu4.1) ...
     [exec] Selecting previously unselected package dbus-daemon.
     [exec] Preparing to unpack .../05-dbus-daemon_1.14.10-4ubuntu4.1_amd64.deb ...
     [exec] Unpacking dbus-daemon (1.14.10-4ubuntu4.1) ...
     [exec] Selecting previously unselected package dbus-system-bus-common.
     [exec] Preparing to unpack .../06-dbus-system-bus-common_1.14.10-4ubuntu4.1_all.deb ...
     [exec] Unpacking dbus-system-bus-common (1.14.10-4ubuntu4.1) ...
     [exec] Selecting previously unselected package dbus.
     [exec] Preparing to unpack .../07-dbus_1.14.10-4ubuntu4.1_amd64.deb ...
     [exec] Unpacking dbus (1.14.10-4ubuntu4.1) ...
     [exec] Selecting previously unselected package distro-info-data.
     [exec] Preparing to unpack .../08-distro-info-data_0.60ubuntu0.2_all.deb ...
     [exec] Unpacking distro-info-data (0.60ubuntu0.2) ...
     [exec] Selecting previously unselected package libglib2.0-0t64:amd64.
     [exec] Preparing to unpack .../09-libglib2.0-0t64_2.80.0-6ubuntu3.2_amd64.deb ...
     [exec] Unpacking libglib2.0-0t64:amd64 (2.80.0-6ubuntu3.2) ...
     [exec] Selecting previously unselected package gir1.2-glib-2.0:amd64.
     [exec] Preparing to unpack .../10-gir1.2-glib-2.0_2.80.0-6ubuntu3.2_amd64.deb ...
     [exec] Unpacking gir1.2-glib-2.0:amd64 (2.80.0-6ubuntu3.2) ...
     [exec] Selecting previously unselected package libgirepository-1.0-1:amd64.
     [exec] Preparing to unpack .../11-libgirepository-1.0-1_1.80.1-1_amd64.deb ...
     [exec] Unpacking libgirepository-1.0-1:amd64 (1.80.1-1) ...
     [exec] Selecting previously unselected package gir1.2-girepository-2.0:amd64.
     [exec] Preparing to unpack .../12-gir1.2-girepository-2.0_1.80.1-1_amd64.deb ...
     [exec] Unpacking gir1.2-girepository-2.0:amd64 (1.80.1-1) ...
     [exec] Selecting previously unselected package iso-codes.
     [exec] Preparing to unpack .../13-iso-codes_4.16.0-1_all.deb ...
     [exec] Unpacking iso-codes (4.16.0-1) ...
     [exec] Selecting previously unselected package libcap2-bin.
     [exec] Preparing to unpack .../14-libcap2-bin_1%3a2.66-5ubuntu2_amd64.deb ...
     [exec] Unpacking libcap2-bin (1:2.66-5ubuntu2) ...
     [exec] Selecting previously unselected package libelf1t64:amd64.
     [exec] Preparing to unpack .../15-libelf1t64_0.190-1.1build4_amd64.deb ...
     [exec] Unpacking libelf1t64:amd64 (0.190-1.1build4) ...
     [exec] Selecting previously unselected package libglib2.0-data.
     [exec] Preparing to unpack .../16-libglib2.0-data_2.80.0-6ubuntu3.2_all.deb ...
     [exec] Unpacking libglib2.0-data (2.80.0-6ubuntu3.2) ...
     [exec] Selecting previously unselected package libkrb5support0:amd64.
     [exec] Preparing to unpack .../17-libkrb5support0_1.20.1-6ubuntu2.2_amd64.deb ...
     [exec] Unpacking libkrb5support0:amd64 (1.20.1-6ubuntu2.2) ...
     [exec] Selecting previously unselected package libk5crypto3:amd64.
     [exec] Preparing to unpack .../18-libk5crypto3_1.20.1-6ubuntu2.2_amd64.deb ...
     [exec] Unpacking libk5crypto3:amd64 (1.20.1-6ubuntu2.2) ...
     [exec] Selecting previously unselected package libkeyutils1:amd64.
     [exec] Preparing to unpack .../19-libkeyutils1_1.6.3-3build1_amd64.deb ...
     [exec] Unpacking libkeyutils1:amd64 (1.6.3-3build1) ...
     [exec] Selecting previously unselected package libkrb5-3:amd64.
     [exec] Preparing to unpack .../20-libkrb5-3_1.20.1-6ubuntu2.2_amd64.deb ...
     [exec] Unpacking libkrb5-3:amd64 (1.20.1-6ubuntu2.2) ...
     [exec] Selecting previously unselected package libgssapi-krb5-2:amd64.
     [exec] Preparing to unpack .../21-libgssapi-krb5-2_1.20.1-6ubuntu2.2_amd64.deb ...
     [exec] Unpacking libgssapi-krb5-2:amd64 (1.20.1-6ubuntu2.2) ...
     [exec] Selecting previously unselected package libicu74:amd64.
     [exec] Preparing to unpack .../22-libicu74_74.2-1ubuntu3.1_amd64.deb ...
     [exec] Unpacking libicu74:amd64 (74.2-1ubuntu3.1) ...
     [exec] Selecting previously unselected package libpam-systemd:amd64.
     [exec] Preparing to unpack .../23-libpam-systemd_255.4-1ubuntu8.4_amd64.deb ...
     [exec] Unpacking libpam-systemd:amd64 (255.4-1ubuntu8.4) ...
     [exec] Selecting previously unselected package libxml2:amd64.
     [exec] Preparing to unpack .../24-libxml2_2.9.14+dfsg-1.3ubuntu3_amd64.deb ...
     [exec] Unpacking libxml2:amd64 (2.9.14+dfsg-1.3ubuntu3) ...
     [exec] Selecting previously unselected package libyaml-0-2:amd64.
     [exec] Preparing to unpack .../25-libyaml-0-2_0.2.5-1build1_amd64.deb ...
     [exec] Unpacking libyaml-0-2:amd64 (0.2.5-1build1) ...
     [exec] Selecting previously unselected package lsb-release.
     [exec] Preparing to unpack .../26-lsb-release_12.0-2_all.deb ...
     [exec] Unpacking lsb-release (12.0-2) ...
     [exec] Selecting previously unselected package python-apt-common.
     [exec] Preparing to unpack .../27-python-apt-common_2.7.7ubuntu3_all.deb ...
     [exec] Unpacking python-apt-common (2.7.7ubuntu3) ...
     [exec] Selecting previously unselected package python3-apt.
     [exec] Preparing to unpack .../28-python3-apt_2.7.7ubuntu3_amd64.deb ...
     [exec] Unpacking python3-apt (2.7.7ubuntu3) ...
     [exec] Selecting previously unselected package python3-cffi-backend:amd64.
     [exec] Preparing to unpack .../29-python3-cffi-backend_1.16.0-2build1_amd64.deb ...
     [exec] Unpacking python3-cffi-backend:amd64 (1.16.0-2build1) ...
     [exec] Selecting previously unselected package python3-dbus.
     [exec] Preparing to unpack .../30-python3-dbus_1.3.2-5build3_amd64.deb ...
     [exec] Unpacking python3-dbus (1.3.2-5build3) ...
     [exec] Selecting previously unselected package python3-gi.
     [exec] Preparing to unpack .../31-python3-gi_3.48.2-1_amd64.deb ...
     [exec] Unpacking python3-gi (3.48.2-1) ...
     [exec] Selecting previously unselected package python3-pkg-resources.
     [exec] Preparing to unpack .../32-python3-pkg-resources_68.1.2-2ubuntu1.1_all.deb ...
     [exec] Unpacking python3-pkg-resources (68.1.2-2ubuntu1.1) ...
     [exec] Selecting previously unselected package libnghttp2-14:amd64.
     [exec] Preparing to unpack .../33-libnghttp2-14_1.59.0-1ubuntu0.1_amd64.deb ...
     [exec] Unpacking libnghttp2-14:amd64 (1.59.0-1ubuntu0.1) ...
     [exec] Selecting previously unselected package libpackagekit-glib2-18:amd64.
     [exec] Preparing to unpack .../34-libpackagekit-glib2-18_1.2.8-2ubuntu1_amd64.deb ...
     [exec] Unpacking libpackagekit-glib2-18:amd64 (1.2.8-2ubuntu1) ...
     [exec] Selecting previously unselected package gir1.2-packagekitglib-1.0.
     [exec] Preparing to unpack .../35-gir1.2-packagekitglib-1.0_1.2.8-2ubuntu1_amd64.deb ...
     [exec] Unpacking gir1.2-packagekitglib-1.0 (1.2.8-2ubuntu1) ...
     [exec] Selecting previously unselected package librtmp1:amd64.
     [exec] Preparing to unpack .../36-librtmp1_2.4+20151223.gitfa8646d.1-2build7_amd64.deb ...
     [exec] Unpacking librtmp1:amd64 (2.4+20151223.gitfa8646d.1-2build7) ...
     [exec] Selecting previously unselected package libssh-4:amd64.
     [exec] Preparing to unpack .../37-libssh-4_0.10.6-2build2_amd64.deb ...
     [exec] Unpacking libssh-4:amd64 (0.10.6-2build2) ...
     [exec] Selecting previously unselected package libcurl3t64-gnutls:amd64.
     [exec] Preparing to unpack .../38-libcurl3t64-gnutls_8.5.0-2ubuntu10.5_amd64.deb ...
     [exec] Unpacking libcurl3t64-gnutls:amd64 (8.5.0-2ubuntu10.5) ...
     [exec] Selecting previously unselected package libstemmer0d:amd64.
     [exec] Preparing to unpack .../39-libstemmer0d_2.2.0-4build1_amd64.deb ...
     [exec] Unpacking libstemmer0d:amd64 (2.2.0-4build1) ...
     [exec] Selecting previously unselected package libxmlb2:amd64.
     [exec] Preparing to unpack .../40-libxmlb2_0.3.18-1_amd64.deb ...
     [exec] Unpacking libxmlb2:amd64 (0.3.18-1) ...
     [exec] Selecting previously unselected package libappstream5:amd64.
     [exec] Preparing to unpack .../41-libappstream5_1.0.2-1build6_amd64.deb ...
     [exec] Unpacking libappstream5:amd64 (1.0.2-1build6) ...
     [exec] Selecting previously unselected package libduktape207:amd64.
     [exec] Preparing to unpack .../42-libduktape207_2.7.0+tests-0ubuntu3_amd64.deb ...
     [exec] Unpacking libduktape207:amd64 (2.7.0+tests-0ubuntu3) ...
     [exec] Selecting previously unselected package libdw1t64:amd64.
     [exec] Preparing to unpack .../43-libdw1t64_0.190-1.1build4_amd64.deb ...
     [exec] Unpacking libdw1t64:amd64 (0.190-1.1build4) ...
     [exec] Selecting previously unselected package libglib2.0-bin.
     [exec] Preparing to unpack .../44-libglib2.0-bin_2.80.0-6ubuntu3.2_amd64.deb ...
     [exec] Unpacking libglib2.0-bin (2.80.0-6ubuntu3.2) ...
     [exec] Selecting previously unselected package libunwind8:amd64.
     [exec] Preparing to unpack .../45-libunwind8_1.6.2-3build1_amd64.deb ...
     [exec] Unpacking libunwind8:amd64 (1.6.2-3build1) ...
     [exec] Selecting previously unselected package libgstreamer1.0-0:amd64.
     [exec] Preparing to unpack .../46-libgstreamer1.0-0_1.24.2-1_amd64.deb ...
     [exec] Unpacking libgstreamer1.0-0:amd64 (1.24.2-1) ...
     [exec] Selecting previously unselected package libpolkit-gobject-1-0:amd64.
     [exec] Preparing to unpack .../47-libpolkit-gobject-1-0_124-2ubuntu1_amd64.deb ...
     [exec] Unpacking libpolkit-gobject-1-0:amd64 (124-2ubuntu1) ...
     [exec] Selecting previously unselected package libpolkit-agent-1-0:amd64.
     [exec] Preparing to unpack .../48-libpolkit-agent-1-0_124-2ubuntu1_amd64.deb ...
     [exec] Unpacking libpolkit-agent-1-0:amd64 (124-2ubuntu1) ...
     [exec] Selecting previously unselected package xml-core.
     [exec] Preparing to unpack .../49-xml-core_0.19_all.deb ...
     [exec] Unpacking xml-core (0.19) ...
     [exec] Selecting previously unselected package polkitd.
     [exec] Preparing to unpack .../50-polkitd_124-2ubuntu1_amd64.deb ...
     [exec] Unpacking polkitd (124-2ubuntu1) ...
     [exec] Selecting previously unselected package python3-blinker.
     [exec] Preparing to unpack .../51-python3-blinker_1.7.0-1_all.deb ...
     [exec] Unpacking python3-blinker (1.7.0-1) ...
     [exec] Selecting previously unselected package python3-cryptography.
     [exec] Preparing to unpack .../52-python3-cryptography_41.0.7-4ubuntu0.1_amd64.deb ...
     [exec] Unpacking python3-cryptography (41.0.7-4ubuntu0.1) ...
     [exec] Selecting previously unselected package python3-pyparsing.
     [exec] Preparing to unpack .../53-python3-pyparsing_3.1.1-1_all.deb ...
     [exec] Unpacking python3-pyparsing (3.1.1-1) ...
     [exec] Selecting previously unselected package python3-httplib2.
     [exec] Preparing to unpack .../54-python3-httplib2_0.20.4-3_all.deb ...
     [exec] Unpacking python3-httplib2 (0.20.4-3) ...
     [exec] Selecting previously unselected package python3-jwt.
     [exec] Preparing to unpack .../55-python3-jwt_2.7.0-1_all.deb ...
     [exec] Unpacking python3-jwt (2.7.0-1) ...
     [exec] Selecting previously unselected package python3-lazr.uri.
     [exec] Preparing to unpack .../56-python3-lazr.uri_1.0.6-3_all.deb ...
     [exec] Unpacking python3-lazr.uri (1.0.6-3) ...
     [exec] Selecting previously unselected package python3-wadllib.
     [exec] Preparing to unpack .../57-python3-wadllib_1.3.6-5_all.deb ...
     [exec] Unpacking python3-wadllib (1.3.6-5) ...
     [exec] Selecting previously unselected package python3-distro.
     [exec] Preparing to unpack .../58-python3-distro_1.9.0-1_all.deb ...
     [exec] Unpacking python3-distro (1.9.0-1) ...
     [exec] Selecting previously unselected package python3-oauthlib.
     [exec] Preparing to unpack .../59-python3-oauthlib_3.2.2-1_all.deb ...
     [exec] Unpacking python3-oauthlib (3.2.2-1) ...
     [exec] Selecting previously unselected package python3-lazr.restfulclient.
     [exec] Preparing to unpack .../60-python3-lazr.restfulclient_0.14.6-1_all.deb ...
     [exec] Unpacking python3-lazr.restfulclient (0.14.6-1) ...
     [exec] Selecting previously unselected package python3-six.
     [exec] Preparing to unpack .../61-python3-six_1.16.0-4_all.deb ...
     [exec] Unpacking python3-six (1.16.0-4) ...
     [exec] Selecting previously unselected package python3-launchpadlib.
     [exec] Preparing to unpack .../62-python3-launchpadlib_1.11.0-6_all.deb ...
     [exec] Unpacking python3-launchpadlib (1.11.0-6) ...
     [exec] Selecting previously unselected package python3-software-properties.
     [exec] Preparing to unpack .../63-python3-software-properties_0.99.49.1_all.deb ...
     [exec] Unpacking python3-software-properties (0.99.49.1) ...
     [exec] Selecting previously unselected package packagekit.
     [exec] Preparing to unpack .../64-packagekit_1.2.8-2ubuntu1_amd64.deb ...
     [exec] Unpacking packagekit (1.2.8-2ubuntu1) ...
     [exec] Selecting previously unselected package software-properties-common.
     [exec] Preparing to unpack .../65-software-properties-common_0.99.49.1_all.deb ...
     [exec] Unpacking software-properties-common (0.99.49.1) ...
     [exec] Setting up media-types (10.1.0) ...
     [exec] Setting up systemd-sysv (255.4-1ubuntu8.4) ...
     [exec] Setting up libkeyutils1:amd64 (1.6.3-3build1) ...
     [exec] Setting up libyaml-0-2:amd64 (0.2.5-1build1) ...
     [exec] Setting up distro-info-data (0.60ubuntu0.2) ...
     [exec] Setting up libnghttp2-14:amd64 (1.59.0-1ubuntu0.1) ...
     [exec] Setting up libunwind8:amd64 (1.6.2-3build1) ...
     [exec] Setting up libelf1t64:amd64 (0.190-1.1build4) ...
     [exec] Setting up libkrb5support0:amd64 (1.20.1-6ubuntu2.2) ...
     [exec] Setting up libdw1t64:amd64 (0.190-1.1build4) ...
     [exec] Setting up libcap2-bin (1:2.66-5ubuntu2) ...
     [exec] Setting up libglib2.0-0t64:amd64 (2.80.0-6ubuntu3.2) ...
     [exec] No schema files found: doing nothing.
     [exec] Setting up libglib2.0-data (2.80.0-6ubuntu3.2) ...
     [exec] Setting up librtmp1:amd64 (2.4+20151223.gitfa8646d.1-2build7) ...
     [exec] Setting up libdbus-1-3:amd64 (1.14.10-4ubuntu4.1) ...
     [exec] Setting up gir1.2-glib-2.0:amd64 (2.80.0-6ubuntu3.2) ...
     [exec] Setting up libk5crypto3:amd64 (1.20.1-6ubuntu2.2) ...
     [exec] Setting up libicu74:amd64 (74.2-1ubuntu3.1) ...
     [exec] Setting up python-apt-common (2.7.7ubuntu3) ...
     [exec] Setting up libduktape207:amd64 (2.7.0+tests-0ubuntu3) ...
     [exec] Setting up dbus-session-bus-common (1.14.10-4ubuntu4.1) ...
     [exec] Setting up libgirepository-1.0-1:amd64 (1.80.1-1) ...
     [exec] Setting up netbase (6.4) ...
     [exec] Setting up sgml-base (1.31) ...
     [exec] Setting up libkrb5-3:amd64 (1.20.1-6ubuntu2.2) ...
     [exec] Setting up libstemmer0d:amd64 (2.2.0-4build1) ...
     [exec] Setting up lsb-release (12.0-2) ...
     [exec] Setting up dbus-system-bus-common (1.14.10-4ubuntu4.1) ...
     [exec] Setting up libxml2:amd64 (2.9.14+dfsg-1.3ubuntu3) ...
     [exec] Setting up iso-codes (4.16.0-1) ...
     [exec] Setting up dbus-bin (1.14.10-4ubuntu4.1) ...
     [exec] Setting up libpolkit-gobject-1-0:amd64 (124-2ubuntu1) ...
     [exec] Setting up libgstreamer1.0-0:amd64 (1.24.2-1) ...
     [exec] Setcap worked! gst-ptp-helper is not suid!
     [exec] Setting up libpython3.12-stdlib:amd64 (3.12.3-1ubuntu0.3) ...
     [exec] Setting up libxmlb2:amd64 (0.3.18-1) ...
     [exec] Setting up python3.12 (3.12.3-1ubuntu0.3) ...
     [exec] Setting up libglib2.0-bin (2.80.0-6ubuntu3.2) ...
     [exec] Setting up libpackagekit-glib2-18:amd64 (1.2.8-2ubuntu1) ...
     [exec] Setting up dbus-daemon (1.14.10-4ubuntu4.1) ...
     [exec] Setting up gir1.2-packagekitglib-1.0 (1.2.8-2ubuntu1) ...
     [exec] Setting up gir1.2-girepository-2.0:amd64 (1.80.1-1) ...
     [exec] Setting up dbus (1.14.10-4ubuntu4.1) ...
     [exec] Setting up libgssapi-krb5-2:amd64 (1.20.1-6ubuntu2.2) ...
     [exec] Setting up libssh-4:amd64 (0.10.6-2build2) ...
     [exec] Setting up xml-core (0.19) ...
     [exec] Setting up libpam-systemd:amd64 (255.4-1ubuntu8.4) ...
     [exec] debconf: unable to initialize frontend: Dialog
     [exec] debconf: (TERM is not set, so the dialog frontend is not usable.)
     [exec] debconf: falling back to frontend: Readline
     [exec] debconf: unable to initialize frontend: Readline
     [exec] debconf: (Can't locate Term/ReadLine.pm in @INC (you may need to install the Term::ReadLine module) (@INC entries checked: /etc/perl /usr/local/lib/x86_64-linux-gnu/perl/5.38.2 /usr/local/share/perl/5.38.2 /usr/lib/x86_64-linux-gnu/perl5/5.38 /usr/share/perl5 /usr/lib/x86_64-linux-gnu/perl-base /usr/lib/x86_64-linux-gnu/perl/5.38 /usr/share/perl/5.38 /usr/local/lib/site_perl) at /usr/share/perl5/Debconf/FrontEnd/Readline.pm line 8.)
     [exec] debconf: falling back to frontend: Teletype
     [exec] Setting up libpolkit-agent-1-0:amd64 (124-2ubuntu1) ...
     [exec] Setting up libpython3-stdlib:amd64 (3.12.3-0ubuntu2) ...
     [exec] Setting up libcurl3t64-gnutls:amd64 (8.5.0-2ubuntu10.5) ...
     [exec] Setting up libappstream5:amd64 (1.0.2-1build6) ...
     [exec] Setting up python3 (3.12.3-0ubuntu2) ...
     [exec] running python rtupdate hooks for python3.12...
     [exec] running python post-rtupdate hooks for python3.12...
     [exec] Setting up python3-six (1.16.0-4) ...
     [exec] Setting up python3-pyparsing (3.1.1-1) ...
     [exec] Setting up python3-gi (3.48.2-1) ...
     [exec] Setting up python3-httplib2 (0.20.4-3) ...
     [exec] Setting up python3-cffi-backend:amd64 (1.16.0-2build1) ...
     [exec] Setting up python3-blinker (1.7.0-1) ...
     [exec] Setting up python3-pkg-resources (68.1.2-2ubuntu1.1) ...
     [exec] Setting up python3-dbus (1.3.2-5build3) ...
     [exec] Setting up python3-distro (1.9.0-1) ...
     [exec] Setting up python3-jwt (2.7.0-1) ...
     [exec] Setting up python3-apt (2.7.7ubuntu3) ...
     [exec] Setting up python3-lazr.uri (1.0.6-3) ...
     [exec] Setting up python3-cryptography (41.0.7-4ubuntu0.1) ...
     [exec] Setting up python3-wadllib (1.3.6-5) ...
     [exec] Setting up python3-oauthlib (3.2.2-1) ...
     [exec] Setting up python3-lazr.restfulclient (0.14.6-1) ...
     [exec] Setting up python3-launchpadlib (1.11.0-6) ...
     [exec] Created symlink /etc/systemd/user/timers.target.wants/launchpadlib-cache-clean.timer → /usr/lib/systemd/user/launchpadlib-cache-clean.timer.
     [exec] Setting up python3-software-properties (0.99.49.1) ...
     [exec] Processing triggers for libc-bin (2.39-0ubuntu8.3) ...
     [exec] Processing triggers for sgml-base (1.31) ...
     [exec] Setting up polkitd (124-2ubuntu1) ...
     [exec] Creating group 'polkitd' with GID 997.
     [exec] Creating user 'polkitd' (User for polkitd) with UID 997 and GID 997.
     [exec] invoke-rc.d: could not determine current runlevel
     [exec] invoke-rc.d: policy-rc.d denied execution of reload.
     [exec] start-stop-daemon: unable to stat /usr/libexec/polkitd (No such file or directory)
     [exec] Setting up packagekit (1.2.8-2ubuntu1) ...
     [exec] invoke-rc.d: could not determine current runlevel
     [exec] invoke-rc.d: policy-rc.d denied execution of force-reload.
     [exec] Failed to open connection to "system" message bus: Failed to connect to socket /run/dbus/system_bus_socket: No such file or directory
     [exec] Created symlink /etc/systemd/user/sockets.target.wants/pk-debconf-helper.socket → /usr/lib/systemd/user/pk-debconf-helper.socket.
     [exec] Setting up software-properties-common (0.99.49.1) ...
     [exec] Processing triggers for dbus (1.14.10-4ubuntu4.1) ...
     [exec] Hit:1 http://security.ubuntu.com/ubuntu noble-security InRelease
     [exec] Hit:2 http://archive.ubuntu.com/ubuntu noble InRelease
     [exec] Get:3 https://ppa.launchpadcontent.net/ubuntu-toolchain-r/test/ubuntu noble InRelease [24.4 kB]
     [exec] Hit:4 http://archive.ubuntu.com/ubuntu noble-updates InRelease
     [exec] Hit:5 http://archive.ubuntu.com/ubuntu noble-backports InRelease
     [exec] Fetched 24.4 kB in 0s (58.7 kB/s)
     [exec] Reading package lists...
     [exec] PPA publishes dbgsym, you may need to include 'main/debug' component
     [exec] Repository: 'Types: deb
     [exec] URIs: https://ppa.launchpadcontent.net/ubuntu-toolchain-r/test/ubuntu/
     [exec] Suites: noble
     [exec] Components: main
     [exec] '
     [exec] Description:
     [exec] Toolchain test builds; see https://wiki.ubuntu.com/ToolChain
     [exec] 
     [exec] More info: https://launchpad.net/~ubuntu-toolchain-r/+archive/ubuntu/test
     [exec] Adding repository.
     [exec] Hit:1 http://archive.ubuntu.com/ubuntu noble InRelease
     [exec] Hit:2 http://security.ubuntu.com/ubuntu noble-security InRelease
     [exec] Hit:3 http://archive.ubuntu.com/ubuntu noble-updates InRelease
     [exec] Hit:4 http://archive.ubuntu.com/ubuntu noble-backports InRelease
     [exec] Hit:5 https://ppa.launchpadcontent.net/ubuntu-toolchain-r/test/ubuntu noble InRelease
     [exec] Reading package lists...
     [exec] Reading package lists...
     [exec] Building dependency tree...
     [exec] Reading state information...
     [exec] wget is already the newest version (1.21.4-1ubuntu4.1).
     [exec] tar is already the newest version (1.35+dfsg-3build1).
     [exec] The following additional packages will be installed:
     [exec]   ca-certificates-java default-jre-headless git-man java-common
     [exec]   libaopalliance-java libapache-pom-java libatinject-jsr330-api-java
     [exec]   libcdi-api-java libcommons-cli-java libcommons-io-java libcommons-lang3-java
     [exec]   libcommons-parent-java liberror-perl liberror-prone-java libgdbm-compat4t64
     [exec]   libgdbm6t64 libgeronimo-annotation-1.3-spec-java
     [exec]   libgeronimo-interceptor-3.0-spec-java libguava-java libguice-java
     [exec]   libjansi-java libjpeg-turbo8 libjpeg8 libjsr305-java liblcms2-2
     [exec]   libmaven-parent-java libmaven-resolver-java libmaven-shared-utils-java
     [exec]   libmaven3-core-java libnspr4 libnss3 libpcsclite1 libperl5.38t64
     [exec]   libplexus-cipher-java libplexus-classworlds-java
     [exec]   libplexus-component-annotations-java libplexus-interpolation-java
     [exec]   libplexus-sec-dispatcher-java libplexus-utils2-java libsisu-inject-java
     [exec]   libsisu-plexus-java libslf4j-java libwagon-file-java
     [exec]   libwagon-http-shaded-java libwagon-provider-api-java openjdk-21-jre-headless
     [exec]   perl perl-modules-5.38
     [exec] Suggested packages:
     [exec]   default-jre gettext-base git-daemon-run | git-daemon-sysvinit git-doc
     [exec]   git-email git-gui gitk gitweb git-cvs git-mediawiki git-svn
     [exec]   libatinject-jsr330-api-java-doc libel-api-java libcommons-io-java-doc
     [exec]   gdbm-l10n libasm-java libcglib-java libjsr305-java-doc liblcms2-utils
     [exec]   libmaven-shared-utils-java-doc liblogback-java pcscd
     [exec]   libplexus-utils2-java-doc junit4 testng libcommons-logging-java
     [exec]   liblog4j1.2-java libnss-mdns fonts-dejavu-extra fonts-ipafont-gothic
     [exec]   fonts-ipafont-mincho fonts-wqy-microhei | fonts-wqy-zenhei fonts-indic
     [exec]   perl-doc libterm-readline-gnu-perl | libterm-readline-perl-perl make
     [exec]   libtap-harness-archive-perl
     [exec] Recommended packages:
     [exec]   patch less ssh-client libcups2t64 libharfbuzz0b libasound2t64
     [exec] The following NEW packages will be installed:
     [exec]   ca-certificates-java default-jre-headless git git-man java-common
     [exec]   libaopalliance-java libapache-pom-java libatinject-jsr330-api-java
     [exec]   libcdi-api-java libcommons-cli-java libcommons-io-java libcommons-lang3-java
     [exec]   libcommons-parent-java liberror-perl liberror-prone-java libgdbm-compat4t64
     [exec]   libgdbm6t64 libgeronimo-annotation-1.3-spec-java
     [exec]   libgeronimo-interceptor-3.0-spec-java libguava-java libguice-java
     [exec]   libjansi-java libjpeg-turbo8 libjpeg8 libjsr305-java liblcms2-2
     [exec]   libmaven-parent-java libmaven-resolver-java libmaven-shared-utils-java
     [exec]   libmaven3-core-java libnspr4 libnss3 libpcsclite1 libperl5.38t64
     [exec]   libplexus-cipher-java libplexus-classworlds-java
     [exec]   libplexus-component-annotations-java libplexus-interpolation-java
     [exec]   libplexus-sec-dispatcher-java libplexus-utils2-java libsisu-inject-java
     [exec]   libsisu-plexus-java libslf4j-java libwagon-file-java
     [exec]   libwagon-http-shaded-java libwagon-provider-api-java maven
     [exec]   openjdk-21-jre-headless perl perl-modules-5.38
     [exec] 0 upgraded, 50 newly installed, 0 to remove and 1 not upgraded.
     [exec] Need to get 71.4 MB of archives.
     [exec] After this operation, 296 MB of additional disk space will be used.
     [exec] Get:1 http://archive.ubuntu.com/ubuntu noble/main amd64 perl-modules-5.38 all 5.38.2-3.2build2 [3,110 kB]
     [exec] Get:2 http://archive.ubuntu.com/ubuntu noble/main amd64 libgdbm6t64 amd64 1.23-5.1build1 [34.4 kB]
     [exec] Get:3 http://archive.ubuntu.com/ubuntu noble/main amd64 libgdbm-compat4t64 amd64 1.23-5.1build1 [6,710 B]
     [exec] Get:4 http://archive.ubuntu.com/ubuntu noble/main amd64 libperl5.38t64 amd64 5.38.2-3.2build2 [4,873 kB]
     [exec] Get:5 http://archive.ubuntu.com/ubuntu noble/main amd64 perl amd64 5.38.2-3.2build2 [231 kB]
     [exec] Get:6 http://archive.ubuntu.com/ubuntu noble/main amd64 ca-certificates-java all 20240118 [11.6 kB]
     [exec] Get:7 http://archive.ubuntu.com/ubuntu noble/main amd64 java-common all 0.75+exp1 [6,798 B]
     [exec] Get:8 http://archive.ubuntu.com/ubuntu noble/main amd64 liblcms2-2 amd64 2.14-2build1 [161 kB]
     [exec] Get:9 http://archive.ubuntu.com/ubuntu noble/main amd64 libjpeg-turbo8 amd64 2.1.5-2ubuntu2 [150 kB]
     [exec] Get:10 http://archive.ubuntu.com/ubuntu noble/main amd64 libjpeg8 amd64 8c-2ubuntu11 [2,148 B]
     [exec] Get:11 http://archive.ubuntu.com/ubuntu noble/main amd64 libnspr4 amd64 2:4.35-1.1build1 [117 kB]
     [exec] Get:12 http://archive.ubuntu.com/ubuntu noble/main amd64 libnss3 amd64 2:3.98-1build1 [1,445 kB]
     [exec] Get:13 http://archive.ubuntu.com/ubuntu noble/main amd64 libpcsclite1 amd64 2.0.3-1build1 [21.4 kB]
     [exec] Get:14 http://archive.ubuntu.com/ubuntu noble-updates/main amd64 openjdk-21-jre-headless amd64 21.0.5+11-1ubuntu1~24.04 [46.4 MB]
     [exec] Get:15 http://archive.ubuntu.com/ubuntu noble/main amd64 default-jre-headless amd64 2:1.21-75+exp1 [3,094 B]
     [exec] Get:16 http://archive.ubuntu.com/ubuntu noble/main amd64 liberror-perl all 0.17029-2 [25.6 kB]
     [exec] Get:17 http://archive.ubuntu.com/ubuntu noble-updates/main amd64 git-man all 1:2.43.0-1ubuntu7.1 [1,100 kB]
     [exec] Get:18 http://archive.ubuntu.com/ubuntu noble-updates/main amd64 git amd64 1:2.43.0-1ubuntu7.1 [3,679 kB]
     [exec] Get:19 http://archive.ubuntu.com/ubuntu noble/universe amd64 libapache-pom-java all 29-2 [5,284 B]
     [exec] Get:20 http://archive.ubuntu.com/ubuntu noble/universe amd64 libatinject-jsr330-api-java all 1.0+ds1-5 [5,348 B]
     [exec] Get:21 http://archive.ubuntu.com/ubuntu noble/universe amd64 libgeronimo-interceptor-3.0-spec-java all 1.0.1-4fakesync [8,616 B]
     [exec] Get:22 http://archive.ubuntu.com/ubuntu noble/universe amd64 libcdi-api-java all 1.2-3 [54.3 kB]
     [exec] Get:23 http://archive.ubuntu.com/ubuntu noble/universe amd64 libcommons-cli-java all 1.6.0-1 [59.9 kB]
     [exec] Get:24 http://archive.ubuntu.com/ubuntu noble/universe amd64 libcommons-parent-java all 56-1 [10.7 kB]
     [exec] Get:25 http://archive.ubuntu.com/ubuntu noble/universe amd64 libcommons-io-java all 2.11.0-2 [297 kB]
     [exec] Get:26 http://archive.ubuntu.com/ubuntu noble/universe amd64 libcommons-lang3-java all 3.14.0-1 [586 kB]
     [exec] Get:27 http://archive.ubuntu.com/ubuntu noble/universe amd64 libjsr305-java all 0.1~+svn49-11 [27.0 kB]
     [exec] Get:28 http://archive.ubuntu.com/ubuntu noble/universe amd64 libguava-java all 32.0.1-1 [2,692 kB]
     [exec] Get:29 http://archive.ubuntu.com/ubuntu noble/universe amd64 liberror-prone-java all 2.18.0-1 [22.5 kB]
     [exec] Get:30 http://archive.ubuntu.com/ubuntu noble/universe amd64 libgeronimo-annotation-1.3-spec-java all 1.3-1 [11.2 kB]
     [exec] Get:31 http://archive.ubuntu.com/ubuntu noble/universe amd64 libaopalliance-java all 20070526-7 [8,166 B]
     [exec] Get:32 http://archive.ubuntu.com/ubuntu noble/universe amd64 libguice-java all 4.2.3-2 [1,434 kB]
     [exec] Get:33 http://archive.ubuntu.com/ubuntu noble/universe amd64 libjansi-java all 2.4.1-2 [83.0 kB]
     [exec] Get:34 http://archive.ubuntu.com/ubuntu noble/universe amd64 libmaven-parent-java all 35-1 [5,810 B]
     [exec] Get:35 http://archive.ubuntu.com/ubuntu noble/universe amd64 libplexus-utils2-java all 3.4.2-1 [256 kB]
     [exec] Get:36 http://archive.ubuntu.com/ubuntu noble/universe amd64 libwagon-provider-api-java all 3.5.3-1 [47.9 kB]
     [exec] Get:37 http://archive.ubuntu.com/ubuntu noble/universe amd64 libmaven-resolver-java all 1.6.3-1 [544 kB]
     [exec] Get:38 http://archive.ubuntu.com/ubuntu noble/universe amd64 libmaven-shared-utils-java all 3.3.4-1 [137 kB]
     [exec] Get:39 http://archive.ubuntu.com/ubuntu noble/universe amd64 libplexus-cipher-java all 2.0-1 [14.7 kB]
     [exec] Get:40 http://archive.ubuntu.com/ubuntu noble/universe amd64 libplexus-classworlds-java all 2.7.0-1 [50.0 kB]
     [exec] Get:41 http://archive.ubuntu.com/ubuntu noble/universe amd64 libplexus-component-annotations-java all 2.1.1-1 [6,550 B]
     [exec] Get:42 http://archive.ubuntu.com/ubuntu noble/universe amd64 libplexus-interpolation-java all 1.26-1 [76.8 kB]
     [exec] Get:43 http://archive.ubuntu.com/ubuntu noble/universe amd64 libplexus-sec-dispatcher-java all 2.0-3 [28.1 kB]
     [exec] Get:44 http://archive.ubuntu.com/ubuntu noble/universe amd64 libslf4j-java all 1.7.32-1 [141 kB]
     [exec] Get:45 http://archive.ubuntu.com/ubuntu noble/universe amd64 libsisu-inject-java all 0.3.4-2 [347 kB]
     [exec] Get:46 http://archive.ubuntu.com/ubuntu noble/universe amd64 libsisu-plexus-java all 0.3.4-3 [181 kB]
     [exec] Get:47 http://archive.ubuntu.com/ubuntu noble/universe amd64 libmaven3-core-java all 3.8.7-2 [1,565 kB]
     [exec] Get:48 http://archive.ubuntu.com/ubuntu noble/universe amd64 libwagon-file-java all 3.5.3-1 [7,918 B]
     [exec] Get:49 http://archive.ubuntu.com/ubuntu noble/universe amd64 libwagon-http-shaded-java all 3.5.3-1 [1,332 kB]
     [exec] Get:50 http://archive.ubuntu.com/ubuntu noble/universe amd64 maven all 3.8.7-2 [18.3 kB]
     [exec] debconf: delaying package configuration, since apt-utils is not installed
     [exec] Fetched 71.4 MB in 3s (24.5 MB/s)
     [exec] Selecting previously unselected package perl-modules-5.38.
     [exec] (Reading database ... 
     [exec] (Reading database ... 5%(Reading database ... 10%(Reading database ... 15%(Reading database ... 20%(Reading database ... 25%(Reading database ... 30%(Reading database ... 35%(Reading database ... 40%(Reading database ... 45%(Reading database ... 50%(Reading database ... 55%(Reading database ... 60%(Reading database ... 65%(Reading database ... 70%(Reading database ... 75%(Reading database ... 80%(Reading database ... 85%(Reading database ... 90%(Reading database ... 95%(Reading database ... 100%(Reading database ... 11239 files and directories currently installed.)Preparing to unpack .../00-perl-modules-5.38_5.38.2-3.2build2_all.deb ...
     [exec] Unpacking perl-modules-5.38 (5.38.2-3.2build2) ...
     [exec] Selecting previously unselected package libgdbm6t64:amd64.
     [exec] Preparing to unpack .../01-libgdbm6t64_1.23-5.1build1_amd64.deb ...
     [exec] Unpacking libgdbm6t64:amd64 (1.23-5.1build1) ...
     [exec] Selecting previously unselected package libgdbm-compat4t64:amd64.
     [exec] Preparing to unpack .../02-libgdbm-compat4t64_1.23-5.1build1_amd64.deb ...
     [exec] Unpacking libgdbm-compat4t64:amd64 (1.23-5.1build1) ...
     [exec] Selecting previously unselected package libperl5.38t64:amd64.
     [exec] Preparing to unpack .../03-libperl5.38t64_5.38.2-3.2build2_amd64.deb ...
     [exec] Unpacking libperl5.38t64:amd64 (5.38.2-3.2build2) ...
     [exec] Selecting previously unselected package perl.
     [exec] Preparing to unpack .../04-perl_5.38.2-3.2build2_amd64.deb ...
     [exec] Unpacking perl (5.38.2-3.2build2) ...
     [exec] Selecting previously unselected package ca-certificates-java.
     [exec] Preparing to unpack .../05-ca-certificates-java_20240118_all.deb ...
     [exec] Unpacking ca-certificates-java (20240118) ...
     [exec] Selecting previously unselected package java-common.
     [exec] Preparing to unpack .../06-java-common_0.75+exp1_all.deb ...
     [exec] Unpacking java-common (0.75+exp1) ...
     [exec] Selecting previously unselected package liblcms2-2:amd64.
     [exec] Preparing to unpack .../07-liblcms2-2_2.14-2build1_amd64.deb ...
     [exec] Unpacking liblcms2-2:amd64 (2.14-2build1) ...
     [exec] Selecting previously unselected package libjpeg-turbo8:amd64.
     [exec] Preparing to unpack .../08-libjpeg-turbo8_2.1.5-2ubuntu2_amd64.deb ...
     [exec] Unpacking libjpeg-turbo8:amd64 (2.1.5-2ubuntu2) ...
     [exec] Selecting previously unselected package libjpeg8:amd64.
     [exec] Preparing to unpack .../09-libjpeg8_8c-2ubuntu11_amd64.deb ...
     [exec] Unpacking libjpeg8:amd64 (8c-2ubuntu11) ...
     [exec] Selecting previously unselected package libnspr4:amd64.
     [exec] Preparing to unpack .../10-libnspr4_2%3a4.35-1.1build1_amd64.deb ...
     [exec] Unpacking libnspr4:amd64 (2:4.35-1.1build1) ...
     [exec] Selecting previously unselected package libnss3:amd64.
     [exec] Preparing to unpack .../11-libnss3_2%3a3.98-1build1_amd64.deb ...
     [exec] Unpacking libnss3:amd64 (2:3.98-1build1) ...
     [exec] Selecting previously unselected package libpcsclite1:amd64.
     [exec] Preparing to unpack .../12-libpcsclite1_2.0.3-1build1_amd64.deb ...
     [exec] Unpacking libpcsclite1:amd64 (2.0.3-1build1) ...
     [exec] Selecting previously unselected package openjdk-21-jre-headless:amd64.
     [exec] Preparing to unpack .../13-openjdk-21-jre-headless_21.0.5+11-1ubuntu1~24.04_amd64.deb ...
     [exec] Unpacking openjdk-21-jre-headless:amd64 (21.0.5+11-1ubuntu1~24.04) ...
     [exec] Selecting previously unselected package default-jre-headless.
     [exec] Preparing to unpack .../14-default-jre-headless_2%3a1.21-75+exp1_amd64.deb ...
     [exec] Unpacking default-jre-headless (2:1.21-75+exp1) ...
     [exec] Selecting previously unselected package liberror-perl.
     [exec] Preparing to unpack .../15-liberror-perl_0.17029-2_all.deb ...
     [exec] Unpacking liberror-perl (0.17029-2) ...
     [exec] Selecting previously unselected package git-man.
     [exec] Preparing to unpack .../16-git-man_1%3a2.43.0-1ubuntu7.1_all.deb ...
     [exec] Unpacking git-man (1:2.43.0-1ubuntu7.1) ...
     [exec] Selecting previously unselected package git.
     [exec] Preparing to unpack .../17-git_1%3a2.43.0-1ubuntu7.1_amd64.deb ...
     [exec] Unpacking git (1:2.43.0-1ubuntu7.1) ...
     [exec] Selecting previously unselected package libapache-pom-java.
     [exec] Preparing to unpack .../18-libapache-pom-java_29-2_all.deb ...
     [exec] Unpacking libapache-pom-java (29-2) ...
     [exec] Selecting previously unselected package libatinject-jsr330-api-java.
     [exec] Preparing to unpack .../19-libatinject-jsr330-api-java_1.0+ds1-5_all.deb ...
     [exec] Unpacking libatinject-jsr330-api-java (1.0+ds1-5) ...
     [exec] Selecting previously unselected package libgeronimo-interceptor-3.0-spec-java.
     [exec] Preparing to unpack .../20-libgeronimo-interceptor-3.0-spec-java_1.0.1-4fakesync_all.deb ...
     [exec] Unpacking libgeronimo-interceptor-3.0-spec-java (1.0.1-4fakesync) ...
     [exec] Selecting previously unselected package libcdi-api-java.
     [exec] Preparing to unpack .../21-libcdi-api-java_1.2-3_all.deb ...
     [exec] Unpacking libcdi-api-java (1.2-3) ...
     [exec] Selecting previously unselected package libcommons-cli-java.
     [exec] Preparing to unpack .../22-libcommons-cli-java_1.6.0-1_all.deb ...
     [exec] Unpacking libcommons-cli-java (1.6.0-1) ...
     [exec] Selecting previously unselected package libcommons-parent-java.
     [exec] Preparing to unpack .../23-libcommons-parent-java_56-1_all.deb ...
     [exec] Unpacking libcommons-parent-java (56-1) ...
     [exec] Selecting previously unselected package libcommons-io-java.
     [exec] Preparing to unpack .../24-libcommons-io-java_2.11.0-2_all.deb ...
     [exec] Unpacking libcommons-io-java (2.11.0-2) ...
     [exec] Selecting previously unselected package libcommons-lang3-java.
     [exec] Preparing to unpack .../25-libcommons-lang3-java_3.14.0-1_all.deb ...
     [exec] Unpacking libcommons-lang3-java (3.14.0-1) ...
     [exec] Selecting previously unselected package libjsr305-java.
     [exec] Preparing to unpack .../26-libjsr305-java_0.1~+svn49-11_all.deb ...
     [exec] Unpacking libjsr305-java (0.1~+svn49-11) ...
     [exec] Selecting previously unselected package libguava-java.
     [exec] Preparing to unpack .../27-libguava-java_32.0.1-1_all.deb ...
     [exec] Unpacking libguava-java (32.0.1-1) ...
     [exec] Selecting previously unselected package liberror-prone-java.
     [exec] Preparing to unpack .../28-liberror-prone-java_2.18.0-1_all.deb ...
     [exec] Unpacking liberror-prone-java (2.18.0-1) ...
     [exec] Selecting previously unselected package libgeronimo-annotation-1.3-spec-java.
     [exec] Preparing to unpack .../29-libgeronimo-annotation-1.3-spec-java_1.3-1_all.deb ...
     [exec] Unpacking libgeronimo-annotation-1.3-spec-java (1.3-1) ...
     [exec] Selecting previously unselected package libaopalliance-java.
     [exec] Preparing to unpack .../30-libaopalliance-java_20070526-7_all.deb ...
     [exec] Unpacking libaopalliance-java (20070526-7) ...
     [exec] Selecting previously unselected package libguice-java.
     [exec] Preparing to unpack .../31-libguice-java_4.2.3-2_all.deb ...
     [exec] Unpacking libguice-java (4.2.3-2) ...
     [exec] Selecting previously unselected package libjansi-java.
     [exec] Preparing to unpack .../32-libjansi-java_2.4.1-2_all.deb ...
     [exec] Unpacking libjansi-java (2.4.1-2) ...
     [exec] Selecting previously unselected package libmaven-parent-java.
     [exec] Preparing to unpack .../33-libmaven-parent-java_35-1_all.deb ...
     [exec] Unpacking libmaven-parent-java (35-1) ...
     [exec] Selecting previously unselected package libplexus-utils2-java.
     [exec] Preparing to unpack .../34-libplexus-utils2-java_3.4.2-1_all.deb ...
     [exec] Unpacking libplexus-utils2-java (3.4.2-1) ...
     [exec] Selecting previously unselected package libwagon-provider-api-java.
     [exec] Preparing to unpack .../35-libwagon-provider-api-java_3.5.3-1_all.deb ...
     [exec] Unpacking libwagon-provider-api-java (3.5.3-1) ...
     [exec] Selecting previously unselected package libmaven-resolver-java.
     [exec] Preparing to unpack .../36-libmaven-resolver-java_1.6.3-1_all.deb ...
     [exec] Unpacking libmaven-resolver-java (1.6.3-1) ...
     [exec] Selecting previously unselected package libmaven-shared-utils-java.
     [exec] Preparing to unpack .../37-libmaven-shared-utils-java_3.3.4-1_all.deb ...
     [exec] Unpacking libmaven-shared-utils-java (3.3.4-1) ...
     [exec] Selecting previously unselected package libplexus-cipher-java.
     [exec] Preparing to unpack .../38-libplexus-cipher-java_2.0-1_all.deb ...
     [exec] Unpacking libplexus-cipher-java (2.0-1) ...
     [exec] Selecting previously unselected package libplexus-classworlds-java.
     [exec] Preparing to unpack .../39-libplexus-classworlds-java_2.7.0-1_all.deb ...
     [exec] Unpacking libplexus-classworlds-java (2.7.0-1) ...
     [exec] Selecting previously unselected package libplexus-component-annotations-java.
     [exec] Preparing to unpack .../40-libplexus-component-annotations-java_2.1.1-1_all.deb ...
     [exec] Unpacking libplexus-component-annotations-java (2.1.1-1) ...
     [exec] Selecting previously unselected package libplexus-interpolation-java.
     [exec] Preparing to unpack .../41-libplexus-interpolation-java_1.26-1_all.deb ...
     [exec] Unpacking libplexus-interpolation-java (1.26-1) ...
     [exec] Selecting previously unselected package libplexus-sec-dispatcher-java.
     [exec] Preparing to unpack .../42-libplexus-sec-dispatcher-java_2.0-3_all.deb ...
     [exec] Unpacking libplexus-sec-dispatcher-java (2.0-3) ...
     [exec] Selecting previously unselected package libslf4j-java.
     [exec] Preparing to unpack .../43-libslf4j-java_1.7.32-1_all.deb ...
     [exec] Unpacking libslf4j-java (1.7.32-1) ...
     [exec] Selecting previously unselected package libsisu-inject-java.
     [exec] Preparing to unpack .../44-libsisu-inject-java_0.3.4-2_all.deb ...
     [exec] Unpacking libsisu-inject-java (0.3.4-2) ...
     [exec] Selecting previously unselected package libsisu-plexus-java.
     [exec] Preparing to unpack .../45-libsisu-plexus-java_0.3.4-3_all.deb ...
     [exec] Unpacking libsisu-plexus-java (0.3.4-3) ...
     [exec] Selecting previously unselected package libmaven3-core-java.
     [exec] Preparing to unpack .../46-libmaven3-core-java_3.8.7-2_all.deb ...
     [exec] Unpacking libmaven3-core-java (3.8.7-2) ...
     [exec] Selecting previously unselected package libwagon-file-java.
     [exec] Preparing to unpack .../47-libwagon-file-java_3.5.3-1_all.deb ...
     [exec] Unpacking libwagon-file-java (3.5.3-1) ...
     [exec] Selecting previously unselected package libwagon-http-shaded-java.
     [exec] Preparing to unpack .../48-libwagon-http-shaded-java_3.5.3-1_all.deb ...
     [exec] Unpacking libwagon-http-shaded-java (3.5.3-1) ...
     [exec] Selecting previously unselected package maven.
     [exec] Preparing to unpack .../49-maven_3.8.7-2_all.deb ...
     [exec] Unpacking maven (3.8.7-2) ...
     [exec] Setting up liblcms2-2:amd64 (2.14-2build1) ...
     [exec] Setting up libslf4j-java (1.7.32-1) ...
     [exec] Setting up libplexus-utils2-java (3.4.2-1) ...
     [exec] Setting up libplexus-classworlds-java (2.7.0-1) ...
     [exec] Setting up libjsr305-java (0.1~+svn49-11) ...
     [exec] Setting up libgdbm6t64:amd64 (1.23-5.1build1) ...
     [exec] Setting up java-common (0.75+exp1) ...
     [exec] Setting up libgdbm-compat4t64:amd64 (1.23-5.1build1) ...
     [exec] Setting up libaopalliance-java (20070526-7) ...
     [exec] Setting up libcommons-cli-java (1.6.0-1) ...
     [exec] Setting up libplexus-component-annotations-java (2.1.1-1) ...
     [exec] Setting up libgeronimo-annotation-1.3-spec-java (1.3-1) ...
     [exec] Setting up libgeronimo-interceptor-3.0-spec-java (1.0.1-4fakesync) ...
     [exec] Setting up libnspr4:amd64 (2:4.35-1.1build1) ...
     [exec] Setting up libjansi-java (2.4.1-2) ...
     [exec] Setting up libapache-pom-java (29-2) ...
     [exec] Setting up libatinject-jsr330-api-java (1.0+ds1-5) ...
     [exec] Setting up perl-modules-5.38 (5.38.2-3.2build2) ...
     [exec] Setting up libplexus-interpolation-java (1.26-1) ...
     [exec] Setting up libpcsclite1:amd64 (2.0.3-1build1) ...
     [exec] Setting up libjpeg-turbo8:amd64 (2.1.5-2ubuntu2) ...
     [exec] Setting up git-man (1:2.43.0-1ubuntu7.1) ...
     [exec] Setting up libwagon-http-shaded-java (3.5.3-1) ...
     [exec] Setting up libperl5.38t64:amd64 (5.38.2-3.2build2) ...
     [exec] Setting up ca-certificates-java (20240118) ...
     [exec] No JRE found. Skipping Java certificates setup.
     [exec] Setting up libcdi-api-java (1.2-3) ...
     [exec] Setting up libjpeg8:amd64 (8c-2ubuntu11) ...
     [exec] Setting up libwagon-provider-api-java (3.5.3-1) ...
     [exec] Setting up libmaven-parent-java (35-1) ...
     [exec] Setting up libcommons-parent-java (56-1) ...
     [exec] Setting up libsisu-inject-java (0.3.4-2) ...
     [exec] Setting up libnss3:amd64 (2:3.98-1build1) ...
     [exec] Setting up libplexus-cipher-java (2.0-1) ...
     [exec] Setting up libsisu-plexus-java (0.3.4-3) ...
     [exec] Setting up perl (5.38.2-3.2build2) ...
     [exec] Setting up libcommons-lang3-java (3.14.0-1) ...
     [exec] Setting up libplexus-sec-dispatcher-java (2.0-3) ...
     [exec] Setting up libwagon-file-java (3.5.3-1) ...
     [exec] Setting up openjdk-21-jre-headless:amd64 (21.0.5+11-1ubuntu1~24.04) ...
     [exec] update-alternatives: using /usr/lib/jvm/java-21-openjdk-amd64/bin/java to provide /usr/bin/java (java) in auto mode
     [exec] update-alternatives: using /usr/lib/jvm/java-21-openjdk-amd64/bin/jpackage to provide /usr/bin/jpackage (jpackage) in auto mode
     [exec] update-alternatives: using /usr/lib/jvm/java-21-openjdk-amd64/bin/keytool to provide /usr/bin/keytool (keytool) in auto mode
     [exec] update-alternatives: using /usr/lib/jvm/java-21-openjdk-amd64/bin/rmiregistry to provide /usr/bin/rmiregistry (rmiregistry) in auto mode
     [exec] update-alternatives: using /usr/lib/jvm/java-21-openjdk-amd64/lib/jexec to provide /usr/bin/jexec (jexec) in auto mode
     [exec] Setting up libcommons-io-java (2.11.0-2) ...
     [exec] Setting up liberror-perl (0.17029-2) ...
     [exec] Setting up libmaven-resolver-java (1.6.3-1) ...
     [exec] Setting up git (1:2.43.0-1ubuntu7.1) ...
     [exec] Setting up libmaven-shared-utils-java (3.3.4-1) ...
     [exec] Setting up libguava-java (32.0.1-1) ...
     [exec] Setting up liberror-prone-java (2.18.0-1) ...
     [exec] Setting up libguice-java (4.2.3-2) ...
     [exec] Setting up libmaven3-core-java (3.8.7-2) ...
     [exec] Processing triggers for libc-bin (2.39-0ubuntu8.3) ...
     [exec] Processing triggers for ca-certificates-java (20240118) ...
     [exec] Adding debian:ACCVRAIZ1.pem
     [exec] Adding debian:AC_RAIZ_FNMT-RCM.pem
     [exec] Adding debian:AC_RAIZ_FNMT-RCM_SERVIDORES_SEGUROS.pem
     [exec] Adding debian:Actalis_Authentication_Root_CA.pem
     [exec] Adding debian:AffirmTrust_Commercial.pem
     [exec] Adding debian:AffirmTrust_Networking.pem
     [exec] Adding debian:AffirmTrust_Premium_ECC.pem
     [exec] Adding debian:AffirmTrust_Premium.pem
     [exec] Adding debian:Amazon_Root_CA_1.pem
     [exec] Adding debian:Amazon_Root_CA_2.pem
     [exec] Adding debian:Amazon_Root_CA_3.pem
     [exec] Adding debian:Amazon_Root_CA_4.pem
     [exec] Adding debian:ANF_Secure_Server_Root_CA.pem
     [exec] Adding debian:Atos_TrustedRoot_2011.pem
     [exec] Adding debian:Atos_TrustedRoot_Root_CA_ECC_TLS_2021.pem
     [exec] Adding debian:Atos_TrustedRoot_Root_CA_RSA_TLS_2021.pem
     [exec] Adding debian:Autoridad_de_Certificacion_Firmaprofesional_CIF_A62634068.pem
     [exec] Adding debian:Baltimore_CyberTrust_Root.pem
     [exec] Adding debian:BJCA_Global_Root_CA1.pem
     [exec] Adding debian:BJCA_Global_Root_CA2.pem
     [exec] Adding debian:Buypass_Class_2_Root_CA.pem
     [exec] Adding debian:Buypass_Class_3_Root_CA.pem
     [exec] Adding debian:CA_Disig_Root_R2.pem
     [exec] Adding debian:Certainly_Root_E1.pem
     [exec] Adding debian:Certainly_Root_R1.pem
     [exec] Adding debian:Certigna.pem
     [exec] Adding debian:Certigna_Root_CA.pem
     [exec] Adding debian:certSIGN_Root_CA_G2.pem
     [exec] Adding debian:certSIGN_ROOT_CA.pem
     [exec] Adding debian:Certum_EC-384_CA.pem
     [exec] Adding debian:Certum_Trusted_Network_CA_2.pem
     [exec] Adding debian:Certum_Trusted_Network_CA.pem
     [exec] Adding debian:Certum_Trusted_Root_CA.pem
     [exec] Adding debian:CFCA_EV_ROOT.pem
     [exec] Adding debian:CommScope_Public_Trust_ECC_Root-01.pem
     [exec] Adding debian:CommScope_Public_Trust_ECC_Root-02.pem
     [exec] Adding debian:CommScope_Public_Trust_RSA_Root-01.pem
     [exec] Adding debian:CommScope_Public_Trust_RSA_Root-02.pem
     [exec] Adding debian:Comodo_AAA_Services_root.pem
     [exec] Adding debian:COMODO_Certification_Authority.pem
     [exec] Adding debian:COMODO_ECC_Certification_Authority.pem
     [exec] Adding debian:COMODO_RSA_Certification_Authority.pem
     [exec] Adding debian:DigiCert_Assured_ID_Root_CA.pem
     [exec] Adding debian:DigiCert_Assured_ID_Root_G2.pem
     [exec] Adding debian:DigiCert_Assured_ID_Root_G3.pem
     [exec] Adding debian:DigiCert_Global_Root_CA.pem
     [exec] Adding debian:DigiCert_Global_Root_G2.pem
     [exec] Adding debian:DigiCert_Global_Root_G3.pem
     [exec] Adding debian:DigiCert_High_Assurance_EV_Root_CA.pem
     [exec] Adding debian:DigiCert_TLS_ECC_P384_Root_G5.pem
     [exec] Adding debian:DigiCert_TLS_RSA4096_Root_G5.pem
     [exec] Adding debian:DigiCert_Trusted_Root_G4.pem
     [exec] Adding debian:D-TRUST_BR_Root_CA_1_2020.pem
     [exec] Adding debian:D-TRUST_EV_Root_CA_1_2020.pem
     [exec] Adding debian:D-TRUST_Root_Class_3_CA_2_2009.pem
     [exec] Adding debian:D-TRUST_Root_Class_3_CA_2_EV_2009.pem
     [exec] Adding debian:emSign_ECC_Root_CA_-_C3.pem
     [exec] Adding debian:emSign_ECC_Root_CA_-_G3.pem
     [exec] Adding debian:emSign_Root_CA_-_C1.pem
     [exec] Adding debian:emSign_Root_CA_-_G1.pem
     [exec] Adding debian:Entrust.net_Premium_2048_Secure_Server_CA.pem
     [exec] Adding debian:Entrust_Root_Certification_Authority_-_EC1.pem
     [exec] Adding debian:Entrust_Root_Certification_Authority_-_G2.pem
     [exec] Adding debian:Entrust_Root_Certification_Authority_-_G4.pem
     [exec] Adding debian:Entrust_Root_Certification_Authority.pem
     [exec] Adding debian:ePKI_Root_Certification_Authority.pem
     [exec] Adding debian:e-Szigno_Root_CA_2017.pem
     [exec] Adding debian:GDCA_TrustAUTH_R5_ROOT.pem
     [exec] Adding debian:GlobalSign_ECC_Root_CA_-_R4.pem
     [exec] Adding debian:GlobalSign_ECC_Root_CA_-_R5.pem
     [exec] Adding debian:GlobalSign_Root_CA.pem
     [exec] Adding debian:GlobalSign_Root_CA_-_R3.pem
     [exec] Adding debian:GlobalSign_Root_CA_-_R6.pem
     [exec] Adding debian:GlobalSign_Root_E46.pem
     [exec] Adding debian:GlobalSign_Root_R46.pem
     [exec] Adding debian:GLOBALTRUST_2020.pem
     [exec] Adding debian:Go_Daddy_Class_2_CA.pem
     [exec] Adding debian:Go_Daddy_Root_Certificate_Authority_-_G2.pem
     [exec] Adding debian:GTS_Root_R1.pem
     [exec] Adding debian:GTS_Root_R2.pem
     [exec] Adding debian:GTS_Root_R3.pem
     [exec] Adding debian:GTS_Root_R4.pem
     [exec] Adding debian:HARICA_TLS_ECC_Root_CA_2021.pem
     [exec] Adding debian:HARICA_TLS_RSA_Root_CA_2021.pem
     [exec] Adding debian:Hellenic_Academic_and_Research_Institutions_ECC_RootCA_2015.pem
     [exec] Adding debian:Hellenic_Academic_and_Research_Institutions_RootCA_2015.pem
     [exec] Adding debian:HiPKI_Root_CA_-_G1.pem
     [exec] Adding debian:Hongkong_Post_Root_CA_3.pem
     [exec] Adding debian:IdenTrust_Commercial_Root_CA_1.pem
     [exec] Adding debian:IdenTrust_Public_Sector_Root_CA_1.pem
     [exec] Adding debian:ISRG_Root_X1.pem
     [exec] Adding debian:ISRG_Root_X2.pem
     [exec] Adding debian:Izenpe.com.pem
     [exec] Adding debian:Microsec_e-Szigno_Root_CA_2009.pem
     [exec] Adding debian:Microsoft_ECC_Root_Certificate_Authority_2017.pem
     [exec] Adding debian:Microsoft_RSA_Root_Certificate_Authority_2017.pem
     [exec] Adding debian:NAVER_Global_Root_Certification_Authority.pem
     [exec] Adding debian:NetLock_Arany_=Class_Gold=_Főtanúsítvány.pem
     [exec] Adding debian:OISTE_WISeKey_Global_Root_GB_CA.pem
     [exec] Adding debian:OISTE_WISeKey_Global_Root_GC_CA.pem
     [exec] Adding debian:QuoVadis_Root_CA_1_G3.pem
     [exec] Adding debian:QuoVadis_Root_CA_2_G3.pem
     [exec] Adding debian:QuoVadis_Root_CA_2.pem
     [exec] Adding debian:QuoVadis_Root_CA_3_G3.pem
     [exec] Adding debian:QuoVadis_Root_CA_3.pem
     [exec] Adding debian:Sectigo_Public_Server_Authentication_Root_E46.pem
     [exec] Adding debian:Sectigo_Public_Server_Authentication_Root_R46.pem
     [exec] Adding debian:Secure_Global_CA.pem
     [exec] Adding debian:SecureSign_RootCA11.pem
     [exec] Adding debian:SecureTrust_CA.pem
     [exec] Adding debian:Security_Communication_ECC_RootCA1.pem
     [exec] Adding debian:Security_Communication_RootCA2.pem
     [exec] Adding debian:Security_Communication_RootCA3.pem
     [exec] Adding debian:Security_Communication_Root_CA.pem
     [exec] Adding debian:SSL.com_EV_Root_Certification_Authority_ECC.pem
     [exec] Adding debian:SSL.com_EV_Root_Certification_Authority_RSA_R2.pem
     [exec] Adding debian:SSL.com_Root_Certification_Authority_ECC.pem
     [exec] Adding debian:SSL.com_Root_Certification_Authority_RSA.pem
     [exec] Adding debian:SSL.com_TLS_ECC_Root_CA_2022.pem
     [exec] Adding debian:SSL.com_TLS_RSA_Root_CA_2022.pem
     [exec] Adding debian:Starfield_Class_2_CA.pem
     [exec] Adding debian:Starfield_Root_Certificate_Authority_-_G2.pem
     [exec] Adding debian:Starfield_Services_Root_Certificate_Authority_-_G2.pem
     [exec] Adding debian:SwissSign_Gold_CA_-_G2.pem
     [exec] Adding debian:SwissSign_Silver_CA_-_G2.pem
     [exec] Adding debian:SZAFIR_ROOT_CA2.pem
     [exec] Adding debian:Telia_Root_CA_v2.pem
     [exec] Adding debian:TeliaSonera_Root_CA_v1.pem
     [exec] Adding debian:TrustAsia_Global_Root_CA_G3.pem
     [exec] Adding debian:TrustAsia_Global_Root_CA_G4.pem
     [exec] Adding debian:Trustwave_Global_Certification_Authority.pem
     [exec] Adding debian:Trustwave_Global_ECC_P256_Certification_Authority.pem
     [exec] Adding debian:Trustwave_Global_ECC_P384_Certification_Authority.pem
     [exec] Adding debian:T-TeleSec_GlobalRoot_Class_2.pem
     [exec] Adding debian:T-TeleSec_GlobalRoot_Class_3.pem
     [exec] Adding debian:TUBITAK_Kamu_SM_SSL_Kok_Sertifikasi_-_Surum_1.pem
     [exec] Adding debian:TunTrust_Root_CA.pem
     [exec] Adding debian:TWCA_Global_Root_CA.pem
     [exec] Adding debian:TWCA_Root_Certification_Authority.pem
     [exec] Adding debian:UCA_Extended_Validation_Root.pem
     [exec] Adding debian:UCA_Global_G2_Root.pem
     [exec] Adding debian:USERTrust_ECC_Certification_Authority.pem
     [exec] Adding debian:USERTrust_RSA_Certification_Authority.pem
     [exec] Adding debian:vTrus_ECC_Root_CA.pem
     [exec] Adding debian:vTrus_Root_CA.pem
     [exec] Adding debian:XRamp_Global_CA_Root.pem
     [exec] done.
     [exec] Setting up default-jre-headless (2:1.21-75+exp1) ...
     [exec] Setting up maven (3.8.7-2) ...
     [exec] update-alternatives: using /usr/share/maven/bin/mvn to provide /usr/bin/mvn (mvn) in auto mode
     [exec] --> 6ed4c9d9ec74
     [exec] STEP 5/21: ENV JAVA_TOOL_OPTIONS=" -Dfile.encoding=UTF8 -Djava.security.egd=file:/dev/./urandom"
     [exec] --> cabd6b09ab9d
     [exec] STEP 6/21: RUN mkdir testResults
     [exec] --> 02f55c098ebe
     [exec] STEP 7/21: ENV TEST_HOME /open-liberty
     [exec] --> d809759b8b2f
     [exec] STEP 8/21: ENV APPLICATION_NAME=openliberty-mp-tck
     [exec] --> 553b7bf2cdd9
     [exec] STEP 9/21: ENV APPLICATION_TAG=gm-23.0.0.5
     [exec] --> 4a0d04280451
     [exec] STEP 10/21: ENV OS_TAG=ubuntu
     [exec] --> e081f7260eca
     [exec] STEP 11/21: ENV JDK_VERSION=23
     [exec] --> 085ef7284d48
     [exec] STEP 12/21: ENV JDK_IMPL=hotspot
     [exec] --> 9cfa301bc246
     [exec] STEP 13/21: ENV OPENLIBERTY_TAG=$OPENLIBERTY_TAG
     [exec] --> 2d7a4aea89dc
     [exec] STEP 14/21: RUN git clone https://github.com/OpenLiberty/open-liberty.git
     [exec] Cloning into 'open-liberty'...
     [exec] Updating files:  23% (26635/112496)
     [exec] --> 606962a4a2a5
     [exec] STEP 15/21: WORKDIR /open-liberty/
     [exec] --> eb33ea6ba777
     [exec] STEP 16/21: RUN git checkout $OPENLIBERTY_TAG
     [exec] Updating files:  24% (27000/112496)Updating files:  25% (28124/112496)Updating files:  26% (29249/112496)Updating files:  27% (30374/112496)Updating files:  28% (31499/112496)Updating files:  29% (32624/112496)Updating files:  30% (33749/112496)Updating files:  31% (34874/112496)Updating files:  32% (35999/112496)Updating files:  33% (37124/112496)Updating files:  34% (38249/112496)Updating files:  35% (39374/112496)Updating files:  36% (40499/112496)Updating files:  37% (41624/112496)Updating files:  38% (42749/112496)Updating files:  39% (43874/112496)Updating files:  40% (44999/112496)Updating files:  41% (46124/112496)Updating files:  42% (47249/112496)Updating files:  43% (48374/112496)Updating files:  44% (49499/112496)Updating files:  45% (50624/112496)Updating files:  46% (51749/112496)Updating files:  47% (52874/112496)Updating files:  48% (53999/112496)Updating files:  48% (54487/112496)Updating files:  49% (55124/112496)Updating files:  50% (56248/112496)Updating files:  51% (57373/112496)Updating files:  52% (58498/112496)Updating files:  53% (59623/112496)Updating files:  54% (60748/112496)Updating files:  55% (61873/112496)Updating files:  56% (62998/112496)Updating files:  57% (64123/112496)Updating files:  58% (65248/112496)Updating files:  59% (66373/112496)Updating files:  60% (67498/112496)Updating files:  61% (68623/112496)Updating files:  62% (69748/112496)Updating files:  63% (70873/112496)Updating files:  64% (71998/112496)Updating files:  65% (73123/112496)Updating files:  66% (74248/112496)Updating files:  67% (75373/112496)Updating files:  67% (75553/112496)Updating files:  68% (76498/112496)Updating files:  69% (77623/112496)Updating files:  70% (78748/112496)Updating files:  71% (79873/112496)Updating files:  72% (80998/112496)Updating files:  73% (82123/112496)Updating files:  74% (83248/112496)Updating files:  75% (84372/112496)Updating files:  76% (85497/112496)Updating files:  77% (86622/112496)Updating files:  78% (87747/112496)Updating files:  79% (88872/112496)Updating files:  80% (89997/112496)Updating files:  81% (91122/112496)Updating files:  82% (92247/112496)Updating files:  83% (93372/112496)Updating files:  84% (94497/112496)Updating files:  85% (95622/112496)Updating files:  86% (96747/112496)Updating files:  86% (96770/112496)Updating files:  87% (97872/112496)Updating files:  88% (98997/112496)Updating files:  89% (100122/112496)Updating files:  90% (101247/112496)Updating files:  91% (102372/112496)Updating files:  92% (103497/112496)Updating files:  93% (104622/112496)Updating files:  94% (105747/112496)Updating files:  95% (106872/112496)Updating files:  96% (107997/112496)Updating files:  97% (109122/112496)Updating files:  98% (110247/112496)Updating files:  99% (111372/112496)Updating files: 100% (112496/112496)Updating files: 100% (112496/112496), done.Note: switching to 'gm-23.0.0.5'.
     [exec] 
     [exec] You are in 'detached HEAD' state. You can look around, make experimental
     [exec] changes and commit them, and you can discard any commits you make in this
     [exec] state without impacting any branches by switching back to a branch.
     [exec] 
     [exec] If you want to create a new branch to retain commits you create, you may
     [exec] do so (now or later) by using -c with the switch command. Example:
     [exec] 
     [exec]   git switch -c <new-branch-name>
     [exec] 
     [exec] Or undo this operation with:
     [exec] 
     [exec]   git switch -
     [exec] 
     [exec] Turn off this advice by setting config variable advice.detachedHead to false
     [exec] 
     [exec] HEAD is now at 1e94443773 Merge pull request #25263 from tjwatson/checkpointDropinFix
     [exec] --> 18a8edba13b3
     [exec] STEP 17/21: WORKDIR /
     [exec] --> 0beb8993cf10
     [exec] STEP 18/21: COPY openliberty-mp-tck/test.sh /test.sh
     [exec] --> 0040ef5baedb
     [exec] STEP 19/21: COPY test_base_functions.sh test_base_functions.sh
     [exec] --> e102f8672872
     [exec] STEP 20/21: WORKDIR ${TEST_HOME}
     [exec] --> a5a160147edb
     [exec] STEP 21/21: ENTRYPOINT ["/bin/bash", "/test.sh"]
     [exec] COMMIT adoptopenjdk-openliberty-mp-tck-test:23-jdk-ubuntu-hotspot-full
     [exec] --> 13effaf3ad14
     [exec] Successfully tagged localhost/adoptopenjdk-openliberty-mp-tck-test:23-jdk-ubuntu-hotspot-full
     [exec] 13effaf3ad145c2e8f07ab3cf1ce6acfb99a9d404e8b8dc26d9a2cfaac9da8d6

dist:
     [copy] Copying 2 files to /home/jvanek/git/jvmtest/external/openliberty-mp-tck

BUILD SUCCESSFUL
Total time: 1 minute 43 seconds
0
make[1]: Leaving directory '/home/jvanek/git/aqa-tests/TKG'
JAVA_HOME is set to /tmp/tmp.R8GQYntyCK/jdk-23.0.1+11
LIB_DIR is set to /home/jvanek/git/aqa-tests/TKG/../TKG/lib
make -f makeGen.mk AUTO_DETECT= MODE=tests TESTTARGET=openliberty_microprofile_tck_jdk8_hs TESTLIST=
make[1]: Entering directory '/home/jvanek/git/aqa-tests/TKG'
perl scripts/configure.pl
/tmp/tmp.R8GQYntyCK/jdk-23.0.1+11/bin/java -cp "./bin/TestKitGen.jar:/home/jvanek/git/aqa-tests/TKG/../TKG/lib/json-simple.jar" org.testKitGen.MainRunner --mode=tests --spec=linux_x86-64 --microArch="" --osLabel="" --jdkVersion=23 --impl=hotspot --vendor="eclipse" --buildList=external/openliberty-mp-tck --iterations=1 --aotIterations= --testFlag= --testTarget=openliberty_microprofile_tck_jdk8_hs --testList= --numOfMachines= --testTime= --TRSSURL= 
Modes data parsed from resources/modes.xml and resources/ottawa.csv.

Starting to generate test make files.

Parsing /home/jvanek/git/aqa-tests/TKG/../external/openliberty-mp-tck/playlist.xml
Generated /home/jvanek/git/aqa-tests/TKG/../TKG/utils.mk

Generated /home/jvanek/git/aqa-tests/TKG/../TKG/rerun.mk

Make files are generated successfully.

Error: cannot find the following tests: openliberty_microprofile_tck_jdk8_hs (note: group target such as sanity is not accepted inside testList)

make[1]: *** [makeGen.mk:45: autogen] Error 1
make[1]: Leaving directory '/home/jvanek/git/aqa-tests/TKG'
make: *** [makefile:60: _openliberty_microprofile_tck_jdk8_hs] Error 2
compilation: 0
runtime: 2
