JAVA_HOME is set to /tmp/tmp.RH5hcTf5Lt/jdk8u432-b06
LIB_DIR is set to /home/jvanek/git/aqa-tests/TKG/../TKG/lib
rm -f -r /home/jvanek/git/aqa-tests/TKG/../TKG/output_compilation; \
mkdir -p /home/jvanek/git/aqa-tests/TKG/../TKG/output_compilation; \
(ant -f ./scripts/build_tools.xml -DTEST_JDK_HOME=/tmp/tmp.RH5hcTf5Lt/jdk8u432-b06 -DTEST_ROOT=/home/jvanek/git/aqa-tests/TKG/.. -DLIB_DIR=/home/jvanek/git/aqa-tests/TKG/../TKG/lib 2>&1; echo $? ) | tee "/home/jvanek/git/aqa-tests/TKG/../TKG/output_compilation/compilation.log"; \
if [ -z "$(tail -1 /home/jvanek/git/aqa-tests/TKG/../TKG/output_compilation/compilation.log | grep 0)" ]; then perl scripts/moveDmp.pl --compileLogPath="/home/jvanek/git/aqa-tests/TKG/../TKG/output_compilation/compilation.log" --testRoot="/home/jvanek/git/aqa-tests/TKG/.."; false; else rm -f -r "/home/jvanek/git/aqa-tests/TKG/../TKG/output_compilation"; fi
Buildfile: /home/jvanek/git/aqa-tests/TKG/scripts/build_tools.xml

build:

clean:
   [delete] Deleting: /home/jvanek/git/aqa-tests/TKG/autoGenEnv.mk
   [delete] Deleting: /home/jvanek/git/aqa-tests/TKG/utils.mk
   [delete] Deleting directory /home/jvanek/git/aqa-tests/TKG/bin

init:
    [mkdir] Created dir: /home/jvanek/git/aqa-tests/TKG/bin

getDependentLibs:
     [exec] --------------------------------------------
     [exec] path is set to /home/jvanek/git/aqa-tests/TKG/../TKG/lib
     [exec] task is set to default
     [exec] dependencyList is set to json_simple
     [exec] --------------------------------------------
     [exec] Starting download third party dependent jars
     [exec] --------------------------------------------
     [exec] downloading dependent third party jars to /home/jvanek/git/aqa-tests/TKG/../TKG/lib
     [exec] /home/jvanek/git/aqa-tests/TKG/../TKG/lib/json-simple.jar exists with correct hash, not downloading
     [exec] downloaded dependent third party jars successfully

compile:
     [echo] Ant version is Apache Ant(TM) version 1.10.12 compiled on July 19 2023
     [echo] ============COMPILER SETTINGS============
     [echo] ===fork:                         yes
     [echo] ===debug:                        on
    [javac] Compiling 27 source files to /home/jvanek/git/aqa-tests/TKG/bin

dist:
      [jar] Building jar: /home/jvanek/git/aqa-tests/TKG/bin/TestKitGen.jar

BUILD SUCCESSFUL
Total time: 0 seconds
0
/tmp/tmp.RH5hcTf5Lt/jdk8u432-b06/bin/java -cp ./bin/TestKitGen.jar org.openj9.envInfo.EnvDetector
Unfamiliar microArch detected in TKG. It will not be added in TKG microArch!
microArchOutput: model name	: 11th Gen Intel(R) Core(TM) i7-11850H @ 2.50GHz
****************************** MACHINE INFO ******************************
File path : /home/jvanek/git/aqa-tests/TKG
Free Physical Memory Size : 9438429184
Free space (bytes) : 277220032512
Total Physical Memory Size : 67106488320
Total space (bytes) : 632976211968
Usable space (bytes) : 244991422464
antVersion : Apache Ant(TM) version 1.10.12 compiled on July 19 2023
cpuCores : 16
curlVersion : 
	curl 8.2.1 (x86_64-redhat-linux-gnu) libcurl/8.2.1 OpenSSL/3.1.4 zlib/1.2.13 libidn2/2.3.7 nghttp2/1.55.1
	Release-Date: 2023-07-26
	Protocols: file ftp ftps http https
	Features: alt-svc AsynchDNS GSS-API HSTS HTTP2 HTTPS-proxy IDN IPv6 Kerberos Largefile libz SPNEGO SSL threadsafe UnixSockets
docker : not on docker
gcc version : 13
gclibc version : ldd (GNU libc) 2.38
gdb version : GNU gdb (Fedora Linux) 15.1-1.fc39
lldb version : Command could not be executed
makeVersion : 
	GNU Make 4.4.1
	Built for x86_64-redhat-linux-gnu
	Copyright (C) 1988-2023 Free Software Foundation, Inc.
	License GPLv3+: GNU GPL version 3 or later <https://gnu.org/licenses/gpl.html>
	This is free software: you are free to change and redistribute it.
	There is NO WARRANTY, to the extent permitted by law.
perlVersion : 
	
	This is perl 5, version 38, subversion 2 (v5.38.2) built for x86_64-linux-thread-multi
	(with 15 registered patches, see perl -V for more detail)
	
	Copyright 1987-2023, Larry Wall
	
	Perl may be copied only under the terms of either the Artistic License or the
	GNU General Public License, which may be found in the Perl 5 source kit.
	
	Complete documentation for Perl, including FAQ lists, should be found on
	this system using "man perl" or "perldoc perl".  If you have access to the
	Internet, point your browser at https://www.perl.org/, the Perl Home Page.
	
procArch : unknown
sysArch : x86_64
sysOS : Linux
ulimit : 
	real-time non-blocking time  (microseconds, -R) unlimited
	core file size              (blocks, -c) unlimited
	data seg size               (kbytes, -d) unlimited
	scheduling priority                 (-e) 0
	file size                   (blocks, -f) unlimited
	pending signals                     (-i) 255386
	max locked memory           (kbytes, -l) 8192
	max memory size             (kbytes, -m) unlimited
	open files                          (-n) 524288
	pipe size                (512 bytes, -p) 8
	POSIX message queues         (bytes, -q) 819200
	real-time priority                  (-r) 0
	stack size                  (kbytes, -s) 8192
	cpu time                   (seconds, -t) unlimited
	max user processes                  (-u) 255386
	virtual memory              (kbytes, -v) unlimited
	file locks                          (-x) unlimited
uname : Linux fedora 6.11.6-100.fc39.x86_64 #1 SMP PREEMPT_DYNAMIC Fri Nov  1 16:07:59 UTC 2024 x86_64 GNU/Linux
vmVendor : Oracle Corporation
vmVersion : 25.432-b06
xlc version : bash: line 1: xlC: command not found
**************************************************************************

System.getProperty('java.vm.name')=OpenJDK 64-Bit Server VM

System.getProperty('java.vendor')=Temurin

Warning: cannot determine vendor, use System.getProperty('java.vendor')=Temurin directly.

System.getProperty('os.name')=Linux

System.getProperty('os.arch')=amd64

System.getProperty('java.fullversion')=null

System.getProperty('sun.arch.data.model')=64

make -f clean.mk cleanBuild
make[1]: Entering directory '/home/jvanek/git/aqa-tests/TKG'
rm -f -r /home/jvanek/git/aqa-tests/TKG/../../jvmtest
make[1]: Leaving directory '/home/jvanek/git/aqa-tests/TKG'
make -f compile.mk compile
make[1]: Entering directory '/home/jvanek/git/aqa-tests/TKG'
rm -f -r /home/jvanek/git/aqa-tests/TKG/../TKG/output_compilation; \
mkdir -p /home/jvanek/git/aqa-tests/TKG/../TKG/output_compilation; \
(ant -f scripts/build_test.xml -DTEST_ROOT=/home/jvanek/git/aqa-tests/TKG/.. -DBUILD_ROOT=/home/jvanek/git/aqa-tests/TKG/../../jvmtest -DJDK_VERSION=8 -DJDK_IMPL=hotspot -DJDK_VENDOR=Temurin -DJCL_VERSION=latest -DBUILD_LIST=external/functional-test -DRESOURCES_DIR=/home/jvanek/git/aqa-tests/TKG/../../jvmtest/TestConfig/resources -DSPEC=linux_x86-64 -DTEST_JDK_HOME=/tmp/tmp.RH5hcTf5Lt/jdk8u432-b06 -DJVM_VERSION=openjdk8 -DLIB_DIR=/home/jvanek/git/aqa-tests/TKG/../TKG/lib  2>&1; echo $? ) | tee "/home/jvanek/git/aqa-tests/TKG/../TKG/output_compilation/compilation.log"; \
if [ -z "$(tail -1 /home/jvanek/git/aqa-tests/TKG/../TKG/output_compilation/compilation.log | grep 0)" ]; then perl scripts/moveDmp.pl --compileLogPath="/home/jvanek/git/aqa-tests/TKG/../TKG/output_compilation/compilation.log" --testRoot="/home/jvanek/git/aqa-tests/TKG/.."; false; else rm -f -r "/home/jvanek/git/aqa-tests/TKG/../TKG/output_compilation"; fi
Buildfile: /home/jvanek/git/aqa-tests/TKG/scripts/build_test.xml
     [echo]  build.list is TestConfig/build.xml,external/functional-test/build.xml 

-create_test_directory:
    [mkdir] Created dir: /home/jvanek/git/jvmtest

stage_test_material:
     [copy] Copying 159 files to /home/jvanek/git/jvmtest
     [copy] Copied 81 empty directories to 19 empty directories under /home/jvanek/git/jvmtest

build:

init:
    [mkdir] Created dir: /home/jvanek/git/jvmtest/TestConfig

build:
     [copy] Copying 22 files to /home/jvanek/git/jvmtest/TestConfig
     [copy] Copied 9 empty directories to 4 empty directories under /home/jvanek/git/jvmtest/TestConfig
     [copy] Copying 2 files to /home/jvanek/git/jvmtest/TestConfig

build:

move_scripts:
     [copy] Copying 2 files to /home/jvanek/git/jvmtest/external/functional-test
     [copy] Copying 9 files to /home/jvanek/git/jvmtest/external

clean_image:
     [echo] Executing external.sh --clean --dir functional-test --tag nightly --version 8 --impl hotspot 
     [exec]    # =================== Info =================== Info =================== Info =================== #
     [exec]    # EXTRA_DOCKER_ARGS set as "-v /tmp/tmp.RH5hcTf5Lt/jdk8u432-b06:/opt/java/openjdk"                                #
     [exec]    # =================== Info =================== Info =================== Info =================== #
     [exec]    # =================== Info =================== Info =================== Info =================== #
     [exec]    # TEST_JDK_HOME of /tmp/tmp.RH5hcTf5Lt/jdk8u432-b06 is used in EXTRA_DOCKER_ARGS                                #
     [exec]    # =================== Info =================== Info =================== Info =================== #
     [exec] The test here is functional-test
     [exec] The directory in the external.sh is functional-test
     [exec] DOCKERIMAGE_TAG nightly has been recognized.
     [exec] Error: invalid reference format
     [exec] Result: 125

build_image:
     [echo] Executing external.sh --build --dir functional-test --tag nightly --version 8 --impl hotspot --platform linux_x86-64 --docker_args -v /tmp/tmp.RH5hcTf5Lt/jdk8u432-b06:/opt/java/openjdk 
     [exec]    # =================== Info =================== Info =================== Info =================== #
     [exec]    # EXTRA_DOCKER_ARGS set as "-v /tmp/tmp.RH5hcTf5Lt/jdk8u432-b06:/opt/java/openjdk"                                #
     [exec]    # =================== Info =================== Info =================== Info =================== #
     [exec]    # =================== Info =================== Info =================== Info =================== #
     [exec]    # TEST_JDK_HOME of /tmp/tmp.RH5hcTf5Lt/jdk8u432-b06 is used in EXTRA_DOCKER_ARGS                                #
     [exec]    # =================== Info =================== Info =================== Info =================== #
     [exec] The test here is functional-test
     [exec] The directory in the external.sh is functional-test
     [exec] DOCKERIMAGE_TAG nightly has been recognized.
     [exec] build_image.sh functional-test 8 hotspot ubuntu jdk full linux_x86-64 default 0 
     [exec] /home/jvanek/git/jvmtest/external
     [exec] 
     [exec] Writing /home/jvanek/git/jvmtest/external/functional-test/dockerfile/8/jdk/ubuntu/Dockerfile.hotspot.full ... ubuntu
     [exec] done
     [exec] 
     [exec] The test in the build_image() function is functional-test
     [exec] #####################################################
     [exec] INFO:  podman build  --no-cache -t adoptopenjdk-functional-test-test:8-jdk-ubuntu-hotspot-full -f /home/jvanek/git/jvmtest/external/functional-test/dockerfile/8/jdk/ubuntu/Dockerfile.hotspot.full /home/jvanek/git/jvmtest/external/
     [exec] #####################################################
     [exec] STEP 1/22: FROM docker.io/library/eclipse-temurin:8-jdk
     [exec] STEP 2/22: ENV RESULT_COMMENT="IN CONTAINER(not-as-root/podman)"
     [exec] --> 85588487ce39
     [exec] STEP 3/22: ARG FUNCTIONAL_TEST_TAG=
     [exec] --> 9b2d45384f7b
     [exec] STEP 4/22: RUN apt-get update 	&& apt-get install -qq -y --no-install-recommends software-properties-common 	&& apt-get install -qq -y --no-install-recommends gnupg 	&& add-apt-repository ppa:ubuntu-toolchain-r/test 	&& apt-get update 	&& apt-get install -y --no-install-recommends  git asciidoc  ant-contrib build-essential 	&& rm -rf /var/lib/apt/lists/*
     [exec] Get:1 http://security.ubuntu.com/ubuntu noble-security InRelease [126 kB]
     [exec] Get:2 http://archive.ubuntu.com/ubuntu noble InRelease [256 kB]
     [exec] Get:3 http://security.ubuntu.com/ubuntu noble-security/main amd64 Packages [627 kB]
     [exec] Get:4 http://archive.ubuntu.com/ubuntu noble-updates InRelease [126 kB]
     [exec] Get:5 http://archive.ubuntu.com/ubuntu noble-backports InRelease [126 kB]
     [exec] Get:6 http://security.ubuntu.com/ubuntu noble-security/multiverse amd64 Packages [15.3 kB]
     [exec] Get:7 http://security.ubuntu.com/ubuntu noble-security/restricted amd64 Packages [607 kB]
     [exec] Get:8 http://archive.ubuntu.com/ubuntu noble/restricted amd64 Packages [117 kB]
     [exec] Get:9 http://security.ubuntu.com/ubuntu noble-security/universe amd64 Packages [726 kB]
     [exec] Get:10 http://archive.ubuntu.com/ubuntu noble/main amd64 Packages [1,808 kB]
     [exec] Get:11 http://archive.ubuntu.com/ubuntu noble/universe amd64 Packages [19.3 MB]
     [exec] Get:12 http://archive.ubuntu.com/ubuntu noble/multiverse amd64 Packages [331 kB]
     [exec] Get:13 http://archive.ubuntu.com/ubuntu noble-updates/main amd64 Packages [858 kB]
     [exec] Get:14 http://archive.ubuntu.com/ubuntu noble-updates/restricted amd64 Packages [628 kB]
     [exec] Get:15 http://archive.ubuntu.com/ubuntu noble-updates/universe amd64 Packages [938 kB]
     [exec] Get:16 http://archive.ubuntu.com/ubuntu noble-updates/multiverse amd64 Packages [19.7 kB]
     [exec] Get:17 http://archive.ubuntu.com/ubuntu noble-backports/universe amd64 Packages [11.9 kB]
     [exec] Fetched 26.6 MB in 2s (11.3 MB/s)
     [exec] Reading package lists...
     [exec] debconf: delaying package configuration, since apt-utils is not installed
     [exec] Selecting previously unselected package libpython3.12-minimal:amd64.
     [exec] (Reading database ... 
     [exec] (Reading database ... 5%(Reading database ... 10%(Reading database ... 15%(Reading database ... 20%(Reading database ... 25%(Reading database ... 30%(Reading database ... 35%(Reading database ... 40%(Reading database ... 45%(Reading database ... 50%(Reading database ... 55%(Reading database ... 60%(Reading database ... 65%(Reading database ... 70%(Reading database ... 75%(Reading database ... 80%(Reading database ... 85%(Reading database ... 90%(Reading database ... 95%(Reading database ... 100%(Reading database ... 6590 files and directories currently installed.)Preparing to unpack .../libpython3.12-minimal_3.12.3-1ubuntu0.3_amd64.deb ...
     [exec] Unpacking libpython3.12-minimal:amd64 (3.12.3-1ubuntu0.3) ...
     [exec] Selecting previously unselected package python3.12-minimal.
     [exec] Preparing to unpack .../python3.12-minimal_3.12.3-1ubuntu0.3_amd64.deb ...
     [exec] Unpacking python3.12-minimal (3.12.3-1ubuntu0.3) ...
     [exec] Setting up libpython3.12-minimal:amd64 (3.12.3-1ubuntu0.3) ...
     [exec] Setting up python3.12-minimal (3.12.3-1ubuntu0.3) ...
     [exec] Selecting previously unselected package python3-minimal.
     [exec] (Reading database ... 
     [exec] (Reading database ... 5%(Reading database ... 10%(Reading database ... 15%(Reading database ... 20%(Reading database ... 25%(Reading database ... 30%(Reading database ... 35%(Reading database ... 40%(Reading database ... 45%(Reading database ... 50%(Reading database ... 55%(Reading database ... 60%(Reading database ... 65%(Reading database ... 70%(Reading database ... 75%(Reading database ... 80%(Reading database ... 85%(Reading database ... 90%(Reading database ... 95%(Reading database ... 100%(Reading database ... 6901 files and directories currently installed.)Preparing to unpack .../0-python3-minimal_3.12.3-0ubuntu2_amd64.deb ...
     [exec] Unpacking python3-minimal (3.12.3-0ubuntu2) ...
     [exec] Selecting previously unselected package media-types.
     [exec] Preparing to unpack .../1-media-types_10.1.0_all.deb ...
     [exec] Unpacking media-types (10.1.0) ...
     [exec] Selecting previously unselected package netbase.
     [exec] Preparing to unpack .../2-netbase_6.4_all.deb ...
     [exec] Unpacking netbase (6.4) ...
     [exec] Selecting previously unselected package libpython3.12-stdlib:amd64.
     [exec] Preparing to unpack .../3-libpython3.12-stdlib_3.12.3-1ubuntu0.3_amd64.deb ...
     [exec] Unpacking libpython3.12-stdlib:amd64 (3.12.3-1ubuntu0.3) ...
     [exec] Selecting previously unselected package python3.12.
     [exec] Preparing to unpack .../4-python3.12_3.12.3-1ubuntu0.3_amd64.deb ...
     [exec] Unpacking python3.12 (3.12.3-1ubuntu0.3) ...
     [exec] Selecting previously unselected package libpython3-stdlib:amd64.
     [exec] Preparing to unpack .../5-libpython3-stdlib_3.12.3-0ubuntu2_amd64.deb ...
     [exec] Unpacking libpython3-stdlib:amd64 (3.12.3-0ubuntu2) ...
     [exec] Setting up python3-minimal (3.12.3-0ubuntu2) ...
     [exec] Selecting previously unselected package python3.
     [exec] (Reading database ... 
     [exec] (Reading database ... 5%(Reading database ... 10%(Reading database ... 15%(Reading database ... 20%(Reading database ... 25%(Reading database ... 30%(Reading database ... 35%(Reading database ... 40%(Reading database ... 45%(Reading database ... 50%(Reading database ... 55%(Reading database ... 60%(Reading database ... 65%(Reading database ... 70%(Reading database ... 75%(Reading database ... 80%(Reading database ... 85%(Reading database ... 90%(Reading database ... 95%(Reading database ... 100%(Reading database ... 7342 files and directories currently installed.)Preparing to unpack .../00-python3_3.12.3-0ubuntu2_amd64.deb ...
     [exec] Unpacking python3 (3.12.3-0ubuntu2) ...
     [exec] Selecting previously unselected package libapparmor1:amd64.
     [exec] Preparing to unpack .../01-libapparmor1_4.0.1really4.0.1-0ubuntu0.24.04.3_amd64.deb ...
     [exec] Unpacking libapparmor1:amd64 (4.0.1really4.0.1-0ubuntu0.24.04.3) ...
     [exec] Selecting previously unselected package libargon2-1:amd64.
     [exec] Preparing to unpack .../02-libargon2-1_0~20190702+dfsg-4build1_amd64.deb ...
     [exec] Unpacking libargon2-1:amd64 (0~20190702+dfsg-4build1) ...
     [exec] Selecting previously unselected package libdevmapper1.02.1:amd64.
     [exec] Preparing to unpack .../03-libdevmapper1.02.1_2%3a1.02.185-3ubuntu3.1_amd64.deb ...
     [exec] Unpacking libdevmapper1.02.1:amd64 (2:1.02.185-3ubuntu3.1) ...
     [exec] Selecting previously unselected package libjson-c5:amd64.
     [exec] Preparing to unpack .../04-libjson-c5_0.17-1build1_amd64.deb ...
     [exec] Unpacking libjson-c5:amd64 (0.17-1build1) ...
     [exec] Selecting previously unselected package libcryptsetup12:amd64.
     [exec] Preparing to unpack .../05-libcryptsetup12_2%3a2.7.0-1ubuntu4.1_amd64.deb ...
     [exec] Unpacking libcryptsetup12:amd64 (2:2.7.0-1ubuntu4.1) ...
     [exec] Selecting previously unselected package libfdisk1:amd64.
     [exec] Preparing to unpack .../06-libfdisk1_2.39.3-9ubuntu6.1_amd64.deb ...
     [exec] Unpacking libfdisk1:amd64 (2.39.3-9ubuntu6.1) ...
     [exec] Selecting previously unselected package libkmod2:amd64.
     [exec] Preparing to unpack .../07-libkmod2_31+20240202-2ubuntu7_amd64.deb ...
     [exec] Unpacking libkmod2:amd64 (31+20240202-2ubuntu7) ...
     [exec] Selecting previously unselected package libsystemd-shared:amd64.
     [exec] Preparing to unpack .../08-libsystemd-shared_255.4-1ubuntu8.4_amd64.deb ...
     [exec] Unpacking libsystemd-shared:amd64 (255.4-1ubuntu8.4) ...
     [exec] Selecting previously unselected package systemd-dev.
     [exec] Preparing to unpack .../09-systemd-dev_255.4-1ubuntu8.4_all.deb ...
     [exec] Unpacking systemd-dev (255.4-1ubuntu8.4) ...
     [exec] Selecting previously unselected package systemd.
     [exec] Preparing to unpack .../10-systemd_255.4-1ubuntu8.4_amd64.deb ...
     [exec] Unpacking systemd (255.4-1ubuntu8.4) ...
     [exec] Setting up libapparmor1:amd64 (4.0.1really4.0.1-0ubuntu0.24.04.3) ...
     [exec] Setting up libargon2-1:amd64 (0~20190702+dfsg-4build1) ...
     [exec] Setting up libdevmapper1.02.1:amd64 (2:1.02.185-3ubuntu3.1) ...
     [exec] Setting up libjson-c5:amd64 (0.17-1build1) ...
     [exec] Setting up libcryptsetup12:amd64 (2:2.7.0-1ubuntu4.1) ...
     [exec] Setting up libfdisk1:amd64 (2.39.3-9ubuntu6.1) ...
     [exec] Setting up libkmod2:amd64 (31+20240202-2ubuntu7) ...
     [exec] Setting up libsystemd-shared:amd64 (255.4-1ubuntu8.4) ...
     [exec] Setting up systemd-dev (255.4-1ubuntu8.4) ...
     [exec] Setting up systemd (255.4-1ubuntu8.4) ...
     [exec] Created symlink /etc/systemd/system/getty.target.wants/getty@tty1.service → /usr/lib/systemd/system/getty@.service.
     [exec] Created symlink /etc/systemd/system/multi-user.target.wants/remote-fs.target → /usr/lib/systemd/system/remote-fs.target.
     [exec] Created symlink /etc/systemd/system/sysinit.target.wants/systemd-pstore.service → /usr/lib/systemd/system/systemd-pstore.service.
     [exec] Initializing machine ID from random generator.
     [exec] /usr/lib/tmpfiles.d/systemd-network.conf:10: Failed to resolve user 'systemd-network': No such process
     [exec] /usr/lib/tmpfiles.d/systemd-network.conf:11: Failed to resolve user 'systemd-network': No such process
     [exec] /usr/lib/tmpfiles.d/systemd-network.conf:12: Failed to resolve user 'systemd-network': No such process
     [exec] /usr/lib/tmpfiles.d/systemd-network.conf:13: Failed to resolve user 'systemd-network': No such process
     [exec] /usr/lib/tmpfiles.d/systemd.conf:22: Failed to resolve group 'systemd-journal': No such process
     [exec] /usr/lib/tmpfiles.d/systemd.conf:23: Failed to resolve group 'systemd-journal': No such process
     [exec] /usr/lib/tmpfiles.d/systemd.conf:28: Failed to resolve group 'systemd-journal': No such process
     [exec] /usr/lib/tmpfiles.d/systemd.conf:29: Failed to resolve group 'systemd-journal': No such process
     [exec] /usr/lib/tmpfiles.d/systemd.conf:30: Failed to resolve group 'systemd-journal': No such process
     [exec] Creating group 'systemd-journal' with GID 999.
     [exec] Creating group 'systemd-network' with GID 998.
     [exec] Creating user 'systemd-network' (systemd Network Management) with UID 998 and GID 998.
     [exec] Selecting previously unselected package systemd-sysv.
     [exec] (Reading database ... 
     [exec] (Reading database ... 5%(Reading database ... 10%(Reading database ... 15%(Reading database ... 20%(Reading database ... 25%(Reading database ... 30%(Reading database ... 35%(Reading database ... 40%(Reading database ... 45%(Reading database ... 50%(Reading database ... 55%(Reading database ... 60%(Reading database ... 65%(Reading database ... 70%(Reading database ... 75%(Reading database ... 80%(Reading database ... 85%(Reading database ... 90%(Reading database ... 95%(Reading database ... 100%(Reading database ... 8389 files and directories currently installed.)Preparing to unpack .../00-systemd-sysv_255.4-1ubuntu8.4_amd64.deb ...
     [exec] Unpacking systemd-sysv (255.4-1ubuntu8.4) ...
     [exec] Selecting previously unselected package sgml-base.
     [exec] Preparing to unpack .../01-sgml-base_1.31_all.deb ...
     [exec] Unpacking sgml-base (1.31) ...
     [exec] Selecting previously unselected package libdbus-1-3:amd64.
     [exec] Preparing to unpack .../02-libdbus-1-3_1.14.10-4ubuntu4.1_amd64.deb ...
     [exec] Unpacking libdbus-1-3:amd64 (1.14.10-4ubuntu4.1) ...
     [exec] Selecting previously unselected package dbus-bin.
     [exec] Preparing to unpack .../03-dbus-bin_1.14.10-4ubuntu4.1_amd64.deb ...
     [exec] Unpacking dbus-bin (1.14.10-4ubuntu4.1) ...
     [exec] Selecting previously unselected package dbus-session-bus-common.
     [exec] Preparing to unpack .../04-dbus-session-bus-common_1.14.10-4ubuntu4.1_all.deb ...
     [exec] Unpacking dbus-session-bus-common (1.14.10-4ubuntu4.1) ...
     [exec] Selecting previously unselected package dbus-daemon.
     [exec] Preparing to unpack .../05-dbus-daemon_1.14.10-4ubuntu4.1_amd64.deb ...
     [exec] Unpacking dbus-daemon (1.14.10-4ubuntu4.1) ...
     [exec] Selecting previously unselected package dbus-system-bus-common.
     [exec] Preparing to unpack .../06-dbus-system-bus-common_1.14.10-4ubuntu4.1_all.deb ...
     [exec] Unpacking dbus-system-bus-common (1.14.10-4ubuntu4.1) ...
     [exec] Selecting previously unselected package dbus.
     [exec] Preparing to unpack .../07-dbus_1.14.10-4ubuntu4.1_amd64.deb ...
     [exec] Unpacking dbus (1.14.10-4ubuntu4.1) ...
     [exec] Selecting previously unselected package distro-info-data.
     [exec] Preparing to unpack .../08-distro-info-data_0.60ubuntu0.2_all.deb ...
     [exec] Unpacking distro-info-data (0.60ubuntu0.2) ...
     [exec] Selecting previously unselected package libglib2.0-0t64:amd64.
     [exec] Preparing to unpack .../09-libglib2.0-0t64_2.80.0-6ubuntu3.2_amd64.deb ...
     [exec] Unpacking libglib2.0-0t64:amd64 (2.80.0-6ubuntu3.2) ...
     [exec] Selecting previously unselected package gir1.2-glib-2.0:amd64.
     [exec] Preparing to unpack .../10-gir1.2-glib-2.0_2.80.0-6ubuntu3.2_amd64.deb ...
     [exec] Unpacking gir1.2-glib-2.0:amd64 (2.80.0-6ubuntu3.2) ...
     [exec] Selecting previously unselected package libgirepository-1.0-1:amd64.
     [exec] Preparing to unpack .../11-libgirepository-1.0-1_1.80.1-1_amd64.deb ...
     [exec] Unpacking libgirepository-1.0-1:amd64 (1.80.1-1) ...
     [exec] Selecting previously unselected package gir1.2-girepository-2.0:amd64.
     [exec] Preparing to unpack .../12-gir1.2-girepository-2.0_1.80.1-1_amd64.deb ...
     [exec] Unpacking gir1.2-girepository-2.0:amd64 (1.80.1-1) ...
     [exec] Selecting previously unselected package iso-codes.
     [exec] Preparing to unpack .../13-iso-codes_4.16.0-1_all.deb ...
     [exec] Unpacking iso-codes (4.16.0-1) ...
     [exec] Selecting previously unselected package libcap2-bin.
     [exec] Preparing to unpack .../14-libcap2-bin_1%3a2.66-5ubuntu2_amd64.deb ...
     [exec] Unpacking libcap2-bin (1:2.66-5ubuntu2) ...
     [exec] Selecting previously unselected package libelf1t64:amd64.
     [exec] Preparing to unpack .../15-libelf1t64_0.190-1.1build4_amd64.deb ...
     [exec] Unpacking libelf1t64:amd64 (0.190-1.1build4) ...
     [exec] Selecting previously unselected package libglib2.0-data.
     [exec] Preparing to unpack .../16-libglib2.0-data_2.80.0-6ubuntu3.2_all.deb ...
     [exec] Unpacking libglib2.0-data (2.80.0-6ubuntu3.2) ...
     [exec] Selecting previously unselected package libicu74:amd64.
     [exec] Preparing to unpack .../17-libicu74_74.2-1ubuntu3.1_amd64.deb ...
     [exec] Unpacking libicu74:amd64 (74.2-1ubuntu3.1) ...
     [exec] Selecting previously unselected package libpam-systemd:amd64.
     [exec] Preparing to unpack .../18-libpam-systemd_255.4-1ubuntu8.4_amd64.deb ...
     [exec] Unpacking libpam-systemd:amd64 (255.4-1ubuntu8.4) ...
     [exec] Selecting previously unselected package libxml2:amd64.
     [exec] Preparing to unpack .../19-libxml2_2.9.14+dfsg-1.3ubuntu3_amd64.deb ...
     [exec] Unpacking libxml2:amd64 (2.9.14+dfsg-1.3ubuntu3) ...
     [exec] Selecting previously unselected package libyaml-0-2:amd64.
     [exec] Preparing to unpack .../20-libyaml-0-2_0.2.5-1build1_amd64.deb ...
     [exec] Unpacking libyaml-0-2:amd64 (0.2.5-1build1) ...
     [exec] Selecting previously unselected package lsb-release.
     [exec] Preparing to unpack .../21-lsb-release_12.0-2_all.deb ...
     [exec] Unpacking lsb-release (12.0-2) ...
     [exec] Selecting previously unselected package python-apt-common.
     [exec] Preparing to unpack .../22-python-apt-common_2.7.7ubuntu3_all.deb ...
     [exec] Unpacking python-apt-common (2.7.7ubuntu3) ...
     [exec] Selecting previously unselected package python3-apt.
     [exec] Preparing to unpack .../23-python3-apt_2.7.7ubuntu3_amd64.deb ...
     [exec] Unpacking python3-apt (2.7.7ubuntu3) ...
     [exec] Selecting previously unselected package python3-cffi-backend:amd64.
     [exec] Preparing to unpack .../24-python3-cffi-backend_1.16.0-2build1_amd64.deb ...
     [exec] Unpacking python3-cffi-backend:amd64 (1.16.0-2build1) ...
     [exec] Selecting previously unselected package python3-dbus.
     [exec] Preparing to unpack .../25-python3-dbus_1.3.2-5build3_amd64.deb ...
     [exec] Unpacking python3-dbus (1.3.2-5build3) ...
     [exec] Selecting previously unselected package python3-gi.
     [exec] Preparing to unpack .../26-python3-gi_3.48.2-1_amd64.deb ...
     [exec] Unpacking python3-gi (3.48.2-1) ...
     [exec] Selecting previously unselected package python3-pkg-resources.
     [exec] Preparing to unpack .../27-python3-pkg-resources_68.1.2-2ubuntu1.1_all.deb ...
     [exec] Unpacking python3-pkg-resources (68.1.2-2ubuntu1.1) ...
     [exec] Selecting previously unselected package libpackagekit-glib2-18:amd64.
     [exec] Preparing to unpack .../28-libpackagekit-glib2-18_1.2.8-2build3_amd64.deb ...
     [exec] Unpacking libpackagekit-glib2-18:amd64 (1.2.8-2build3) ...
     [exec] Selecting previously unselected package gir1.2-packagekitglib-1.0.
     [exec] Preparing to unpack .../29-gir1.2-packagekitglib-1.0_1.2.8-2build3_amd64.deb ...
     [exec] Unpacking gir1.2-packagekitglib-1.0 (1.2.8-2build3) ...
     [exec] Selecting previously unselected package libcurl3t64-gnutls:amd64.
     [exec] Preparing to unpack .../30-libcurl3t64-gnutls_8.5.0-2ubuntu10.5_amd64.deb ...
     [exec] Unpacking libcurl3t64-gnutls:amd64 (8.5.0-2ubuntu10.5) ...
     [exec] Selecting previously unselected package libstemmer0d:amd64.
     [exec] Preparing to unpack .../31-libstemmer0d_2.2.0-4build1_amd64.deb ...
     [exec] Unpacking libstemmer0d:amd64 (2.2.0-4build1) ...
     [exec] Selecting previously unselected package libxmlb2:amd64.
     [exec] Preparing to unpack .../32-libxmlb2_0.3.18-1_amd64.deb ...
     [exec] Unpacking libxmlb2:amd64 (0.3.18-1) ...
     [exec] Selecting previously unselected package libappstream5:amd64.
     [exec] Preparing to unpack .../33-libappstream5_1.0.2-1build6_amd64.deb ...
     [exec] Unpacking libappstream5:amd64 (1.0.2-1build6) ...
     [exec] Selecting previously unselected package libduktape207:amd64.
     [exec] Preparing to unpack .../34-libduktape207_2.7.0+tests-0ubuntu3_amd64.deb ...
     [exec] Unpacking libduktape207:amd64 (2.7.0+tests-0ubuntu3) ...
     [exec] Selecting previously unselected package libdw1t64:amd64.
     [exec] Preparing to unpack .../35-libdw1t64_0.190-1.1build4_amd64.deb ...
     [exec] Unpacking libdw1t64:amd64 (0.190-1.1build4) ...
     [exec] Selecting previously unselected package libglib2.0-bin.
     [exec] Preparing to unpack .../36-libglib2.0-bin_2.80.0-6ubuntu3.2_amd64.deb ...
     [exec] Unpacking libglib2.0-bin (2.80.0-6ubuntu3.2) ...
     [exec] Selecting previously unselected package libunwind8:amd64.
     [exec] Preparing to unpack .../37-libunwind8_1.6.2-3build1_amd64.deb ...
     [exec] Unpacking libunwind8:amd64 (1.6.2-3build1) ...
     [exec] Selecting previously unselected package libgstreamer1.0-0:amd64.
     [exec] Preparing to unpack .../38-libgstreamer1.0-0_1.24.2-1_amd64.deb ...
     [exec] Unpacking libgstreamer1.0-0:amd64 (1.24.2-1) ...
     [exec] Selecting previously unselected package libpolkit-gobject-1-0:amd64.
     [exec] Preparing to unpack .../39-libpolkit-gobject-1-0_124-2ubuntu1_amd64.deb ...
     [exec] Unpacking libpolkit-gobject-1-0:amd64 (124-2ubuntu1) ...
     [exec] Selecting previously unselected package libpolkit-agent-1-0:amd64.
     [exec] Preparing to unpack .../40-libpolkit-agent-1-0_124-2ubuntu1_amd64.deb ...
     [exec] Unpacking libpolkit-agent-1-0:amd64 (124-2ubuntu1) ...
     [exec] Selecting previously unselected package xml-core.
     [exec] Preparing to unpack .../41-xml-core_0.19_all.deb ...
     [exec] Unpacking xml-core (0.19) ...
     [exec] Selecting previously unselected package polkitd.
     [exec] Preparing to unpack .../42-polkitd_124-2ubuntu1_amd64.deb ...
     [exec] Unpacking polkitd (124-2ubuntu1) ...
     [exec] Selecting previously unselected package python3-blinker.
     [exec] Preparing to unpack .../43-python3-blinker_1.7.0-1_all.deb ...
     [exec] Unpacking python3-blinker (1.7.0-1) ...
     [exec] Selecting previously unselected package python3-cryptography.
     [exec] Preparing to unpack .../44-python3-cryptography_41.0.7-4ubuntu0.1_amd64.deb ...
     [exec] Unpacking python3-cryptography (41.0.7-4ubuntu0.1) ...
     [exec] Selecting previously unselected package python3-pyparsing.
     [exec] Preparing to unpack .../45-python3-pyparsing_3.1.1-1_all.deb ...
     [exec] Unpacking python3-pyparsing (3.1.1-1) ...
     [exec] Selecting previously unselected package python3-httplib2.
     [exec] Preparing to unpack .../46-python3-httplib2_0.20.4-3_all.deb ...
     [exec] Unpacking python3-httplib2 (0.20.4-3) ...
     [exec] Selecting previously unselected package python3-jwt.
     [exec] Preparing to unpack .../47-python3-jwt_2.7.0-1_all.deb ...
     [exec] Unpacking python3-jwt (2.7.0-1) ...
     [exec] Selecting previously unselected package python3-lazr.uri.
     [exec] Preparing to unpack .../48-python3-lazr.uri_1.0.6-3_all.deb ...
     [exec] Unpacking python3-lazr.uri (1.0.6-3) ...
     [exec] Selecting previously unselected package python3-wadllib.
     [exec] Preparing to unpack .../49-python3-wadllib_1.3.6-5_all.deb ...
     [exec] Unpacking python3-wadllib (1.3.6-5) ...
     [exec] Selecting previously unselected package python3-distro.
     [exec] Preparing to unpack .../50-python3-distro_1.9.0-1_all.deb ...
     [exec] Unpacking python3-distro (1.9.0-1) ...
     [exec] Selecting previously unselected package python3-oauthlib.
     [exec] Preparing to unpack .../51-python3-oauthlib_3.2.2-1_all.deb ...
     [exec] Unpacking python3-oauthlib (3.2.2-1) ...
     [exec] Selecting previously unselected package python3-lazr.restfulclient.
     [exec] Preparing to unpack .../52-python3-lazr.restfulclient_0.14.6-1_all.deb ...
     [exec] Unpacking python3-lazr.restfulclient (0.14.6-1) ...
     [exec] Selecting previously unselected package python3-six.
     [exec] Preparing to unpack .../53-python3-six_1.16.0-4_all.deb ...
     [exec] Unpacking python3-six (1.16.0-4) ...
     [exec] Selecting previously unselected package python3-launchpadlib.
     [exec] Preparing to unpack .../54-python3-launchpadlib_1.11.0-6_all.deb ...
     [exec] Unpacking python3-launchpadlib (1.11.0-6) ...
     [exec] Selecting previously unselected package python3-software-properties.
     [exec] Preparing to unpack .../55-python3-software-properties_0.99.49.1_all.deb ...
     [exec] Unpacking python3-software-properties (0.99.49.1) ...
     [exec] Selecting previously unselected package packagekit.
     [exec] Preparing to unpack .../56-packagekit_1.2.8-2build3_amd64.deb ...
     [exec] Unpacking packagekit (1.2.8-2build3) ...
     [exec] Selecting previously unselected package software-properties-common.
     [exec] Preparing to unpack .../57-software-properties-common_0.99.49.1_all.deb ...
     [exec] Unpacking software-properties-common (0.99.49.1) ...
     [exec] Setting up media-types (10.1.0) ...
     [exec] Setting up systemd-sysv (255.4-1ubuntu8.4) ...
     [exec] Setting up libyaml-0-2:amd64 (0.2.5-1build1) ...
     [exec] Setting up distro-info-data (0.60ubuntu0.2) ...
     [exec] Setting up libcurl3t64-gnutls:amd64 (8.5.0-2ubuntu10.5) ...
     [exec] Setting up libunwind8:amd64 (1.6.2-3build1) ...
     [exec] Setting up libelf1t64:amd64 (0.190-1.1build4) ...
     [exec] Setting up libdw1t64:amd64 (0.190-1.1build4) ...
     [exec] Setting up libcap2-bin (1:2.66-5ubuntu2) ...
     [exec] Setting up libglib2.0-0t64:amd64 (2.80.0-6ubuntu3.2) ...
     [exec] No schema files found: doing nothing.
     [exec] Setting up libglib2.0-data (2.80.0-6ubuntu3.2) ...
     [exec] Setting up libdbus-1-3:amd64 (1.14.10-4ubuntu4.1) ...
     [exec] Setting up gir1.2-glib-2.0:amd64 (2.80.0-6ubuntu3.2) ...
     [exec] Setting up libicu74:amd64 (74.2-1ubuntu3.1) ...
     [exec] Setting up python-apt-common (2.7.7ubuntu3) ...
     [exec] Setting up libduktape207:amd64 (2.7.0+tests-0ubuntu3) ...
     [exec] Setting up dbus-session-bus-common (1.14.10-4ubuntu4.1) ...
     [exec] Setting up libgirepository-1.0-1:amd64 (1.80.1-1) ...
     [exec] Setting up netbase (6.4) ...
     [exec] Setting up sgml-base (1.31) ...
     [exec] Setting up libstemmer0d:amd64 (2.2.0-4build1) ...
     [exec] Setting up lsb-release (12.0-2) ...
     [exec] Setting up dbus-system-bus-common (1.14.10-4ubuntu4.1) ...
     [exec] Setting up libxml2:amd64 (2.9.14+dfsg-1.3ubuntu3) ...
     [exec] Setting up iso-codes (4.16.0-1) ...
     [exec] Setting up dbus-bin (1.14.10-4ubuntu4.1) ...
     [exec] Setting up libpolkit-gobject-1-0:amd64 (124-2ubuntu1) ...
     [exec] Setting up libgstreamer1.0-0:amd64 (1.24.2-1) ...
     [exec] Setcap worked! gst-ptp-helper is not suid!
     [exec] Setting up libpython3.12-stdlib:amd64 (3.12.3-1ubuntu0.3) ...
     [exec] Setting up libxmlb2:amd64 (0.3.18-1) ...
     [exec] Setting up python3.12 (3.12.3-1ubuntu0.3) ...
     [exec] Setting up libglib2.0-bin (2.80.0-6ubuntu3.2) ...
     [exec] Setting up libpackagekit-glib2-18:amd64 (1.2.8-2build3) ...
     [exec] Setting up libappstream5:amd64 (1.0.2-1build6) ...
     [exec] Setting up dbus-daemon (1.14.10-4ubuntu4.1) ...
     [exec] Setting up gir1.2-packagekitglib-1.0 (1.2.8-2build3) ...
     [exec] Setting up gir1.2-girepository-2.0:amd64 (1.80.1-1) ...
     [exec] Setting up dbus (1.14.10-4ubuntu4.1) ...
     [exec] Setting up xml-core (0.19) ...
     [exec] Setting up libpam-systemd:amd64 (255.4-1ubuntu8.4) ...
     [exec] debconf: unable to initialize frontend: Dialog
     [exec] debconf: (TERM is not set, so the dialog frontend is not usable.)
     [exec] debconf: falling back to frontend: Readline
     [exec] debconf: unable to initialize frontend: Readline
     [exec] debconf: (Can't locate Term/ReadLine.pm in @INC (you may need to install the Term::ReadLine module) (@INC entries checked: /etc/perl /usr/local/lib/x86_64-linux-gnu/perl/5.38.2 /usr/local/share/perl/5.38.2 /usr/lib/x86_64-linux-gnu/perl5/5.38 /usr/share/perl5 /usr/lib/x86_64-linux-gnu/perl-base /usr/lib/x86_64-linux-gnu/perl/5.38 /usr/share/perl/5.38 /usr/local/lib/site_perl) at /usr/share/perl5/Debconf/FrontEnd/Readline.pm line 8.)
     [exec] debconf: falling back to frontend: Teletype
     [exec] Setting up libpolkit-agent-1-0:amd64 (124-2ubuntu1) ...
     [exec] Setting up libpython3-stdlib:amd64 (3.12.3-0ubuntu2) ...
     [exec] Setting up python3 (3.12.3-0ubuntu2) ...
     [exec] running python rtupdate hooks for python3.12...
     [exec] running python post-rtupdate hooks for python3.12...
     [exec] Setting up python3-six (1.16.0-4) ...
     [exec] Setting up python3-pyparsing (3.1.1-1) ...
     [exec] Setting up python3-gi (3.48.2-1) ...
     [exec] Setting up python3-httplib2 (0.20.4-3) ...
     [exec] Setting up python3-cffi-backend:amd64 (1.16.0-2build1) ...
     [exec] Setting up python3-blinker (1.7.0-1) ...
     [exec] Setting up python3-pkg-resources (68.1.2-2ubuntu1.1) ...
     [exec] Setting up python3-dbus (1.3.2-5build3) ...
     [exec] Setting up python3-distro (1.9.0-1) ...
     [exec] Setting up python3-jwt (2.7.0-1) ...
     [exec] Setting up python3-apt (2.7.7ubuntu3) ...
     [exec] Setting up python3-lazr.uri (1.0.6-3) ...
     [exec] Setting up python3-cryptography (41.0.7-4ubuntu0.1) ...
     [exec] Setting up python3-wadllib (1.3.6-5) ...
     [exec] Setting up python3-oauthlib (3.2.2-1) ...
     [exec] Setting up python3-lazr.restfulclient (0.14.6-1) ...
     [exec] Setting up python3-launchpadlib (1.11.0-6) ...
     [exec] Created symlink /etc/systemd/user/timers.target.wants/launchpadlib-cache-clean.timer → /usr/lib/systemd/user/launchpadlib-cache-clean.timer.
     [exec] Setting up python3-software-properties (0.99.49.1) ...
     [exec] Processing triggers for libc-bin (2.39-0ubuntu8.3) ...
     [exec] Processing triggers for sgml-base (1.31) ...
     [exec] Setting up polkitd (124-2ubuntu1) ...
     [exec] Creating group 'polkitd' with GID 997.
     [exec] Creating user 'polkitd' (User for polkitd) with UID 997 and GID 997.
     [exec] invoke-rc.d: could not determine current runlevel
     [exec] invoke-rc.d: policy-rc.d denied execution of reload.
     [exec] start-stop-daemon: unable to stat /usr/libexec/polkitd (No such file or directory)
     [exec] Setting up packagekit (1.2.8-2build3) ...
     [exec] invoke-rc.d: could not determine current runlevel
     [exec] invoke-rc.d: policy-rc.d denied execution of force-reload.
     [exec] Failed to open connection to "system" message bus: Failed to connect to socket /run/dbus/system_bus_socket: No such file or directory
     [exec] Created symlink /etc/systemd/user/sockets.target.wants/pk-debconf-helper.socket → /usr/lib/systemd/user/pk-debconf-helper.socket.
     [exec] Setting up software-properties-common (0.99.49.1) ...
     [exec] Processing triggers for dbus (1.14.10-4ubuntu4.1) ...
     [exec] Hit:1 http://archive.ubuntu.com/ubuntu noble InRelease
     [exec] Hit:2 http://archive.ubuntu.com/ubuntu noble-updates InRelease
     [exec] Hit:3 http://archive.ubuntu.com/ubuntu noble-backports InRelease
     [exec] Get:4 https://ppa.launchpadcontent.net/ubuntu-toolchain-r/test/ubuntu noble InRelease [24.4 kB]
     [exec] Hit:5 http://security.ubuntu.com/ubuntu noble-security InRelease
     [exec] Fetched 24.4 kB in 0s (79.8 kB/s)
     [exec] Reading package lists...
     [exec] PPA publishes dbgsym, you may need to include 'main/debug' component
     [exec] Repository: 'Types: deb
     [exec] URIs: https://ppa.launchpadcontent.net/ubuntu-toolchain-r/test/ubuntu/
     [exec] Suites: noble
     [exec] Components: main
     [exec] '
     [exec] Description:
     [exec] Toolchain test builds; see https://wiki.ubuntu.com/ToolChain
     [exec] 
     [exec] More info: https://launchpad.net/~ubuntu-toolchain-r/+archive/ubuntu/test
     [exec] Adding repository.
     [exec] Hit:1 http://archive.ubuntu.com/ubuntu noble InRelease
     [exec] Hit:2 http://archive.ubuntu.com/ubuntu noble-updates InRelease
     [exec] Hit:3 https://ppa.launchpadcontent.net/ubuntu-toolchain-r/test/ubuntu noble InRelease
     [exec] Hit:4 http://archive.ubuntu.com/ubuntu noble-backports InRelease
     [exec] Hit:5 http://security.ubuntu.com/ubuntu noble-security InRelease
     [exec] Reading package lists...
     [exec] Reading package lists...
     [exec] Building dependency tree...
     [exec] Reading state information...
     [exec] The following additional packages will be installed:
     [exec]   ant asciidoc-base asciidoc-common binutils binutils-common
     [exec]   binutils-x86-64-linux-gnu bzip2 ca-certificates-java cpp cpp-13
     [exec]   cpp-13-x86-64-linux-gnu cpp-x86-64-linux-gnu default-jre-headless
     [exec]   docbook-xsl dpkg-dev g++ g++-13 g++-13-x86-64-linux-gnu g++-x86-64-linux-gnu
     [exec]   gcc gcc-13 gcc-13-base gcc-13-x86-64-linux-gnu gcc-x86-64-linux-gnu git-man
     [exec]   java-common libasan8 libatomic1 libbinutils libc-dev-bin libc6-dev libcc1-0
     [exec]   libcrypt-dev libctf-nobfd0 libctf0 libdpkg-perl liberror-perl libgcc-13-dev
     [exec]   libgdbm-compat4t64 libgdbm6t64 libgomp1 libgprofng0 libhwasan0 libisl23
     [exec]   libitm1 libjansson4 libjpeg-turbo8 libjpeg8 liblcms2-2 liblsan0 libmpc3
     [exec]   libmpfr6 libnspr4 libnss3 libpcsclite1 libperl5.38t64 libquadmath0
     [exec]   libsframe1 libstdc++-13-dev libtsan2 libubsan1 libxml2-utils libxslt1.1
     [exec]   linux-libc-dev lto-disabled-list make openjdk-21-jre-headless patch perl
     [exec]   perl-modules-5.38 rpcsvc-proto xsltproc xz-utils
     [exec] Suggested packages:
     [exec]   ant-doc default-jdk | java-compiler | java-sdk ivy libbcel-java
     [exec]   libcommons-httpclient-java asciidoc-doc docbook-utils source-highlight
     [exec]   binutils-doc gprofng-gui bzip2-doc cpp-doc gcc-13-locales cpp-13-doc
     [exec]   default-jre dbtoepub docbook-xsl-doc-html | docbook-xsl-doc-pdf
     [exec]   | docbook-xsl-doc-text | docbook-xsl-doc docbook-xsl-saxon fop libsaxon-java
     [exec]   libxalan2-java libxslthl-java xalan debian-keyring g++-multilib
     [exec]   g++-13-multilib gcc-13-doc gcc-multilib manpages-dev autoconf automake
     [exec]   libtool flex bison gdb gcc-doc gcc-13-multilib gdb-x86-64-linux-gnu
     [exec]   gettext-base git-daemon-run | git-daemon-sysvinit git-doc git-email git-gui
     [exec]   gitk gitweb git-cvs git-mediawiki git-svn glibc-doc bzr gdbm-l10n
     [exec]   liblcms2-utils pcscd libstdc++-13-doc make-doc libnss-mdns
     [exec]   fonts-dejavu-extra fonts-ipafont-gothic fonts-ipafont-mincho
     [exec]   fonts-wqy-microhei | fonts-wqy-zenhei fonts-indic ed diffutils-doc perl-doc
     [exec]   libterm-readline-gnu-perl | libterm-readline-perl-perl
     [exec]   libtap-harness-archive-perl
     [exec] Recommended packages:
     [exec]   ant-optional asciidoc-dblatex xmlto docbook-xml fakeroot
     [exec]   libalgorithm-merge-perl less ssh-client manpages manpages-dev libc-devtools
     [exec]   libfile-fcntllock-perl liblocale-gettext-perl libcups2t64 libharfbuzz0b
     [exec]   libasound2t64
     [exec] The following NEW packages will be installed:
     [exec]   ant ant-contrib asciidoc asciidoc-base asciidoc-common binutils
     [exec]   binutils-common binutils-x86-64-linux-gnu build-essential bzip2
     [exec]   ca-certificates-java cpp cpp-13 cpp-13-x86-64-linux-gnu cpp-x86-64-linux-gnu
     [exec]   default-jre-headless docbook-xsl dpkg-dev g++ g++-13 g++-13-x86-64-linux-gnu
     [exec]   g++-x86-64-linux-gnu gcc gcc-13 gcc-13-base gcc-13-x86-64-linux-gnu
     [exec]   gcc-x86-64-linux-gnu git git-man java-common libasan8 libatomic1 libbinutils
     [exec]   libc-dev-bin libc6-dev libcc1-0 libcrypt-dev libctf-nobfd0 libctf0
     [exec]   libdpkg-perl liberror-perl libgcc-13-dev libgdbm-compat4t64 libgdbm6t64
     [exec]   libgomp1 libgprofng0 libhwasan0 libisl23 libitm1 libjansson4 libjpeg-turbo8
     [exec]   libjpeg8 liblcms2-2 liblsan0 libmpc3 libmpfr6 libnspr4 libnss3 libpcsclite1
     [exec]   libperl5.38t64 libquadmath0 libsframe1 libstdc++-13-dev libtsan2 libubsan1
     [exec]   libxml2-utils libxslt1.1 linux-libc-dev lto-disabled-list make
     [exec]   openjdk-21-jre-headless patch perl perl-modules-5.38 rpcsvc-proto xsltproc
     [exec]   xz-utils
     [exec] 0 upgraded, 77 newly installed, 0 to remove and 0 not upgraded.
     [exec] Need to get 138 MB of archives.
     [exec] After this operation, 573 MB of additional disk space will be used.
     [exec] Get:1 http://archive.ubuntu.com/ubuntu noble/main amd64 perl-modules-5.38 all 5.38.2-3.2build2 [3,110 kB]
     [exec] Get:2 http://archive.ubuntu.com/ubuntu noble/main amd64 libgdbm6t64 amd64 1.23-5.1build1 [34.4 kB]
     [exec] Get:3 http://archive.ubuntu.com/ubuntu noble/main amd64 libgdbm-compat4t64 amd64 1.23-5.1build1 [6,710 B]
     [exec] Get:4 http://archive.ubuntu.com/ubuntu noble/main amd64 libperl5.38t64 amd64 5.38.2-3.2build2 [4,873 kB]
     [exec] Get:5 http://archive.ubuntu.com/ubuntu noble/main amd64 perl amd64 5.38.2-3.2build2 [231 kB]
     [exec] Get:6 http://archive.ubuntu.com/ubuntu noble/main amd64 libjansson4 amd64 2.14-2build2 [32.8 kB]
     [exec] Get:7 http://archive.ubuntu.com/ubuntu noble-updates/main amd64 xz-utils amd64 5.6.1+really5.4.5-1build0.1 [267 kB]
     [exec] Get:8 http://archive.ubuntu.com/ubuntu noble/main amd64 ca-certificates-java all 20240118 [11.6 kB]
     [exec] Get:9 http://archive.ubuntu.com/ubuntu noble/main amd64 java-common all 0.75+exp1 [6,798 B]
     [exec] Get:10 http://archive.ubuntu.com/ubuntu noble/main amd64 liblcms2-2 amd64 2.14-2build1 [161 kB]
     [exec] Get:11 http://archive.ubuntu.com/ubuntu noble/main amd64 libjpeg-turbo8 amd64 2.1.5-2ubuntu2 [150 kB]
     [exec] Get:12 http://archive.ubuntu.com/ubuntu noble/main amd64 libjpeg8 amd64 8c-2ubuntu11 [2,148 B]
     [exec] Get:13 http://archive.ubuntu.com/ubuntu noble/main amd64 libnspr4 amd64 2:4.35-1.1build1 [117 kB]
     [exec] Get:14 http://archive.ubuntu.com/ubuntu noble/main amd64 libnss3 amd64 2:3.98-1build1 [1,445 kB]
     [exec] Get:15 http://archive.ubuntu.com/ubuntu noble/main amd64 libpcsclite1 amd64 2.0.3-1build1 [21.4 kB]
     [exec] Get:16 http://archive.ubuntu.com/ubuntu noble-updates/main amd64 openjdk-21-jre-headless amd64 21.0.5+11-1ubuntu1~24.04 [46.4 MB]
     [exec] Get:17 http://archive.ubuntu.com/ubuntu noble/main amd64 default-jre-headless amd64 2:1.21-75+exp1 [3,094 B]
     [exec] Get:18 http://archive.ubuntu.com/ubuntu noble/universe amd64 ant all 1.10.14-1 [2,147 kB]
     [exec] Get:19 http://archive.ubuntu.com/ubuntu noble/universe amd64 asciidoc-common all 10.2.0-2 [104 kB]
     [exec] Get:20 http://archive.ubuntu.com/ubuntu noble/universe amd64 docbook-xsl all 1.79.2+dfsg-7 [1,070 kB]
     [exec] Get:21 http://archive.ubuntu.com/ubuntu noble/main amd64 libxml2-utils amd64 2.9.14+dfsg-1.3ubuntu3 [39.4 kB]
     [exec] Get:22 http://archive.ubuntu.com/ubuntu noble/main amd64 libxslt1.1 amd64 1.1.39-0exp1build1 [167 kB]
     [exec] Get:23 http://archive.ubuntu.com/ubuntu noble/main amd64 xsltproc amd64 1.1.39-0exp1build1 [15.0 kB]
     [exec] Get:24 http://archive.ubuntu.com/ubuntu noble/universe amd64 asciidoc-base all 10.2.0-2 [83.6 kB]
     [exec] Get:25 http://archive.ubuntu.com/ubuntu noble/universe amd64 asciidoc all 10.2.0-2 [3,248 B]
     [exec] Get:26 http://archive.ubuntu.com/ubuntu noble-updates/main amd64 binutils-common amd64 2.42-4ubuntu2.3 [239 kB]
     [exec] Get:27 http://archive.ubuntu.com/ubuntu noble-updates/main amd64 libsframe1 amd64 2.42-4ubuntu2.3 [14.9 kB]
     [exec] Get:28 http://archive.ubuntu.com/ubuntu noble-updates/main amd64 libbinutils amd64 2.42-4ubuntu2.3 [575 kB]
     [exec] Get:29 http://archive.ubuntu.com/ubuntu noble-updates/main amd64 libctf-nobfd0 amd64 2.42-4ubuntu2.3 [97.1 kB]
     [exec] Get:30 http://archive.ubuntu.com/ubuntu noble-updates/main amd64 libctf0 amd64 2.42-4ubuntu2.3 [94.5 kB]
     [exec] Get:31 http://archive.ubuntu.com/ubuntu noble-updates/main amd64 libgprofng0 amd64 2.42-4ubuntu2.3 [849 kB]
     [exec] Get:32 http://archive.ubuntu.com/ubuntu noble-updates/main amd64 binutils-x86-64-linux-gnu amd64 2.42-4ubuntu2.3 [2,463 kB]
     [exec] Get:33 http://archive.ubuntu.com/ubuntu noble-updates/main amd64 binutils amd64 2.42-4ubuntu2.3 [18.1 kB]
     [exec] Get:34 http://archive.ubuntu.com/ubuntu noble-updates/main amd64 libc-dev-bin amd64 2.39-0ubuntu8.3 [60.8 kB]
     [exec] Get:35 http://archive.ubuntu.com/ubuntu noble-updates/main amd64 linux-libc-dev amd64 6.8.0-49.49 [1,716 kB]
     [exec] Get:36 http://archive.ubuntu.com/ubuntu noble/main amd64 libcrypt-dev amd64 1:4.4.36-4build1 [112 kB]
     [exec] Get:37 http://archive.ubuntu.com/ubuntu noble/main amd64 rpcsvc-proto amd64 1.4.2-0ubuntu7 [67.4 kB]
     [exec] Get:38 http://archive.ubuntu.com/ubuntu noble-updates/main amd64 libc6-dev amd64 2.39-0ubuntu8.3 [2,164 kB]
     [exec] Get:39 http://archive.ubuntu.com/ubuntu noble/main amd64 gcc-13-base amd64 13.2.0-23ubuntu4 [49.0 kB]
     [exec] Get:40 http://archive.ubuntu.com/ubuntu noble/main amd64 libisl23 amd64 0.26-3build1 [680 kB]
     [exec] Get:41 http://archive.ubuntu.com/ubuntu noble/main amd64 libmpfr6 amd64 4.2.1-1build1 [355 kB]
     [exec] Get:42 http://archive.ubuntu.com/ubuntu noble/main amd64 libmpc3 amd64 1.3.1-1build1 [54.5 kB]
     [exec] Get:43 http://archive.ubuntu.com/ubuntu noble/main amd64 cpp-13-x86-64-linux-gnu amd64 13.2.0-23ubuntu4 [11.2 MB]
     [exec] Get:44 http://archive.ubuntu.com/ubuntu noble/main amd64 cpp-13 amd64 13.2.0-23ubuntu4 [1,032 B]
     [exec] Get:45 http://archive.ubuntu.com/ubuntu noble/main amd64 cpp-x86-64-linux-gnu amd64 4:13.2.0-7ubuntu1 [5,326 B]
     [exec] Get:46 http://archive.ubuntu.com/ubuntu noble/main amd64 cpp amd64 4:13.2.0-7ubuntu1 [22.4 kB]
     [exec] Get:47 http://archive.ubuntu.com/ubuntu noble-updates/main amd64 libcc1-0 amd64 14.2.0-4ubuntu2~24.04 [48.0 kB]
     [exec] Get:48 http://archive.ubuntu.com/ubuntu noble-updates/main amd64 libgomp1 amd64 14.2.0-4ubuntu2~24.04 [148 kB]
     [exec] Get:49 http://archive.ubuntu.com/ubuntu noble-updates/main amd64 libitm1 amd64 14.2.0-4ubuntu2~24.04 [29.7 kB]
     [exec] Get:50 http://archive.ubuntu.com/ubuntu noble-updates/main amd64 libatomic1 amd64 14.2.0-4ubuntu2~24.04 [10.5 kB]
     [exec] Get:51 http://archive.ubuntu.com/ubuntu noble-updates/main amd64 libasan8 amd64 14.2.0-4ubuntu2~24.04 [3,031 kB]
     [exec] Get:52 http://archive.ubuntu.com/ubuntu noble-updates/main amd64 liblsan0 amd64 14.2.0-4ubuntu2~24.04 [1,322 kB]
     [exec] Get:53 http://archive.ubuntu.com/ubuntu noble-updates/main amd64 libtsan2 amd64 14.2.0-4ubuntu2~24.04 [2,772 kB]
     [exec] Get:54 http://archive.ubuntu.com/ubuntu noble-updates/main amd64 libubsan1 amd64 14.2.0-4ubuntu2~24.04 [1,184 kB]
     [exec] Get:55 http://archive.ubuntu.com/ubuntu noble-updates/main amd64 libhwasan0 amd64 14.2.0-4ubuntu2~24.04 [1,641 kB]
     [exec] Get:56 http://archive.ubuntu.com/ubuntu noble-updates/main amd64 libquadmath0 amd64 14.2.0-4ubuntu2~24.04 [153 kB]
     [exec] Get:57 http://archive.ubuntu.com/ubuntu noble/main amd64 libgcc-13-dev amd64 13.2.0-23ubuntu4 [2,688 kB]
     [exec] Get:58 http://archive.ubuntu.com/ubuntu noble/main amd64 gcc-13-x86-64-linux-gnu amd64 13.2.0-23ubuntu4 [21.9 MB]
     [exec] Get:59 http://archive.ubuntu.com/ubuntu noble/main amd64 gcc-13 amd64 13.2.0-23ubuntu4 [482 kB]
     [exec] Get:60 http://archive.ubuntu.com/ubuntu noble/main amd64 gcc-x86-64-linux-gnu amd64 4:13.2.0-7ubuntu1 [1,212 B]
     [exec] Get:61 http://archive.ubuntu.com/ubuntu noble/main amd64 gcc amd64 4:13.2.0-7ubuntu1 [5,018 B]
     [exec] Get:62 http://archive.ubuntu.com/ubuntu noble/main amd64 libstdc++-13-dev amd64 13.2.0-23ubuntu4 [2,399 kB]
     [exec] Get:63 http://archive.ubuntu.com/ubuntu noble/main amd64 g++-13-x86-64-linux-gnu amd64 13.2.0-23ubuntu4 [12.5 MB]
     [exec] Get:64 http://archive.ubuntu.com/ubuntu noble/main amd64 g++-13 amd64 13.2.0-23ubuntu4 [14.5 kB]
     [exec] Get:65 http://archive.ubuntu.com/ubuntu noble/main amd64 g++-x86-64-linux-gnu amd64 4:13.2.0-7ubuntu1 [964 B]
     [exec] Get:66 http://archive.ubuntu.com/ubuntu noble/main amd64 g++ amd64 4:13.2.0-7ubuntu1 [1,100 B]
     [exec] Get:67 http://archive.ubuntu.com/ubuntu noble/main amd64 make amd64 4.3-4.1build2 [180 kB]
     [exec] Get:68 http://archive.ubuntu.com/ubuntu noble-updates/main amd64 libdpkg-perl all 1.22.6ubuntu6.1 [269 kB]
     [exec] Get:69 http://archive.ubuntu.com/ubuntu noble-updates/main amd64 bzip2 amd64 1.0.8-5.1build0.1 [34.5 kB]
     [exec] Get:70 http://archive.ubuntu.com/ubuntu noble/main amd64 patch amd64 2.7.6-7build3 [104 kB]
     [exec] Get:71 http://archive.ubuntu.com/ubuntu noble/main amd64 lto-disabled-list all 47 [12.4 kB]
     [exec] Get:72 http://archive.ubuntu.com/ubuntu noble-updates/main amd64 dpkg-dev all 1.22.6ubuntu6.1 [1,074 kB]
     [exec] Get:73 http://archive.ubuntu.com/ubuntu noble/main amd64 build-essential amd64 12.10ubuntu1 [4,928 B]
     [exec] Get:74 http://archive.ubuntu.com/ubuntu noble/main amd64 liberror-perl all 0.17029-2 [25.6 kB]
     [exec] Get:75 http://archive.ubuntu.com/ubuntu noble-updates/main amd64 git-man all 1:2.43.0-1ubuntu7.1 [1,100 kB]
     [exec] Get:76 http://archive.ubuntu.com/ubuntu noble-updates/main amd64 git amd64 1:2.43.0-1ubuntu7.1 [3,679 kB]
     [exec] Get:77 http://archive.ubuntu.com/ubuntu noble/universe amd64 ant-contrib all 1.0~b3+svn177-12 [262 kB]
     [exec] debconf: delaying package configuration, since apt-utils is not installed
     [exec] Fetched 138 MB in 2s (90.5 MB/s)
     [exec] Selecting previously unselected package perl-modules-5.38.
     [exec] (Reading database ... 
     [exec] (Reading database ... 5%(Reading database ... 10%(Reading database ... 15%(Reading database ... 20%(Reading database ... 25%(Reading database ... 30%(Reading database ... 35%(Reading database ... 40%(Reading database ... 45%(Reading database ... 50%(Reading database ... 55%(Reading database ... 60%(Reading database ... 65%(Reading database ... 70%(Reading database ... 75%(Reading database ... 80%(Reading database ... 85%(Reading database ... 90%(Reading database ... 95%(Reading database ... 100%(Reading database ... 10980 files and directories currently installed.)Preparing to unpack .../00-perl-modules-5.38_5.38.2-3.2build2_all.deb ...
     [exec] Unpacking perl-modules-5.38 (5.38.2-3.2build2) ...
     [exec] Selecting previously unselected package libgdbm6t64:amd64.
     [exec] Preparing to unpack .../01-libgdbm6t64_1.23-5.1build1_amd64.deb ...
     [exec] Unpacking libgdbm6t64:amd64 (1.23-5.1build1) ...
     [exec] Selecting previously unselected package libgdbm-compat4t64:amd64.
     [exec] Preparing to unpack .../02-libgdbm-compat4t64_1.23-5.1build1_amd64.deb ...
     [exec] Unpacking libgdbm-compat4t64:amd64 (1.23-5.1build1) ...
     [exec] Selecting previously unselected package libperl5.38t64:amd64.
     [exec] Preparing to unpack .../03-libperl5.38t64_5.38.2-3.2build2_amd64.deb ...
     [exec] Unpacking libperl5.38t64:amd64 (5.38.2-3.2build2) ...
     [exec] Selecting previously unselected package perl.
     [exec] Preparing to unpack .../04-perl_5.38.2-3.2build2_amd64.deb ...
     [exec] Unpacking perl (5.38.2-3.2build2) ...
     [exec] Selecting previously unselected package libjansson4:amd64.
     [exec] Preparing to unpack .../05-libjansson4_2.14-2build2_amd64.deb ...
     [exec] Unpacking libjansson4:amd64 (2.14-2build2) ...
     [exec] Selecting previously unselected package xz-utils.
     [exec] Preparing to unpack .../06-xz-utils_5.6.1+really5.4.5-1build0.1_amd64.deb ...
     [exec] Unpacking xz-utils (5.6.1+really5.4.5-1build0.1) ...
     [exec] Selecting previously unselected package ca-certificates-java.
     [exec] Preparing to unpack .../07-ca-certificates-java_20240118_all.deb ...
     [exec] Unpacking ca-certificates-java (20240118) ...
     [exec] Selecting previously unselected package java-common.
     [exec] Preparing to unpack .../08-java-common_0.75+exp1_all.deb ...
     [exec] Unpacking java-common (0.75+exp1) ...
     [exec] Selecting previously unselected package liblcms2-2:amd64.
     [exec] Preparing to unpack .../09-liblcms2-2_2.14-2build1_amd64.deb ...
     [exec] Unpacking liblcms2-2:amd64 (2.14-2build1) ...
     [exec] Selecting previously unselected package libjpeg-turbo8:amd64.
     [exec] Preparing to unpack .../10-libjpeg-turbo8_2.1.5-2ubuntu2_amd64.deb ...
     [exec] Unpacking libjpeg-turbo8:amd64 (2.1.5-2ubuntu2) ...
     [exec] Selecting previously unselected package libjpeg8:amd64.
     [exec] Preparing to unpack .../11-libjpeg8_8c-2ubuntu11_amd64.deb ...
     [exec] Unpacking libjpeg8:amd64 (8c-2ubuntu11) ...
     [exec] Selecting previously unselected package libnspr4:amd64.
     [exec] Preparing to unpack .../12-libnspr4_2%3a4.35-1.1build1_amd64.deb ...
     [exec] Unpacking libnspr4:amd64 (2:4.35-1.1build1) ...
     [exec] Selecting previously unselected package libnss3:amd64.
     [exec] Preparing to unpack .../13-libnss3_2%3a3.98-1build1_amd64.deb ...
     [exec] Unpacking libnss3:amd64 (2:3.98-1build1) ...
     [exec] Selecting previously unselected package libpcsclite1:amd64.
     [exec] Preparing to unpack .../14-libpcsclite1_2.0.3-1build1_amd64.deb ...
     [exec] Unpacking libpcsclite1:amd64 (2.0.3-1build1) ...
     [exec] Selecting previously unselected package openjdk-21-jre-headless:amd64.
     [exec] Preparing to unpack .../15-openjdk-21-jre-headless_21.0.5+11-1ubuntu1~24.04_amd64.deb ...
     [exec] Unpacking openjdk-21-jre-headless:amd64 (21.0.5+11-1ubuntu1~24.04) ...
     [exec] Selecting previously unselected package default-jre-headless.
     [exec] Preparing to unpack .../16-default-jre-headless_2%3a1.21-75+exp1_amd64.deb ...
     [exec] Unpacking default-jre-headless (2:1.21-75+exp1) ...
     [exec] Selecting previously unselected package ant.
     [exec] Preparing to unpack .../17-ant_1.10.14-1_all.deb ...
     [exec] Unpacking ant (1.10.14-1) ...
     [exec] Selecting previously unselected package asciidoc-common.
     [exec] Preparing to unpack .../18-asciidoc-common_10.2.0-2_all.deb ...
     [exec] Unpacking asciidoc-common (10.2.0-2) ...
     [exec] Selecting previously unselected package docbook-xsl.
     [exec] Preparing to unpack .../19-docbook-xsl_1.79.2+dfsg-7_all.deb ...
     [exec] Unpacking docbook-xsl (1.79.2+dfsg-7) ...
     [exec] Selecting previously unselected package libxml2-utils.
     [exec] Preparing to unpack .../20-libxml2-utils_2.9.14+dfsg-1.3ubuntu3_amd64.deb ...
     [exec] Unpacking libxml2-utils (2.9.14+dfsg-1.3ubuntu3) ...
     [exec] Selecting previously unselected package libxslt1.1:amd64.
     [exec] Preparing to unpack .../21-libxslt1.1_1.1.39-0exp1build1_amd64.deb ...
     [exec] Unpacking libxslt1.1:amd64 (1.1.39-0exp1build1) ...
     [exec] Selecting previously unselected package xsltproc.
     [exec] Preparing to unpack .../22-xsltproc_1.1.39-0exp1build1_amd64.deb ...
     [exec] Unpacking xsltproc (1.1.39-0exp1build1) ...
     [exec] Selecting previously unselected package asciidoc-base.
     [exec] Preparing to unpack .../23-asciidoc-base_10.2.0-2_all.deb ...
     [exec] Unpacking asciidoc-base (10.2.0-2) ...
     [exec] Selecting previously unselected package asciidoc.
     [exec] Preparing to unpack .../24-asciidoc_10.2.0-2_all.deb ...
     [exec] Unpacking asciidoc (10.2.0-2) ...
     [exec] Selecting previously unselected package binutils-common:amd64.
     [exec] Preparing to unpack .../25-binutils-common_2.42-4ubuntu2.3_amd64.deb ...
     [exec] Unpacking binutils-common:amd64 (2.42-4ubuntu2.3) ...
     [exec] Selecting previously unselected package libsframe1:amd64.
     [exec] Preparing to unpack .../26-libsframe1_2.42-4ubuntu2.3_amd64.deb ...
     [exec] Unpacking libsframe1:amd64 (2.42-4ubuntu2.3) ...
     [exec] Selecting previously unselected package libbinutils:amd64.
     [exec] Preparing to unpack .../27-libbinutils_2.42-4ubuntu2.3_amd64.deb ...
     [exec] Unpacking libbinutils:amd64 (2.42-4ubuntu2.3) ...
     [exec] Selecting previously unselected package libctf-nobfd0:amd64.
     [exec] Preparing to unpack .../28-libctf-nobfd0_2.42-4ubuntu2.3_amd64.deb ...
     [exec] Unpacking libctf-nobfd0:amd64 (2.42-4ubuntu2.3) ...
     [exec] Selecting previously unselected package libctf0:amd64.
     [exec] Preparing to unpack .../29-libctf0_2.42-4ubuntu2.3_amd64.deb ...
     [exec] Unpacking libctf0:amd64 (2.42-4ubuntu2.3) ...
     [exec] Selecting previously unselected package libgprofng0:amd64.
     [exec] Preparing to unpack .../30-libgprofng0_2.42-4ubuntu2.3_amd64.deb ...
     [exec] Unpacking libgprofng0:amd64 (2.42-4ubuntu2.3) ...
     [exec] Selecting previously unselected package binutils-x86-64-linux-gnu.
     [exec] Preparing to unpack .../31-binutils-x86-64-linux-gnu_2.42-4ubuntu2.3_amd64.deb ...
     [exec] Unpacking binutils-x86-64-linux-gnu (2.42-4ubuntu2.3) ...
     [exec] Selecting previously unselected package binutils.
     [exec] Preparing to unpack .../32-binutils_2.42-4ubuntu2.3_amd64.deb ...
     [exec] Unpacking binutils (2.42-4ubuntu2.3) ...
     [exec] Selecting previously unselected package libc-dev-bin.
     [exec] Preparing to unpack .../33-libc-dev-bin_2.39-0ubuntu8.3_amd64.deb ...
     [exec] Unpacking libc-dev-bin (2.39-0ubuntu8.3) ...
     [exec] Selecting previously unselected package linux-libc-dev:amd64.
     [exec] Preparing to unpack .../34-linux-libc-dev_6.8.0-49.49_amd64.deb ...
     [exec] Unpacking linux-libc-dev:amd64 (6.8.0-49.49) ...
     [exec] Selecting previously unselected package libcrypt-dev:amd64.
     [exec] Preparing to unpack .../35-libcrypt-dev_1%3a4.4.36-4build1_amd64.deb ...
     [exec] Unpacking libcrypt-dev:amd64 (1:4.4.36-4build1) ...
     [exec] Selecting previously unselected package rpcsvc-proto.
     [exec] Preparing to unpack .../36-rpcsvc-proto_1.4.2-0ubuntu7_amd64.deb ...
     [exec] Unpacking rpcsvc-proto (1.4.2-0ubuntu7) ...
     [exec] Selecting previously unselected package libc6-dev:amd64.
     [exec] Preparing to unpack .../37-libc6-dev_2.39-0ubuntu8.3_amd64.deb ...
     [exec] Unpacking libc6-dev:amd64 (2.39-0ubuntu8.3) ...
     [exec] Selecting previously unselected package gcc-13-base:amd64.
     [exec] Preparing to unpack .../38-gcc-13-base_13.2.0-23ubuntu4_amd64.deb ...
     [exec] Unpacking gcc-13-base:amd64 (13.2.0-23ubuntu4) ...
     [exec] Selecting previously unselected package libisl23:amd64.
     [exec] Preparing to unpack .../39-libisl23_0.26-3build1_amd64.deb ...
     [exec] Unpacking libisl23:amd64 (0.26-3build1) ...
     [exec] Selecting previously unselected package libmpfr6:amd64.
     [exec] Preparing to unpack .../40-libmpfr6_4.2.1-1build1_amd64.deb ...
     [exec] Unpacking libmpfr6:amd64 (4.2.1-1build1) ...
     [exec] Selecting previously unselected package libmpc3:amd64.
     [exec] Preparing to unpack .../41-libmpc3_1.3.1-1build1_amd64.deb ...
     [exec] Unpacking libmpc3:amd64 (1.3.1-1build1) ...
     [exec] Selecting previously unselected package cpp-13-x86-64-linux-gnu.
     [exec] Preparing to unpack .../42-cpp-13-x86-64-linux-gnu_13.2.0-23ubuntu4_amd64.deb ...
     [exec] Unpacking cpp-13-x86-64-linux-gnu (13.2.0-23ubuntu4) ...
     [exec] Selecting previously unselected package cpp-13.
     [exec] Preparing to unpack .../43-cpp-13_13.2.0-23ubuntu4_amd64.deb ...
     [exec] Unpacking cpp-13 (13.2.0-23ubuntu4) ...
     [exec] Selecting previously unselected package cpp-x86-64-linux-gnu.
     [exec] Preparing to unpack .../44-cpp-x86-64-linux-gnu_4%3a13.2.0-7ubuntu1_amd64.deb ...
     [exec] Unpacking cpp-x86-64-linux-gnu (4:13.2.0-7ubuntu1) ...
     [exec] Selecting previously unselected package cpp.
     [exec] Preparing to unpack .../45-cpp_4%3a13.2.0-7ubuntu1_amd64.deb ...
     [exec] Unpacking cpp (4:13.2.0-7ubuntu1) ...
     [exec] Selecting previously unselected package libcc1-0:amd64.
     [exec] Preparing to unpack .../46-libcc1-0_14.2.0-4ubuntu2~24.04_amd64.deb ...
     [exec] Unpacking libcc1-0:amd64 (14.2.0-4ubuntu2~24.04) ...
     [exec] Selecting previously unselected package libgomp1:amd64.
     [exec] Preparing to unpack .../47-libgomp1_14.2.0-4ubuntu2~24.04_amd64.deb ...
     [exec] Unpacking libgomp1:amd64 (14.2.0-4ubuntu2~24.04) ...
     [exec] Selecting previously unselected package libitm1:amd64.
     [exec] Preparing to unpack .../48-libitm1_14.2.0-4ubuntu2~24.04_amd64.deb ...
     [exec] Unpacking libitm1:amd64 (14.2.0-4ubuntu2~24.04) ...
     [exec] Selecting previously unselected package libatomic1:amd64.
     [exec] Preparing to unpack .../49-libatomic1_14.2.0-4ubuntu2~24.04_amd64.deb ...
     [exec] Unpacking libatomic1:amd64 (14.2.0-4ubuntu2~24.04) ...
     [exec] Selecting previously unselected package libasan8:amd64.
     [exec] Preparing to unpack .../50-libasan8_14.2.0-4ubuntu2~24.04_amd64.deb ...
     [exec] Unpacking libasan8:amd64 (14.2.0-4ubuntu2~24.04) ...
     [exec] Selecting previously unselected package liblsan0:amd64.
     [exec] Preparing to unpack .../51-liblsan0_14.2.0-4ubuntu2~24.04_amd64.deb ...
     [exec] Unpacking liblsan0:amd64 (14.2.0-4ubuntu2~24.04) ...
     [exec] Selecting previously unselected package libtsan2:amd64.
     [exec] Preparing to unpack .../52-libtsan2_14.2.0-4ubuntu2~24.04_amd64.deb ...
     [exec] Unpacking libtsan2:amd64 (14.2.0-4ubuntu2~24.04) ...
     [exec] Selecting previously unselected package libubsan1:amd64.
     [exec] Preparing to unpack .../53-libubsan1_14.2.0-4ubuntu2~24.04_amd64.deb ...
     [exec] Unpacking libubsan1:amd64 (14.2.0-4ubuntu2~24.04) ...
     [exec] Selecting previously unselected package libhwasan0:amd64.
     [exec] Preparing to unpack .../54-libhwasan0_14.2.0-4ubuntu2~24.04_amd64.deb ...
     [exec] Unpacking libhwasan0:amd64 (14.2.0-4ubuntu2~24.04) ...
     [exec] Selecting previously unselected package libquadmath0:amd64.
     [exec] Preparing to unpack .../55-libquadmath0_14.2.0-4ubuntu2~24.04_amd64.deb ...
     [exec] Unpacking libquadmath0:amd64 (14.2.0-4ubuntu2~24.04) ...
     [exec] Selecting previously unselected package libgcc-13-dev:amd64.
     [exec] Preparing to unpack .../56-libgcc-13-dev_13.2.0-23ubuntu4_amd64.deb ...
     [exec] Unpacking libgcc-13-dev:amd64 (13.2.0-23ubuntu4) ...
     [exec] Selecting previously unselected package gcc-13-x86-64-linux-gnu.
     [exec] Preparing to unpack .../57-gcc-13-x86-64-linux-gnu_13.2.0-23ubuntu4_amd64.deb ...
     [exec] Unpacking gcc-13-x86-64-linux-gnu (13.2.0-23ubuntu4) ...
     [exec] Selecting previously unselected package gcc-13.
     [exec] Preparing to unpack .../58-gcc-13_13.2.0-23ubuntu4_amd64.deb ...
     [exec] Unpacking gcc-13 (13.2.0-23ubuntu4) ...
     [exec] Selecting previously unselected package gcc-x86-64-linux-gnu.
     [exec] Preparing to unpack .../59-gcc-x86-64-linux-gnu_4%3a13.2.0-7ubuntu1_amd64.deb ...
     [exec] Unpacking gcc-x86-64-linux-gnu (4:13.2.0-7ubuntu1) ...
     [exec] Selecting previously unselected package gcc.
     [exec] Preparing to unpack .../60-gcc_4%3a13.2.0-7ubuntu1_amd64.deb ...
     [exec] Unpacking gcc (4:13.2.0-7ubuntu1) ...
     [exec] Selecting previously unselected package libstdc++-13-dev:amd64.
     [exec] Preparing to unpack .../61-libstdc++-13-dev_13.2.0-23ubuntu4_amd64.deb ...
     [exec] Unpacking libstdc++-13-dev:amd64 (13.2.0-23ubuntu4) ...
     [exec] Selecting previously unselected package g++-13-x86-64-linux-gnu.
     [exec] Preparing to unpack .../62-g++-13-x86-64-linux-gnu_13.2.0-23ubuntu4_amd64.deb ...
     [exec] Unpacking g++-13-x86-64-linux-gnu (13.2.0-23ubuntu4) ...
     [exec] Selecting previously unselected package g++-13.
     [exec] Preparing to unpack .../63-g++-13_13.2.0-23ubuntu4_amd64.deb ...
     [exec] Unpacking g++-13 (13.2.0-23ubuntu4) ...
     [exec] Selecting previously unselected package g++-x86-64-linux-gnu.
     [exec] Preparing to unpack .../64-g++-x86-64-linux-gnu_4%3a13.2.0-7ubuntu1_amd64.deb ...
     [exec] Unpacking g++-x86-64-linux-gnu (4:13.2.0-7ubuntu1) ...
     [exec] Selecting previously unselected package g++.
     [exec] Preparing to unpack .../65-g++_4%3a13.2.0-7ubuntu1_amd64.deb ...
     [exec] Unpacking g++ (4:13.2.0-7ubuntu1) ...
     [exec] Selecting previously unselected package make.
     [exec] Preparing to unpack .../66-make_4.3-4.1build2_amd64.deb ...
     [exec] Unpacking make (4.3-4.1build2) ...
     [exec] Selecting previously unselected package libdpkg-perl.
     [exec] Preparing to unpack .../67-libdpkg-perl_1.22.6ubuntu6.1_all.deb ...
     [exec] Unpacking libdpkg-perl (1.22.6ubuntu6.1) ...
     [exec] Selecting previously unselected package bzip2.
     [exec] Preparing to unpack .../68-bzip2_1.0.8-5.1build0.1_amd64.deb ...
     [exec] Unpacking bzip2 (1.0.8-5.1build0.1) ...
     [exec] Selecting previously unselected package patch.
     [exec] Preparing to unpack .../69-patch_2.7.6-7build3_amd64.deb ...
     [exec] Unpacking patch (2.7.6-7build3) ...
     [exec] Selecting previously unselected package lto-disabled-list.
     [exec] Preparing to unpack .../70-lto-disabled-list_47_all.deb ...
     [exec] Unpacking lto-disabled-list (47) ...
     [exec] Selecting previously unselected package dpkg-dev.
     [exec] Preparing to unpack .../71-dpkg-dev_1.22.6ubuntu6.1_all.deb ...
     [exec] Unpacking dpkg-dev (1.22.6ubuntu6.1) ...
     [exec] Selecting previously unselected package build-essential.
     [exec] Preparing to unpack .../72-build-essential_12.10ubuntu1_amd64.deb ...
     [exec] Unpacking build-essential (12.10ubuntu1) ...
     [exec] Selecting previously unselected package liberror-perl.
     [exec] Preparing to unpack .../73-liberror-perl_0.17029-2_all.deb ...
     [exec] Unpacking liberror-perl (0.17029-2) ...
     [exec] Selecting previously unselected package git-man.
     [exec] Preparing to unpack .../74-git-man_1%3a2.43.0-1ubuntu7.1_all.deb ...
     [exec] Unpacking git-man (1:2.43.0-1ubuntu7.1) ...
     [exec] Selecting previously unselected package git.
     [exec] Preparing to unpack .../75-git_1%3a2.43.0-1ubuntu7.1_amd64.deb ...
     [exec] Unpacking git (1:2.43.0-1ubuntu7.1) ...
     [exec] Selecting previously unselected package ant-contrib.
     [exec] Preparing to unpack .../76-ant-contrib_1.0~b3+svn177-12_all.deb ...
     [exec] Unpacking ant-contrib (1.0~b3+svn177-12) ...
     [exec] Setting up liblcms2-2:amd64 (2.14-2build1) ...
     [exec] Setting up lto-disabled-list (47) ...
     [exec] Setting up libgdbm6t64:amd64 (1.23-5.1build1) ...
     [exec] Setting up java-common (0.75+exp1) ...
     [exec] Setting up libgdbm-compat4t64:amd64 (1.23-5.1build1) ...
     [exec] Setting up binutils-common:amd64 (2.42-4ubuntu2.3) ...
     [exec] Setting up linux-libc-dev:amd64 (6.8.0-49.49) ...
     [exec] Setting up libctf-nobfd0:amd64 (2.42-4ubuntu2.3) ...
     [exec] Setting up libgomp1:amd64 (14.2.0-4ubuntu2~24.04) ...
     [exec] Setting up bzip2 (1.0.8-5.1build0.1) ...
     [exec] Setting up libsframe1:amd64 (2.42-4ubuntu2.3) ...
     [exec] Setting up libjansson4:amd64 (2.14-2build2) ...
     [exec] Setting up asciidoc-common (10.2.0-2) ...
     [exec] Setting up rpcsvc-proto (1.4.2-0ubuntu7) ...
     [exec] Setting up gcc-13-base:amd64 (13.2.0-23ubuntu4) ...
     [exec] Setting up make (4.3-4.1build2) ...
     [exec] Setting up libmpfr6:amd64 (4.2.1-1build1) ...
     [exec] Setting up libnspr4:amd64 (2:4.35-1.1build1) ...
     [exec] Setting up xz-utils (5.6.1+really5.4.5-1build0.1) ...
     [exec] update-alternatives: using /usr/bin/xz to provide /usr/bin/lzma (lzma) in auto mode
     [exec] update-alternatives: warning: skip creation of /usr/share/man/man1/lzma.1.gz because associated file /usr/share/man/man1/xz.1.gz (of link group lzma) doesn't exist
     [exec] update-alternatives: warning: skip creation of /usr/share/man/man1/unlzma.1.gz because associated file /usr/share/man/man1/unxz.1.gz (of link group lzma) doesn't exist
     [exec] update-alternatives: warning: skip creation of /usr/share/man/man1/lzcat.1.gz because associated file /usr/share/man/man1/xzcat.1.gz (of link group lzma) doesn't exist
     [exec] update-alternatives: warning: skip creation of /usr/share/man/man1/lzmore.1.gz because associated file /usr/share/man/man1/xzmore.1.gz (of link group lzma) doesn't exist
     [exec] update-alternatives: warning: skip creation of /usr/share/man/man1/lzless.1.gz because associated file /usr/share/man/man1/xzless.1.gz (of link group lzma) doesn't exist
     [exec] update-alternatives: warning: skip creation of /usr/share/man/man1/lzdiff.1.gz because associated file /usr/share/man/man1/xzdiff.1.gz (of link group lzma) doesn't exist
     [exec] update-alternatives: warning: skip creation of /usr/share/man/man1/lzcmp.1.gz because associated file /usr/share/man/man1/xzcmp.1.gz (of link group lzma) doesn't exist
     [exec] update-alternatives: warning: skip creation of /usr/share/man/man1/lzgrep.1.gz because associated file /usr/share/man/man1/xzgrep.1.gz (of link group lzma) doesn't exist
     [exec] update-alternatives: warning: skip creation of /usr/share/man/man1/lzegrep.1.gz because associated file /usr/share/man/man1/xzegrep.1.gz (of link group lzma) doesn't exist
     [exec] update-alternatives: warning: skip creation of /usr/share/man/man1/lzfgrep.1.gz because associated file /usr/share/man/man1/xzfgrep.1.gz (of link group lzma) doesn't exist
     [exec] Setting up docbook-xsl (1.79.2+dfsg-7) ...
     [exec] Setting up perl-modules-5.38 (5.38.2-3.2build2) ...
     [exec] Setting up libquadmath0:amd64 (14.2.0-4ubuntu2~24.04) ...
     [exec] Setting up libmpc3:amd64 (1.3.1-1build1) ...
     [exec] Setting up libatomic1:amd64 (14.2.0-4ubuntu2~24.04) ...
     [exec] Setting up patch (2.7.6-7build3) ...
     [exec] Setting up libpcsclite1:amd64 (2.0.3-1build1) ...
     [exec] Setting up libjpeg-turbo8:amd64 (2.1.5-2ubuntu2) ...
     [exec] Setting up libubsan1:amd64 (14.2.0-4ubuntu2~24.04) ...
     [exec] Setting up libhwasan0:amd64 (14.2.0-4ubuntu2~24.04) ...
     [exec] Setting up libcrypt-dev:amd64 (1:4.4.36-4build1) ...
     [exec] Setting up libasan8:amd64 (14.2.0-4ubuntu2~24.04) ...
     [exec] Setting up libxslt1.1:amd64 (1.1.39-0exp1build1) ...
     [exec] Setting up git-man (1:2.43.0-1ubuntu7.1) ...
     [exec] Setting up libperl5.38t64:amd64 (5.38.2-3.2build2) ...
     [exec] Setting up libtsan2:amd64 (14.2.0-4ubuntu2~24.04) ...
     [exec] Setting up ca-certificates-java (20240118) ...
     [exec] No JRE found. Skipping Java certificates setup.
     [exec] Setting up libbinutils:amd64 (2.42-4ubuntu2.3) ...
     [exec] Setting up libisl23:amd64 (0.26-3build1) ...
     [exec] Setting up libxml2-utils (2.9.14+dfsg-1.3ubuntu3) ...
     [exec] Setting up libc-dev-bin (2.39-0ubuntu8.3) ...
     [exec] Setting up libcc1-0:amd64 (14.2.0-4ubuntu2~24.04) ...
     [exec] Setting up liblsan0:amd64 (14.2.0-4ubuntu2~24.04) ...
     [exec] Setting up libitm1:amd64 (14.2.0-4ubuntu2~24.04) ...
     [exec] Setting up libctf0:amd64 (2.42-4ubuntu2.3) ...
     [exec] Setting up libjpeg8:amd64 (8c-2ubuntu11) ...
     [exec] Setting up cpp-13-x86-64-linux-gnu (13.2.0-23ubuntu4) ...
     [exec] Setting up xsltproc (1.1.39-0exp1build1) ...
     [exec] Setting up libnss3:amd64 (2:3.98-1build1) ...
     [exec] Setting up perl (5.38.2-3.2build2) ...
     [exec] Setting up libgprofng0:amd64 (2.42-4ubuntu2.3) ...
     [exec] Setting up libdpkg-perl (1.22.6ubuntu6.1) ...
     [exec] Setting up libgcc-13-dev:amd64 (13.2.0-23ubuntu4) ...
     [exec] Setting up libc6-dev:amd64 (2.39-0ubuntu8.3) ...
     [exec] Setting up libstdc++-13-dev:amd64 (13.2.0-23ubuntu4) ...
     [exec] Setting up binutils-x86-64-linux-gnu (2.42-4ubuntu2.3) ...
     [exec] Setting up cpp-x86-64-linux-gnu (4:13.2.0-7ubuntu1) ...
     [exec] Setting up openjdk-21-jre-headless:amd64 (21.0.5+11-1ubuntu1~24.04) ...
     [exec] update-alternatives: using /usr/lib/jvm/java-21-openjdk-amd64/bin/java to provide /usr/bin/java (java) in auto mode
     [exec] update-alternatives: using /usr/lib/jvm/java-21-openjdk-amd64/bin/jpackage to provide /usr/bin/jpackage (jpackage) in auto mode
     [exec] update-alternatives: using /usr/lib/jvm/java-21-openjdk-amd64/bin/keytool to provide /usr/bin/keytool (keytool) in auto mode
     [exec] update-alternatives: using /usr/lib/jvm/java-21-openjdk-amd64/bin/rmiregistry to provide /usr/bin/rmiregistry (rmiregistry) in auto mode
     [exec] update-alternatives: using /usr/lib/jvm/java-21-openjdk-amd64/lib/jexec to provide /usr/bin/jexec (jexec) in auto mode
     [exec] Setting up cpp-13 (13.2.0-23ubuntu4) ...
     [exec] Setting up gcc-13-x86-64-linux-gnu (13.2.0-23ubuntu4) ...
     [exec] Setting up binutils (2.42-4ubuntu2.3) ...
     [exec] Setting up dpkg-dev (1.22.6ubuntu6.1) ...
     [exec] Setting up liberror-perl (0.17029-2) ...
     [exec] Setting up gcc-13 (13.2.0-23ubuntu4) ...
     [exec] Setting up git (1:2.43.0-1ubuntu7.1) ...
     [exec] Setting up cpp (4:13.2.0-7ubuntu1) ...
     [exec] Setting up g++-13-x86-64-linux-gnu (13.2.0-23ubuntu4) ...
     [exec] Setting up gcc-x86-64-linux-gnu (4:13.2.0-7ubuntu1) ...
     [exec] Setting up gcc (4:13.2.0-7ubuntu1) ...
     [exec] Setting up g++-x86-64-linux-gnu (4:13.2.0-7ubuntu1) ...
     [exec] Setting up g++-13 (13.2.0-23ubuntu4) ...
     [exec] Setting up g++ (4:13.2.0-7ubuntu1) ...
     [exec] update-alternatives: using /usr/bin/g++ to provide /usr/bin/c++ (c++) in auto mode
     [exec] update-alternatives: warning: skip creation of /usr/share/man/man1/c++.1.gz because associated file /usr/share/man/man1/g++.1.gz (of link group c++) doesn't exist
     [exec] Setting up build-essential (12.10ubuntu1) ...
     [exec] Processing triggers for libc-bin (2.39-0ubuntu8.3) ...
     [exec] Processing triggers for sgml-base (1.31) ...
     [exec] Setting up asciidoc-base (10.2.0-2) ...
     [exec] Setting up asciidoc (10.2.0-2) ...
     [exec] Processing triggers for ca-certificates-java (20240118) ...
     [exec] Adding debian:ACCVRAIZ1.pem
     [exec] Adding debian:AC_RAIZ_FNMT-RCM.pem
     [exec] Adding debian:AC_RAIZ_FNMT-RCM_SERVIDORES_SEGUROS.pem
     [exec] Adding debian:Actalis_Authentication_Root_CA.pem
     [exec] Adding debian:AffirmTrust_Commercial.pem
     [exec] Adding debian:AffirmTrust_Networking.pem
     [exec] Adding debian:AffirmTrust_Premium_ECC.pem
     [exec] Adding debian:AffirmTrust_Premium.pem
     [exec] Adding debian:Amazon_Root_CA_1.pem
     [exec] Adding debian:Amazon_Root_CA_2.pem
     [exec] Adding debian:Amazon_Root_CA_3.pem
     [exec] Adding debian:Amazon_Root_CA_4.pem
     [exec] Adding debian:ANF_Secure_Server_Root_CA.pem
     [exec] Adding debian:Atos_TrustedRoot_2011.pem
     [exec] Adding debian:Atos_TrustedRoot_Root_CA_ECC_TLS_2021.pem
     [exec] Adding debian:Atos_TrustedRoot_Root_CA_RSA_TLS_2021.pem
     [exec] Adding debian:Autoridad_de_Certificacion_Firmaprofesional_CIF_A62634068.pem
     [exec] Adding debian:Baltimore_CyberTrust_Root.pem
     [exec] Adding debian:BJCA_Global_Root_CA1.pem
     [exec] Adding debian:BJCA_Global_Root_CA2.pem
     [exec] Adding debian:Buypass_Class_2_Root_CA.pem
     [exec] Adding debian:Buypass_Class_3_Root_CA.pem
     [exec] Adding debian:CA_Disig_Root_R2.pem
     [exec] Adding debian:Certainly_Root_E1.pem
     [exec] Adding debian:Certainly_Root_R1.pem
     [exec] Adding debian:Certigna.pem
     [exec] Adding debian:Certigna_Root_CA.pem
     [exec] Adding debian:certSIGN_Root_CA_G2.pem
     [exec] Adding debian:certSIGN_ROOT_CA.pem
     [exec] Adding debian:Certum_EC-384_CA.pem
     [exec] Adding debian:Certum_Trusted_Network_CA_2.pem
     [exec] Adding debian:Certum_Trusted_Network_CA.pem
     [exec] Adding debian:Certum_Trusted_Root_CA.pem
     [exec] Adding debian:CFCA_EV_ROOT.pem
     [exec] Adding debian:CommScope_Public_Trust_ECC_Root-01.pem
     [exec] Adding debian:CommScope_Public_Trust_ECC_Root-02.pem
     [exec] Adding debian:CommScope_Public_Trust_RSA_Root-01.pem
     [exec] Adding debian:CommScope_Public_Trust_RSA_Root-02.pem
     [exec] Adding debian:Comodo_AAA_Services_root.pem
     [exec] Adding debian:COMODO_Certification_Authority.pem
     [exec] Adding debian:COMODO_ECC_Certification_Authority.pem
     [exec] Adding debian:COMODO_RSA_Certification_Authority.pem
     [exec] Adding debian:DigiCert_Assured_ID_Root_CA.pem
     [exec] Adding debian:DigiCert_Assured_ID_Root_G2.pem
     [exec] Adding debian:DigiCert_Assured_ID_Root_G3.pem
     [exec] Adding debian:DigiCert_Global_Root_CA.pem
     [exec] Adding debian:DigiCert_Global_Root_G2.pem
     [exec] Adding debian:DigiCert_Global_Root_G3.pem
     [exec] Adding debian:DigiCert_High_Assurance_EV_Root_CA.pem
     [exec] Adding debian:DigiCert_TLS_ECC_P384_Root_G5.pem
     [exec] Adding debian:DigiCert_TLS_RSA4096_Root_G5.pem
     [exec] Adding debian:DigiCert_Trusted_Root_G4.pem
     [exec] Adding debian:D-TRUST_BR_Root_CA_1_2020.pem
     [exec] Adding debian:D-TRUST_EV_Root_CA_1_2020.pem
     [exec] Adding debian:D-TRUST_Root_Class_3_CA_2_2009.pem
     [exec] Adding debian:D-TRUST_Root_Class_3_CA_2_EV_2009.pem
     [exec] Adding debian:emSign_ECC_Root_CA_-_C3.pem
     [exec] Adding debian:emSign_ECC_Root_CA_-_G3.pem
     [exec] Adding debian:emSign_Root_CA_-_C1.pem
     [exec] Adding debian:emSign_Root_CA_-_G1.pem
     [exec] Adding debian:Entrust.net_Premium_2048_Secure_Server_CA.pem
     [exec] Adding debian:Entrust_Root_Certification_Authority_-_EC1.pem
     [exec] Adding debian:Entrust_Root_Certification_Authority_-_G2.pem
     [exec] Adding debian:Entrust_Root_Certification_Authority_-_G4.pem
     [exec] Adding debian:Entrust_Root_Certification_Authority.pem
     [exec] Adding debian:ePKI_Root_Certification_Authority.pem
     [exec] Adding debian:e-Szigno_Root_CA_2017.pem
     [exec] Adding debian:GDCA_TrustAUTH_R5_ROOT.pem
     [exec] Adding debian:GlobalSign_ECC_Root_CA_-_R4.pem
     [exec] Adding debian:GlobalSign_ECC_Root_CA_-_R5.pem
     [exec] Adding debian:GlobalSign_Root_CA.pem
     [exec] Adding debian:GlobalSign_Root_CA_-_R3.pem
     [exec] Adding debian:GlobalSign_Root_CA_-_R6.pem
     [exec] Adding debian:GlobalSign_Root_E46.pem
     [exec] Adding debian:GlobalSign_Root_R46.pem
     [exec] Adding debian:GLOBALTRUST_2020.pem
     [exec] Adding debian:Go_Daddy_Class_2_CA.pem
     [exec] Adding debian:Go_Daddy_Root_Certificate_Authority_-_G2.pem
     [exec] Adding debian:GTS_Root_R1.pem
     [exec] Adding debian:GTS_Root_R2.pem
     [exec] Adding debian:GTS_Root_R3.pem
     [exec] Adding debian:GTS_Root_R4.pem
     [exec] Adding debian:HARICA_TLS_ECC_Root_CA_2021.pem
     [exec] Adding debian:HARICA_TLS_RSA_Root_CA_2021.pem
     [exec] Adding debian:Hellenic_Academic_and_Research_Institutions_ECC_RootCA_2015.pem
     [exec] Adding debian:Hellenic_Academic_and_Research_Institutions_RootCA_2015.pem
     [exec] Adding debian:HiPKI_Root_CA_-_G1.pem
     [exec] Adding debian:Hongkong_Post_Root_CA_3.pem
     [exec] Adding debian:IdenTrust_Commercial_Root_CA_1.pem
     [exec] Adding debian:IdenTrust_Public_Sector_Root_CA_1.pem
     [exec] Adding debian:ISRG_Root_X1.pem
     [exec] Adding debian:ISRG_Root_X2.pem
     [exec] Adding debian:Izenpe.com.pem
     [exec] Adding debian:Microsec_e-Szigno_Root_CA_2009.pem
     [exec] Adding debian:Microsoft_ECC_Root_Certificate_Authority_2017.pem
     [exec] Adding debian:Microsoft_RSA_Root_Certificate_Authority_2017.pem
     [exec] Adding debian:NAVER_Global_Root_Certification_Authority.pem
     [exec] Adding debian:NetLock_Arany_=Class_Gold=_Főtanúsítvány.pem
     [exec] Adding debian:OISTE_WISeKey_Global_Root_GB_CA.pem
     [exec] Adding debian:OISTE_WISeKey_Global_Root_GC_CA.pem
     [exec] Adding debian:QuoVadis_Root_CA_1_G3.pem
     [exec] Adding debian:QuoVadis_Root_CA_2_G3.pem
     [exec] Adding debian:QuoVadis_Root_CA_2.pem
     [exec] Adding debian:QuoVadis_Root_CA_3_G3.pem
     [exec] Adding debian:QuoVadis_Root_CA_3.pem
     [exec] Adding debian:Sectigo_Public_Server_Authentication_Root_E46.pem
     [exec] Adding debian:Sectigo_Public_Server_Authentication_Root_R46.pem
     [exec] Adding debian:Secure_Global_CA.pem
     [exec] Adding debian:SecureSign_RootCA11.pem
     [exec] Adding debian:SecureTrust_CA.pem
     [exec] Adding debian:Security_Communication_ECC_RootCA1.pem
     [exec] Adding debian:Security_Communication_RootCA2.pem
     [exec] Adding debian:Security_Communication_RootCA3.pem
     [exec] Adding debian:Security_Communication_Root_CA.pem
     [exec] Adding debian:SSL.com_EV_Root_Certification_Authority_ECC.pem
     [exec] Adding debian:SSL.com_EV_Root_Certification_Authority_RSA_R2.pem
     [exec] Adding debian:SSL.com_Root_Certification_Authority_ECC.pem
     [exec] Adding debian:SSL.com_Root_Certification_Authority_RSA.pem
     [exec] Adding debian:SSL.com_TLS_ECC_Root_CA_2022.pem
     [exec] Adding debian:SSL.com_TLS_RSA_Root_CA_2022.pem
     [exec] Adding debian:Starfield_Class_2_CA.pem
     [exec] Adding debian:Starfield_Root_Certificate_Authority_-_G2.pem
     [exec] Adding debian:Starfield_Services_Root_Certificate_Authority_-_G2.pem
     [exec] Adding debian:SwissSign_Gold_CA_-_G2.pem
     [exec] Adding debian:SwissSign_Silver_CA_-_G2.pem
     [exec] Adding debian:SZAFIR_ROOT_CA2.pem
     [exec] Adding debian:Telia_Root_CA_v2.pem
     [exec] Adding debian:TeliaSonera_Root_CA_v1.pem
     [exec] Adding debian:TrustAsia_Global_Root_CA_G3.pem
     [exec] Adding debian:TrustAsia_Global_Root_CA_G4.pem
     [exec] Adding debian:Trustwave_Global_Certification_Authority.pem
     [exec] Adding debian:Trustwave_Global_ECC_P256_Certification_Authority.pem
     [exec] Adding debian:Trustwave_Global_ECC_P384_Certification_Authority.pem
     [exec] Adding debian:T-TeleSec_GlobalRoot_Class_2.pem
     [exec] Adding debian:T-TeleSec_GlobalRoot_Class_3.pem
     [exec] Adding debian:TUBITAK_Kamu_SM_SSL_Kok_Sertifikasi_-_Surum_1.pem
     [exec] Adding debian:TunTrust_Root_CA.pem
     [exec] Adding debian:TWCA_Global_Root_CA.pem
     [exec] Adding debian:TWCA_Root_Certification_Authority.pem
     [exec] Adding debian:UCA_Extended_Validation_Root.pem
     [exec] Adding debian:UCA_Global_G2_Root.pem
     [exec] Adding debian:USERTrust_ECC_Certification_Authority.pem
     [exec] Adding debian:USERTrust_RSA_Certification_Authority.pem
     [exec] Adding debian:vTrus_ECC_Root_CA.pem
     [exec] Adding debian:vTrus_Root_CA.pem
     [exec] Adding debian:XRamp_Global_CA_Root.pem
     [exec] done.
     [exec] Setting up default-jre-headless (2:1.21-75+exp1) ...
     [exec] Setting up ant (1.10.14-1) ...
     [exec] Setting up ant-contrib (1.0~b3+svn177-12) ...
     [exec] --> cb6fa857b1d3
     [exec] STEP 5/22: ENV JAVA_TOOL_OPTIONS=" -Dfile.encoding=UTF8 -Djava.security.egd=file:/dev/./urandom"
     [exec] --> 28f41b28e8d6
     [exec] STEP 6/22: ENV MODE=java
     [exec] --> 0859eb5ec504
     [exec] STEP 7/22: RUN mkdir testResults
     [exec] --> 890e4d5037d8
     [exec] STEP 8/22: ENV TEST_HOME /aqa-tests
     [exec] --> 7ab1127ed739
     [exec] STEP 9/22: ENV APPLICATION_NAME=functional-test
     [exec] --> 35f5af76f70b
     [exec] STEP 10/22: ENV APPLICATION_TAG=ubuntu
     [exec] --> ceddb99e3058
     [exec] STEP 11/22: ENV OS_TAG=8
     [exec] --> bbe851ec5565
     [exec] STEP 12/22: ENV JDK_VERSION=hotspot
     [exec] --> 421e9e26afa3
     [exec] STEP 13/22: ENV JDK_IMPL=
     [exec] --> 6913894eaee9
     [exec] STEP 14/22: ENV FUNCTIONAL_TEST_TAG=$FUNCTIONAL_TEST_TAG
     [exec] --> 85ac7cee8a36
     [exec] STEP 15/22: RUN git clone https://github.com/adoptium/aqa-tests.git
     [exec] Cloning into 'aqa-tests'...
     [exec] --> fa77b950dde2
     [exec] STEP 16/22: WORKDIR /aqa-tests/
     [exec] --> f97a4c917b32
     [exec] STEP 17/22: RUN git checkout master
     [exec] Already on 'master'
     [exec] Your branch is up to date with 'origin/master'.
     [exec] --> 0ae2bf8b9688
     [exec] STEP 18/22: WORKDIR /
     [exec] --> dc2be7294356
     [exec] STEP 19/22: COPY functional-test/test.sh /test.sh
     [exec] --> 87c61594ae36
     [exec] STEP 20/22: COPY test_base_functions.sh test_base_functions.sh
     [exec] --> ee34dd6089b4
     [exec] STEP 21/22: WORKDIR ${TEST_HOME}
     [exec] --> c7411d43d916
     [exec] STEP 22/22: ENTRYPOINT ["/bin/bash", "/test.sh"]
     [exec] COMMIT adoptopenjdk-functional-test-test:8-jdk-ubuntu-hotspot-full
     [exec] --> 467e14d9f2a6
     [exec] Successfully tagged localhost/adoptopenjdk-functional-test-test:8-jdk-ubuntu-hotspot-full
     [exec] 467e14d9f2a6fedc57b88d8c48fd4087145d9cf0236538654e9c1ebbbc96d9bf

dist:
     [copy] Copying 2 files to /home/jvanek/git/jvmtest/external/functional-test

BUILD SUCCESSFUL
Total time: 43 seconds
0
make[1]: Leaving directory '/home/jvanek/git/aqa-tests/TKG'
JAVA_HOME is set to /tmp/tmp.RH5hcTf5Lt/jdk8u432-b06
LIB_DIR is set to /home/jvanek/git/aqa-tests/TKG/../TKG/lib
make -f makeGen.mk AUTO_DETECT= MODE=tests TESTTARGET=sanity_functional TESTLIST=
make[1]: Entering directory '/home/jvanek/git/aqa-tests/TKG'
perl scripts/configure.pl
/tmp/tmp.RH5hcTf5Lt/jdk8u432-b06/bin/java -cp "./bin/TestKitGen.jar:/home/jvanek/git/aqa-tests/TKG/../TKG/lib/json-simple.jar" org.testKitGen.MainRunner --mode=tests --spec=linux_x86-64 --microArch="" --osLabel="" --jdkVersion=8 --impl=hotspot --vendor="Temurin" --buildList=external/functional-test --iterations=1 --aotIterations= --testFlag= --testTarget=sanity_functional --testList= --numOfMachines= --testTime= --TRSSURL= 
Modes data parsed from resources/modes.xml and resources/ottawa.csv.

Starting to generate test make files.

Parsing /home/jvanek/git/aqa-tests/TKG/../external/functional-test/playlist.xml
Generated /home/jvanek/git/aqa-tests/TKG/../external/functional-test/autoGen.mk

Generated /home/jvanek/git/aqa-tests/TKG/../external/autoGen.mk

Generated /home/jvanek/git/aqa-tests/TKG/../autoGen.mk

Generated /home/jvanek/git/aqa-tests/TKG/../TKG/utils.mk

Generated /home/jvanek/git/aqa-tests/TKG/../TKG/rerun.mk

Make files are generated successfully.

make[1]: Leaving directory '/home/jvanek/git/aqa-tests/TKG'
make -f runtest.mk _sanity_functional
make[1]: Entering directory '/home/jvanek/git/aqa-tests/TKG'

Running make 4.4.1
set TEST_ROOT to /home/jvanek/git/aqa-tests/TKG/..
set JDK_VERSION to 8
set JDK_IMPL to hotspot
set JVM_VERSION to openjdk8
set JCL_VERSION to latest
set JAVA_HOME to /tmp/tmp.RH5hcTf5Lt/jdk8u432-b06
set SPEC to linux_x86-64
set TEST_FLAG to
Running sanity_functional ...
There are 1 test targets in sanity_functional
"/tmp/tmp.RH5hcTf5Lt/jdk8u432-b06/bin/java" -version
openjdk version "1.8.0_432"
OpenJDK Runtime Environment (Temurin)(build 1.8.0_432-b06)
OpenJDK 64-Bit Server VM (Temurin)(build 25.432-b06, mixed mode)
make[2]: Entering directory '/home/jvanek/git/aqa-tests'
make[3]: Entering directory '/home/jvanek/git/aqa-tests/external'
make[4]: Entering directory '/home/jvanek/git/aqa-tests/external/functional-test'

===============================================
Running test sanity_functional_0 ...
===============================================
sanity_functional_0 Start Time: Thu Dec  5 15:43:29 2024 Epoch Time (ms): 1733409809131
variation: NoOptions
JVM_OPTIONS:  
{ \
echo "";	echo "TEST SETUP:"; \
echo "Nothing to be done for setup."; \
mkdir -p "/home/jvanek/git/aqa-tests/TKG/../TKG/output_17334098098646/sanity_functional_0"; \
cd "/home/jvanek/git/aqa-tests/TKG/../TKG/output_17334098098646/sanity_functional_0"; \
echo "";	echo "TESTING:"; \
/home/jvanek/git/aqa-tests/TKG/../external/external.sh --run --tag "" --dir functional-test --testtarget _sanity.functional.regular --reportdst "/home/jvanek/git/aqa-tests/TKG/../TKG/output_17334098098646/sanity_functional_0" --docker_args "-v /tmp/tmp.RH5hcTf5Lt/jdk8u432-b06:/opt/java/openjdk"; \
	if [ $? -eq 0 ]; then echo "-----------------------------------"; echo "sanity_functional_0""_PASSED"; echo "-----------------------------------"; cd /home/jvanek/git/aqa-tests/TKG/..;  else echo "-----------------------------------"; echo "sanity_functional_0""_FAILED"; echo "-----------------------------------"; fi; \
	/home/jvanek/git/aqa-tests/TKG/../external/external.sh --clean --tag "" --dir functional-test; \
echo "";	echo "TEST TEARDOWN:"; \
echo "Nothing to be done for teardown."; \
 } 2>&1 | tee -a "/home/jvanek/git/aqa-tests/TKG/../TKG/output_17334098098646/TestTargetResult";

TEST SETUP:
Nothing to be done for setup.

TESTING:
   # =================== Info =================== Info =================== Info =================== #
   # EXTRA_DOCKER_ARGS set as "-v /tmp/tmp.RH5hcTf5Lt/jdk8u432-b06:/opt/java/openjdk"                                #
   # =================== Info =================== Info =================== Info =================== #
   # =================== Info =================== Info =================== Info =================== #
   # TEST_JDK_HOME of /tmp/tmp.RH5hcTf5Lt/jdk8u432-b06 is used in EXTRA_DOCKER_ARGS                                #
   # =================== Info =================== Info =================== Info =================== #
No DOCKERIMAGE_TAG set, tag as default 'nightly'
DOCKERIMAGE_TAG nightly has been recognized.
The test here is functional-test
The directory in the external.sh is functional-test
 podman run --privileged  -v /tmp/tmp.RH5hcTf5Lt/jdk8u432-b06:/opt/java/openjdk  --name functional-test-test --rm adoptopenjdk-functional-test-test:8-jdk-ubuntu-hotspot-full _sanity.functional.regular
time="2024-12-05T15:43:29+01:00" level=warning msg="Error validating CNI config file /home/jvanek/.config/cni/net.d/87-podman.conflist: [failed to find plugin \"bridge\" in path [/usr/local/libexec/cni /usr/libexec/cni /usr/local/lib/cni /usr/lib/cni /opt/cni/bin] failed to find plugin \"portmap\" in path [/usr/local/libexec/cni /usr/libexec/cni /usr/local/lib/cni /usr/lib/cni /opt/cni/bin] failed to find plugin \"firewall\" in path [/usr/local/libexec/cni /usr/libexec/cni /usr/local/lib/cni /usr/lib/cni /opt/cni/bin] failed to find plugin \"tuning\" in path [/usr/local/libexec/cni /usr/libexec/cni /usr/local/lib/cni /usr/lib/cni /opt/cni/bin]]"
APPLICATION_NAME=functional-test
APPLICATION_TAG=ubuntu
OS_TAG=8
Using /opt mounted Java8
JAVA_BIN is: /opt/java/openjdk/jre/bin
=JAVA VERSION OUTPUT BEGIN=
Picked up JAVA_TOOL_OPTIONS:  -Dfile.encoding=UTF8 -Djava.security.egd=file:/dev/./urandom
openjdk version "1.8.0_432"
OpenJDK Runtime Environment (Temurin)(build 1.8.0_432-b06)
OpenJDK 64-Bit Server VM (Temurin)(build 25.432-b06, mixed mode)
=JAVA VERSION OUTPUT END=
export GLIBC_TUNABLES=glibc.pthread.rseq=0:glibc.cpu.hwcaps=-XSAVEC,-XSAVE,-AVX2,-ERMS,-AVX,-AVX_Fast_Unaligned_Load
export LD_BIND_NOT=on
TEST_JDK_HOME is : /opt/java/openjdk
TEST_JDK_HOME has been unset, use auto-detect instead.
TESTDIR: /aqa-tests
get testKitGen...
git clone -q https://github.com/adoptium/TKG.git
git rev-parse master
git checkout -q -f 02fb38672e22c9fc24a96d10cd5cc84f661d8e4f
check adoptium repo and TKG repo SHA
/aqa-tests/TKG/scripts/getSHA.sh --repo_dir /aqa-tests --output_file /aqa-tests/TKG/SHA.txt
Check sha in /aqa-tests and store the info in /aqa-tests/TKG/SHA.txt
touch /aqa-tests/TKG/SHA.txt
================================================
timestamp: 20241205-144330
repo dir: /aqa-tests
git repo: 
  Fetch URL: https://github.com/adoptium/aqa-tests.git
sha:
10e62a763cc9be9490cd38e434fbafe534491b2d
/aqa-tests/TKG/scripts/getTestenvProperties.sh --repo_dir /aqa-tests --output_file /aqa-tests/testenv/testenv.properties --repo_name ADOPTOPENJDK
Check sha in /aqa-tests and store the info in /aqa-tests/testenv/testenv.properties
ADOPTOPENJDK_REPO=https://github.com/adoptium/aqa-tests.git
ADOPTOPENJDK_BRANCH=10e62a763cc9be9490cd38e434fbafe534491b2d
/aqa-tests/TKG/scripts/getSHA.sh --repo_dir /aqa-tests/TKG --output_file /aqa-tests/TKG/SHA.txt
Check sha in /aqa-tests/TKG and store the info in /aqa-tests/TKG/SHA.txt
================================================
timestamp: 20241205-144330
repo dir: /aqa-tests/TKG
git repo: 
  Fetch URL: https://github.com/adoptium/TKG.git
sha:
02fb38672e22c9fc24a96d10cd5cc84f661d8e4f
/aqa-tests/TKG/scripts/getTestenvProperties.sh --repo_dir /aqa-tests/TKG --output_file /aqa-tests/testenv/testenv.properties --repo_name TKG
Check sha in /aqa-tests/TKG and store the info in /aqa-tests/testenv/testenv.properties
TKG_REPO=https://github.com/adoptium/TKG.git
TKG_BRANCH=02fb38672e22c9fc24a96d10cd5cc84f661d8e4f
get functional test material...
git clone --depth 1 --reference-if-able /root/openjdk_cache  https://github.com/eclipse-openj9/openj9.git
Cloning into 'openj9'...
info: Could not add alternate for '/root/openjdk_cache': reference repository '/root/openjdk_cache' is not a local repository.
check OpenJ9 Repo sha
/aqa-tests/TKG/scripts/getSHA.sh --repo_dir /aqa-tests/openj9 --output_file /aqa-tests/TKG/SHA.txt
Check sha in /aqa-tests/openj9 and store the info in /aqa-tests/TKG/SHA.txt
================================================
timestamp: 20241205-144336
repo dir: /aqa-tests/openj9
git repo: 
  Fetch URL: https://github.com/eclipse-openj9/openj9.git
sha:
70dd02e820ab66285ba3d9b42ff235f5143c6397
/aqa-tests/TKG/scripts/getTestenvProperties.sh --repo_dir /aqa-tests/openj9 --output_file /aqa-tests/testenv/testenv.properties --repo_name OPENJ9
Check sha in /aqa-tests/openj9 and store the info in /aqa-tests/testenv/testenv.properties
OPENJ9_REPO=https://github.com/eclipse-openj9/openj9.git
OPENJ9_SHA=70dd02e820ab66285ba3d9b42ff235f5143c6397
total 128
drwxr-xr-x  4 root root  4096 Dec  5 14:43 buildenv
-rwxr-xr-x  1 root root   339 Dec  5 14:43 compile.sh
-rw-r--r--  1 root root  4665 Dec  5 14:43 Contributing.md
drwxr-xr-x  4 root root  4096 Dec  5 14:43 doc
drwxr-xr-x  5 root root  4096 Dec  5 14:43 docs
drwxr-xr-x 33 root root  4096 Dec  5 14:43 external
drwxr-xr-x  8 root root  4096 Dec  5 14:43 functional
-rwxr-xr-x  1 root root 28914 Dec  5 14:43 get.sh
drwxr-xr-x 19 root root  4096 Dec  5 14:43 jck
-rw-r--r--  1 root root 11360 Dec  5 14:43 LICENSE
-rw-r--r--  1 root root    65 Dec  5 14:43 NOTICE
drwxr-xr-x 14 root root  4096 Dec  5 14:43 openj9
drwxr-xr-x  3 root root  4096 Dec  5 14:43 openjdk
drwxr-xr-x  8 root root  4096 Dec  5 14:43 perf
-rw-r--r--  1 root root  8335 Dec  5 14:43 README.md
drwxr-xr-x  4 root root  4096 Dec  5 14:43 scripts
drwxr-xr-x 13 root root  4096 Dec  5 14:43 system
-rwxr-xr-x  1 root root  3827 Dec  5 14:43 terminateTestProcesses.sh
drwxr-xr-x  2 root root  4096 Dec  5 14:43 testenv
drwxr-xr-x  8 root root  4096 Dec  5 14:43 TKG
Generating make files and running the target tests
JAVA_HOME is set to /opt/java/openjdk
UNAME_OS is Linux
LIB_DIR is set to /aqa-tests/TKG/../TKG/lib
rm -f -r /aqa-tests/TKG/../TKG/output_compilation; \
mkdir -p /aqa-tests/TKG/../TKG/output_compilation; \
(ant -f ./scripts/build_tools.xml "-DTEST_JDK_HOME=/opt/java/openjdk" "-DTEST_ROOT=/aqa-tests/TKG/.." "-DLIB_DIR=/aqa-tests/TKG/../TKG/lib" 2>&1; echo $? ) | tee "/aqa-tests/TKG/../TKG/output_compilation/compilation.log"; \
if [ -z "$(tail -1 /aqa-tests/TKG/../TKG/output_compilation/compilation.log | grep 0)" ]; then perl scripts/moveDmp.pl --compileLogPath="/aqa-tests/TKG/../TKG/output_compilation/compilation.log" --testRoot="/aqa-tests/TKG/.."; false; else rm -f -r "/aqa-tests/TKG/../TKG/output_compilation"; fi
Picked up JAVA_TOOL_OPTIONS:  -Dfile.encoding=UTF8 -Djava.security.egd=file:/dev/./urandom
Buildfile: /aqa-tests/TKG/scripts/build_tools.xml

build:

clean:

init:
    [mkdir] Created dir: /aqa-tests/TKG/bin

getDependentLibs:
     [exec] /aqa-tests/TKG/../TKG/lib does not exist, creating one.
     [exec] mkdir /aqa-tests/TKG/../TKG/lib
     [exec] --------------------------------------------
     [exec] path is set to /aqa-tests/TKG/../TKG/lib
     [exec] task is set to default
     [exec] dependencyList is set to json_simple
     [exec] --------------------------------------------
     [exec] Starting download third party dependent jars
     [exec] --------------------------------------------
     [exec] downloading dependent third party jars to /aqa-tests/TKG/../TKG/lib
     [exec] downloading https://repo1.maven.org/maven2/com/googlecode/json-simple/json-simple/1.1.1/json-simple-1.1.1.jar
     [exec] --> file downloaded to /aqa-tests/TKG/../TKG/lib/json-simple.jar
     [exec] downloaded dependent third party jars successfully

compile:
     [echo] Ant version is Apache Ant(TM) version 1.10.14 compiled on September 25 2023
     [echo] ============COMPILER SETTINGS============
     [echo] ===fork:                         yes
     [echo] ===debug:                        on
    [javac] Compiling 27 source files to /aqa-tests/TKG/bin
    [javac] Picked up JAVA_TOOL_OPTIONS:  -Dfile.encoding=UTF8 -Djava.security.egd=file:/dev/./urandom

dist:
      [jar] Building jar: /aqa-tests/TKG/bin/TestKitGen.jar

BUILD SUCCESSFUL
Total time: 0 seconds
0
/opt/java/openjdk/bin/java -cp ./bin/TestKitGen.jar org.openj9.envInfo.EnvDetector
Picked up JAVA_TOOL_OPTIONS:  -Dfile.encoding=UTF8 -Djava.security.egd=file:/dev/./urandom
Unfamiliar microArch detected in TKG. It will not be added in TKG microArch!
microArchOutput: model name	: 11th Gen Intel(R) Core(TM) i7-11850H @ 2.50GHz
****************************** MACHINE INFO ******************************
File path : /aqa-tests/TKG
Free Physical Memory Size : 8063565824
Free space (bytes) : 276171436032
Total Physical Memory Size : 67106488320
Total space (bytes) : 632976211968
Usable space (bytes) : 243942825984
antVersion : 
	Picked up JAVA_TOOL_OPTIONS:  -Dfile.encoding=UTF8 -Djava.security.egd=file:/dev/./urandom
	Apache Ant(TM) version 1.10.14 compiled on September 25 2023
bashVersion : 
	GNU bash, version 5.2.21(1)-release (x86_64-pc-linux-gnu)
	Copyright (C) 2022 Free Software Foundation, Inc.
	License GPLv3+: GNU GPL version 3 or later <http://gnu.org/licenses/gpl.html>
	
	This is free software; you are free to change and redistribute it.
	There is NO WARRANTY, to the extent permitted by law.
cpuCores : 16
curlVersion : 
	curl 8.5.0 (x86_64-pc-linux-gnu) libcurl/8.5.0 OpenSSL/3.0.13 zlib/1.3 brotli/1.1.0 zstd/1.5.5 libidn2/2.3.7 libpsl/0.21.2 (+libidn2/2.3.7) libssh/0.10.6/openssl/zlib nghttp2/1.59.0 librtmp/2.3 OpenLDAP/2.6.7
	Release-Date: 2023-12-06, security patched: 8.5.0-2ubuntu10.5
	Protocols: dict file ftp ftps gopher gophers http https imap imaps ldap ldaps mqtt pop3 pop3s rtmp rtsp scp sftp smb smbs smtp smtps telnet tftp
	Features: alt-svc AsynchDNS brotli GSS-API HSTS HTTP2 HTTPS-proxy IDN IPv6 Kerberos Largefile libz NTLM PSL SPNEGO SSL threadsafe TLS-SRP UnixSockets zstd
dockerVersion : bash: line 1: docker: command not found
gcc version : 13
gclibc version : ldd (Ubuntu GLIBC 2.39-0ubuntu8.3) 2.39
gdb version : bash: line 1: gdb: command not found
lldb version : Command could not be executed
makeVersion : 
	GNU Make 4.3
	Built for x86_64-pc-linux-gnu
	Copyright (C) 1988-2020 Free Software Foundation, Inc.
	License GPLv3+: GNU GPL version 3 or later <http://gnu.org/licenses/gpl.html>
	This is free software: you are free to change and redistribute it.
	There is NO WARRANTY, to the extent permitted by law.
mavenVersion : bash: line 1: mvn: command not found
osInfo : 
	PRETTY_NAME="Ubuntu 24.04.1 LTS"
	NAME="Ubuntu"
	VERSION_ID="24.04"
	VERSION="24.04.1 LTS (Noble Numbat)"
	VERSION_CODENAME=noble
	ID=ubuntu
	ID_LIKE=debian
	HOME_URL="https://www.ubuntu.com/"
	SUPPORT_URL="https://help.ubuntu.com/"
	BUG_REPORT_URL="https://bugs.launchpad.net/ubuntu/"
	PRIVACY_POLICY_URL="https://www.ubuntu.com/legal/terms-and-policies/privacy-policy"
	UBUNTU_CODENAME=noble
	LOGO=ubuntu-logo
osLabel : ubuntu.24
perlVersion : 
	
	This is perl 5, version 38, subversion 2 (v5.38.2) built for x86_64-linux-gnu-thread-multi
	(with 44 registered patches, see perl -V for more detail)
	
	Copyright 1987-2023, Larry Wall
	
	Perl may be copied only under the terms of either the Artistic License or the
	GNU General Public License, which may be found in the Perl 5 source kit.
	
	Complete documentation for Perl, including FAQ lists, should be found on
	this system using "man perl" or "perldoc perl".  If you have access to the
	Internet, point your browser at https://www.perl.org/, the Perl Home Page.
	
podmanVersion : bash: line 1: podman: command not found
procArch : x86_64
sysArch : x86_64
sysOS : Linux
ulimit : 
	real-time non-blocking time  (microseconds, -R) unlimited
	core file size              (blocks, -c) unlimited
	data seg size               (kbytes, -d) unlimited
	scheduling priority                 (-e) 0
	file size                   (blocks, -f) unlimited
	pending signals                     (-i) 255386
	max locked memory           (kbytes, -l) 8192
	max memory size             (kbytes, -m) unlimited
	open files                          (-n) 524288
	pipe size                (512 bytes, -p) 8
	POSIX message queues         (bytes, -q) 819200
	real-time priority                  (-r) 0
	stack size                  (kbytes, -s) 8192
	cpu time                   (seconds, -t) unlimited
	max user processes                  (-u) 255386
	virtual memory              (kbytes, -v) unlimited
	file locks                          (-x) unlimited
uname : Linux 4a30eff5deba 6.11.6-100.fc39.x86_64 #1 SMP PREEMPT_DYNAMIC Fri Nov  1 16:07:59 UTC 2024 x86_64 x86_64 x86_64 GNU/Linux
vmVendor : Oracle Corporation
vmVersion : 25.432-b06
xlc version : bash: line 1: xlC: command not found
**************************************************************************

System.getProperty('java.vm.name')=OpenJDK 64-Bit Server VM

System.getProperty('java.vendor')=Temurin

System.getProperty('os.name')=Linux

System.getProperty('os.arch')=amd64

System.getProperty('java.fullversion')=null

System.getProperty('sun.arch.data.model')=64

make -f makeGen.mk AUTO_DETECT= MODE=buildList TESTTARGET=sanity.functional.regular TESTLIST=
make[1]: Entering directory '/aqa-tests/TKG'
perl scripts/configure.pl
/opt/java/openjdk/bin/java -cp "./bin/TestKitGen.jar:/aqa-tests/TKG/../TKG/lib/json-simple.jar" org.testKitGen.MainRunner --mode=buildList --spec=linux_x86-64 --microArch="" --osLabel="ubuntu.24" --jdkVersion=8 --impl=hotspot --vendor="temurin" --buildList=functional --iterations=1 --aotIterations= --testFlag= --testTarget=sanity.functional.regular --testList= --numOfMachines= --testTime= --TRSSURL= 
Picked up JAVA_TOOL_OPTIONS:  -Dfile.encoding=UTF8 -Djava.security.egd=file:/dev/./urandom
Modes data parsed from resources/modes.xml and resources/ottawa.csv.


Starting to generate build list.

Parsing /aqa-tests/TKG/../functional/Java17andUp/playlist.xml
Parsing /aqa-tests/TKG/../functional/testHeadlessComponents/playlist.xml
Parsing /aqa-tests/TKG/../functional/TestExample/playlist.xml
Parsing /aqa-tests/TKG/../functional/Java16andUp/playlist.xml
Parsing /aqa-tests/TKG/../functional/SyntheticGCWorkload/playlist.xml
Parsing /aqa-tests/TKG/../functional/Valhalla/playlist.xml
Parsing /aqa-tests/TKG/../functional/DDR_Test/playlist.xml
Parsing /aqa-tests/TKG/../functional/Java15andUp/playlist.xml
Parsing /aqa-tests/TKG/../functional/JLM_Tests/playlist.xml
Parsing /aqa-tests/TKG/../functional/RasapiTest/playlist.xml
Parsing /aqa-tests/TKG/../functional/JavaAgentTest/playlist.xml
Parsing /aqa-tests/TKG/../functional/VM_Test/playlist.xml
Parsing /aqa-tests/TKG/../functional/Java14andUp/playlist.xml
Parsing /aqa-tests/TKG/../functional/Java12andUp/playlist.xml
Parsing /aqa-tests/TKG/../functional/cmdLineTests/fips/playlist.xml
Parsing /aqa-tests/TKG/../functional/cmdLineTests/xlogTests/playlist.xml
Parsing /aqa-tests/TKG/../functional/cmdLineTests/dscr/playlist.xml
Parsing /aqa-tests/TKG/../functional/cmdLineTests/loadLibraryTest/playlist.xml
Parsing /aqa-tests/TKG/../functional/cmdLineTests/hangTest/playlist.xml
Parsing /aqa-tests/TKG/../functional/cmdLineTests/proxyFieldAccess/playlist.xml
Parsing /aqa-tests/TKG/../functional/cmdLineTests/valuetypeddrtests/playlist.xml
Parsing /aqa-tests/TKG/../functional/cmdLineTests/gcRegressionTests/playlist.xml
Parsing /aqa-tests/TKG/../functional/cmdLineTests/xxargtest/playlist.xml
Parsing /aqa-tests/TKG/../functional/cmdLineTests/javaAssertions/playlist.xml
Parsing /aqa-tests/TKG/../functional/cmdLineTests/forceLazySymbolResolution/playlist.xml
Parsing /aqa-tests/TKG/../functional/cmdLineTests/runtimemxbeanTests/playlist.xml
Parsing /aqa-tests/TKG/../functional/cmdLineTests/CDSAdaptorTest/playlist.xml
Parsing /aqa-tests/TKG/../functional/cmdLineTests/modularityddrtests/playlist.xml
Parsing /aqa-tests/TKG/../functional/cmdLineTests/sigxfszHandlingTest/playlist.xml
Parsing /aqa-tests/TKG/../functional/cmdLineTests/bootstrapMethodArgumentTest/playlist.xml
Parsing /aqa-tests/TKG/../functional/cmdLineTests/URLClassLoaderTests/playlist.xml
Parsing /aqa-tests/TKG/../functional/cmdLineTests/getCallerClassTests/playlist.xml
Parsing /aqa-tests/TKG/../functional/cmdLineTests/shrcdbgddrext/playlist.xml
Parsing /aqa-tests/TKG/../functional/cmdLineTests/criu/playlist.xml
Parsing /aqa-tests/TKG/../functional/cmdLineTests/locales/playlist.xml
Parsing /aqa-tests/TKG/../functional/cmdLineTests/jython/playlist.xml
Parsing /aqa-tests/TKG/../functional/cmdLineTests/fastClassHashTable/playlist.xml
Parsing /aqa-tests/TKG/../functional/cmdLineTests/sigabrtHandlingTest/playlist.xml
Parsing /aqa-tests/TKG/../functional/cmdLineTests/cmdlinetestertests/playlist.xml
Parsing /aqa-tests/TKG/../functional/cmdLineTests/cmdLineTest_J9tests/playlist.xml
Parsing /aqa-tests/TKG/../functional/cmdLineTests/lockWordAlignment/playlist.xml
Parsing /aqa-tests/TKG/../functional/cmdLineTests/ValueBasedClassTest/playlist.xml
Parsing /aqa-tests/TKG/../functional/cmdLineTests/defaultLazySymbolResolution/playlist.xml
Parsing /aqa-tests/TKG/../functional/cmdLineTests/J9security/playlist.xml
Parsing /aqa-tests/TKG/../functional/cmdLineTests/jfr/playlist.xml
Parsing /aqa-tests/TKG/../functional/cmdLineTests/ignoreUnrecognizedVMOptions/playlist.xml
Parsing /aqa-tests/TKG/../functional/cmdLineTests/libpathTest/playlist.xml
Parsing /aqa-tests/TKG/../functional/cmdLineTests/reflectCache/playlist.xml
Parsing /aqa-tests/TKG/../functional/cmdLineTests/softmxCmdOptTest/playlist.xml
Parsing /aqa-tests/TKG/../functional/cmdLineTests/classesdbgddrext/playlist.xml
Parsing /aqa-tests/TKG/../functional/cmdLineTests/openssl/playlist.xml
Parsing /aqa-tests/TKG/../functional/cmdLineTests/shareClassTests/StoreFilterTests/playlist.xml
Parsing /aqa-tests/TKG/../functional/cmdLineTests/shareClassTests/ShareClassesSimpleSanity/playlist.xml
Parsing /aqa-tests/TKG/../functional/cmdLineTests/shareClassTests/ListAllCachesTests/playlist.xml
Parsing /aqa-tests/TKG/../functional/cmdLineTests/shareClassTests/URLHelperTests/playlist.xml
Parsing /aqa-tests/TKG/../functional/cmdLineTests/shareClassTests/BadStackMap/playlist.xml
Parsing /aqa-tests/TKG/../functional/cmdLineTests/shareClassTests/SCCommandLineOptionTests/playlist.xml
Parsing /aqa-tests/TKG/../functional/cmdLineTests/shareClassTests/SCCMLTests/playlist.xml
Parsing /aqa-tests/TKG/../functional/cmdLineTests/shareClassTests/DataHelperTests/playlist.xml
Parsing /aqa-tests/TKG/../functional/cmdLineTests/shareClassTests/StorageKey/playlist.xml
Parsing /aqa-tests/TKG/../functional/cmdLineTests/shareClassTests/SCHelperCompatTests/playlist.xml
Parsing /aqa-tests/TKG/../functional/cmdLineTests/stackSizeInfoTest/playlist.xml
Parsing /aqa-tests/TKG/../functional/cmdLineTests/gputests/playlist.xml
Parsing /aqa-tests/TKG/../functional/cmdLineTests/verbosetest/playlist.xml
Parsing /aqa-tests/TKG/../functional/cmdLineTests/pageAlignDirectMemory/playlist.xml
Parsing /aqa-tests/TKG/../functional/cmdLineTests/gcCheck/playlist.xml
Parsing /aqa-tests/TKG/../functional/cmdLineTests/bootStrapStaticVerify/playlist.xml
Parsing /aqa-tests/TKG/../functional/cmdLineTests/dumpromtests/playlist.xml
Parsing /aqa-tests/TKG/../functional/cmdLineTests/gptest/playlist.xml
Parsing /aqa-tests/TKG/../functional/cmdLineTests/verboseVerification/playlist.xml
Parsing /aqa-tests/TKG/../functional/cmdLineTests/loopReduction/playlist.xml
Parsing /aqa-tests/TKG/../functional/cmdLineTests/jimageinterface/playlist.xml
Parsing /aqa-tests/TKG/../functional/cmdLineTests/pltest/playlist.xml
Parsing /aqa-tests/TKG/../functional/cmdLineTests/jvmtitests/playlist.xml
Parsing /aqa-tests/TKG/../functional/cmdLineTests/jitserver/playlist.xml
Parsing /aqa-tests/TKG/../functional/cmdLineTests/jit/playlist.xml
Parsing /aqa-tests/TKG/../functional/cmdLineTests/SystemPropertiesTest/playlist.xml
Parsing /aqa-tests/TKG/../functional/cmdLineTests/doProtectedAccessCheck/playlist.xml
Parsing /aqa-tests/TKG/../functional/cmdLineTests/jep178staticLinkingTest/playlist.xml
Parsing /aqa-tests/TKG/../functional/cmdLineTests/classLoaderTest/playlist.xml
Parsing /aqa-tests/TKG/../functional/cmdLineTests/xcheckjni/playlist.xml
Parsing /aqa-tests/TKG/../functional/cmdLineTests/jrvTest/playlist.xml
Parsing /aqa-tests/TKG/../functional/cmdLineTests/lazyClassLoadingTest/playlist.xml
Parsing /aqa-tests/TKG/../functional/cmdLineTests/vmRuntimeState/playlist.xml
Parsing /aqa-tests/TKG/../functional/cmdLineTests/xlpCMLTests/playlist.xml
Parsing /aqa-tests/TKG/../functional/cmdLineTests/callsitedbgddrext/playlist.xml
Parsing /aqa-tests/TKG/../functional/cmdLineTests/gcsuballoctests/playlist.xml
Parsing /aqa-tests/TKG/../functional/NativeTest/playlist.xml
Parsing /aqa-tests/TKG/../functional/Java11andUp/playlist.xml
Parsing /aqa-tests/TKG/../functional/MBCS_Tests/i18n/playlist.xml
Parsing /aqa-tests/TKG/../functional/MBCS_Tests/compact_number_format/playlist.xml
Parsing /aqa-tests/TKG/../functional/MBCS_Tests/pattern_matching_instanceof/playlist.xml
Parsing /aqa-tests/TKG/../functional/MBCS_Tests/CLDR_11/playlist.xml
Parsing /aqa-tests/TKG/../functional/MBCS_Tests/env/playlist.xml
Parsing /aqa-tests/TKG/../functional/MBCS_Tests/charsets/playlist.xml
Parsing /aqa-tests/TKG/../functional/MBCS_Tests/regex/playlist.xml
Parsing /aqa-tests/TKG/../functional/MBCS_Tests/StAX/playlist.xml
Parsing /aqa-tests/TKG/../functional/MBCS_Tests/jaxp14/playlist.xml
Parsing /aqa-tests/TKG/../functional/MBCS_Tests/record/playlist.xml
Parsing /aqa-tests/TKG/../functional/MBCS_Tests/urlclassloader/playlist.xml
Parsing /aqa-tests/TKG/../functional/MBCS_Tests/switch_expressions/playlist.xml
Parsing /aqa-tests/TKG/../functional/MBCS_Tests/sealed_classes/playlist.xml
Parsing /aqa-tests/TKG/../functional/MBCS_Tests/new_jp_era/playlist.xml
Parsing /aqa-tests/TKG/../functional/MBCS_Tests/IDN/playlist.xml
Parsing /aqa-tests/TKG/../functional/MBCS_Tests/codepage/playlist.xml
Parsing /aqa-tests/TKG/../functional/MBCS_Tests/locale_matching/playlist.xml
Parsing /aqa-tests/TKG/../functional/MBCS_Tests/pref/playlist.xml
Parsing /aqa-tests/TKG/../functional/MBCS_Tests/property_utf8/playlist.xml
Parsing /aqa-tests/TKG/../functional/MBCS_Tests/jdbc41/playlist.xml
Parsing /aqa-tests/TKG/../functional/MBCS_Tests/Compiler/playlist.xml
Parsing /aqa-tests/TKG/../functional/MBCS_Tests/coin/playlist.xml
Parsing /aqa-tests/TKG/../functional/MBCS_Tests/unicode/playlist.xml
Parsing /aqa-tests/TKG/../functional/MBCS_Tests/file/playlist.xml
Parsing /aqa-tests/TKG/../functional/MBCS_Tests/nio/playlist.xml
Parsing /aqa-tests/TKG/../functional/MBCS_Tests/codepoint/playlist.xml
Parsing /aqa-tests/TKG/../functional/MBCS_Tests/language_tag/playlist.xml
Parsing /aqa-tests/TKG/../functional/MBCS_Tests/text_blocks/playlist.xml
Parsing /aqa-tests/TKG/../functional/MBCS_Tests/annotation/playlist.xml
Parsing /aqa-tests/TKG/../functional/MBCS_Tests/scanner/playlist.xml
Parsing /aqa-tests/TKG/../functional/MBCS_Tests/datetime/playlist.xml
Parsing /aqa-tests/TKG/../functional/MBCS_Tests/formatter/playlist.xml
Parsing /aqa-tests/TKG/../functional/IllegalAccessError_for_protected_method/playlist.xml
Parsing /aqa-tests/TKG/../functional/SharedCPEntryInvokerTests/playlist.xml
Parsing /aqa-tests/TKG/../functional/Java10andUp/playlist.xml
Parsing /aqa-tests/TKG/../functional/OpenJcePlusTests/playlist.xml
Parsing /aqa-tests/TKG/../functional/Java22andUp/playlist.xml
Parsing /aqa-tests/TKG/../functional/Java9andUp/playlist.xml
Parsing /aqa-tests/TKG/../functional/security/ssl-tests/playlist.xml
Parsing /aqa-tests/TKG/../functional/security/Crypto/playlist.xml
Parsing /aqa-tests/TKG/../functional/security/AQAvit/playlist.xml
Parsing /aqa-tests/TKG/../functional/JIT_Test/playlist.xml
Parsing /aqa-tests/TKG/../functional/Java21andUp/playlist.xml
Parsing /aqa-tests/TKG/../functional/MockitoTests/playlist.xml
Parsing /aqa-tests/TKG/../functional/Jsr335_interfaceStaticMethod/playlist.xml
Parsing /aqa-tests/TKG/../functional/HealthCenter/playlist.xml
Parsing /aqa-tests/TKG/../functional/Java8andUp/playlist.xml
Parsing /aqa-tests/TKG/../functional/Jsr335/playlist.xml
Parsing /aqa-tests/TKG/../functional/UnsafeTest/playlist.xml
Parsing /aqa-tests/TKG/../functional/CacheManagement/playlist.xml
Parsing /aqa-tests/TKG/../functional/Java21Only/playlist.xml
Parsing /aqa-tests/TKG/../functional/OpenJ9_Jsr_292_API/playlist.xml
Parsing /aqa-tests/TKG/../functional/Jsr292/playlist.xml
Generated /aqa-tests/TKG/../TKG/buildInfo.mk

make[1]: Leaving directory '/aqa-tests/TKG'
make -f clean.mk cleanBuild
make[1]: Entering directory '/aqa-tests/TKG'
rm -f -r /aqa-tests/TKG/../../jvmtest
make[1]: Leaving directory '/aqa-tests/TKG'
make -f compile.mk compile
make[1]: Entering directory '/aqa-tests/TKG'
rm -f -r /aqa-tests/TKG/../TKG/output_compilation; \
mkdir -p /aqa-tests/TKG/../TKG/output_compilation; \
(ant -f scripts/build_test.xml "-DTEST_ROOT=/aqa-tests/TKG/.." "-DBUILD_ROOT=/aqa-tests/TKG/../../jvmtest" "-DJDK_VERSION=8" "-DJDK_IMPL=hotspot" "-DJDK_VENDOR=temurin" "-DJCL_VERSION=latest" "-DBUILD_LIST=functional/cmdLineTests/cmdLineTest_J9tests,functional/cmdLineTests/libpathTest,functional/cmdLineTests/xxargtest" "-DRESOURCES_DIR=/aqa-tests/TKG/../../jvmtest/TestConfig/resources" "-DSPEC=linux_x86-64" "-DTEST_JDK_HOME=/opt/java/openjdk" "-DJVM_VERSION=openjdk8" "-DLIB_DIR=/aqa-tests/TKG/../TKG/lib"  2>&1; echo $? ) | tee "/aqa-tests/TKG/../TKG/output_compilation/compilation.log"; \
if [ -z "$(tail -1 /aqa-tests/TKG/../TKG/output_compilation/compilation.log | grep 0)" ]; then perl scripts/moveDmp.pl --compileLogPath="/aqa-tests/TKG/../TKG/output_compilation/compilation.log" --testRoot="/aqa-tests/TKG/.."; false; else rm -f -r "/aqa-tests/TKG/../TKG/output_compilation"; fi
Picked up JAVA_TOOL_OPTIONS:  -Dfile.encoding=UTF8 -Djava.security.egd=file:/dev/./urandom
Buildfile: /aqa-tests/TKG/scripts/build_test.xml
     [echo]  build.list is TestConfig/build.xml,functional/cmdLineTests/cmdLineTest_J9tests/build.xml,functional/cmdLineTests/libpathTest/build.xml,functional/cmdLineTests/xxargtest/build.xml 

-create_test_directory:
    [mkdir] Created dir: /jvmtest

stage_test_material:
     [copy] Copying 137 files to /jvmtest

build:

init:
    [mkdir] Created dir: /jvmtest/TestConfig

build:
     [copy] Copying 12 files to /jvmtest/TestConfig
     [copy] Copied 4 empty directories to 2 empty directories under /jvmtest/TestConfig
     [copy] Copying 1 file to /jvmtest/TestConfig

buildCmdLineTestTools:

check-jar:

build:

init:
    [mkdir] Created dir: /jvmtest/functional/cmdline_options_tester
    [mkdir] Created dir: /aqa-tests/functional/cmdline_options_tester/bin

compile:
     [echo] Ant version is Apache Ant(TM) version 1.10.14 compiled on September 25 2023
     [echo] ============COMPILER SETTINGS============
     [echo] ===fork:                         yes
     [echo] ===executable:                   /opt/java/openjdk/bin/javac
     [echo] ===debug:                        on
     [echo] ===destdir:                      /aqa-tests/TKG/../../jvmtest/functional/cmdline_options_tester
    [javac] Compiling 34 source files to /aqa-tests/functional/cmdline_options_tester/bin
    [javac] Picked up JAVA_TOOL_OPTIONS:  -Dfile.encoding=UTF8 -Djava.security.egd=file:/dev/./urandom
    [javac] Note: Some input files use unchecked or unsafe operations.
    [javac] Note: Recompile with -Xlint:unchecked for details.

dist:
      [jar] Building jar: /jvmtest/functional/cmdline_options_tester/cmdlinetester.jar
     [copy] Copying 1 file to /jvmtest/functional/cmdline_options_tester

clean:
   [delete] Deleting directory /aqa-tests/functional/cmdline_options_tester/bin

check-jar:

build:

buildCmdLineTestUtils:

check-jar:

build:

build:

init:
    [mkdir] Created dir: /jvmtest/functional/cmdLineTests/cmdLineTest_J9tests
    [mkdir] Created dir: /aqa-tests/functional/cmdLineTests/cmdLineTest_J9tests/bin

compile:
     [echo] Ant version is Apache Ant(TM) version 1.10.14 compiled on September 25 2023
     [echo] ============COMPILER SETTINGS============
     [echo] ===fork:                         yes
     [echo] ===executable:                   /opt/java/openjdk/bin/javac
     [echo] ===debug:                        on
     [echo] ===destdir:                      /aqa-tests/TKG/../../jvmtest/functional/cmdLineTests/cmdLineTest_J9tests
    [javac] Compiling 16 source files to /aqa-tests/functional/cmdLineTests/cmdLineTest_J9tests/bin
    [javac] Picked up JAVA_TOOL_OPTIONS:  -Dfile.encoding=UTF8 -Djava.security.egd=file:/dev/./urandom
    [javac] /aqa-tests/functional/cmdLineTests/cmdLineTest_J9tests/src/ElapsedTime.java:28: error: package org.testng does not exist
    [javac] import org.testng.AssertJUnit;
    [javac]                  ^
    [javac] /aqa-tests/functional/TestUtilities/src/org/openj9/test/util/CompilerAccess.java:24: error: package org.testng does not exist
    [javac] import org.testng.Assert;
    [javac]                  ^
    [javac] /aqa-tests/functional/TestUtilities/src/org/openj9/test/util/StringPrintStream.java:28: error: package org.testng.log4testng does not exist
    [javac] import org.testng.log4testng.Logger;
    [javac]                             ^
    [javac] /aqa-tests/functional/TestUtilities/src/org/openj9/test/util/StringPrintStream.java:60: error: cannot find symbol
    [javac] 	public static void logStackTrace(Exception e, Logger testLogger) {
    [javac] 	                                              ^
    [javac]   symbol:   class Logger
    [javac]   location: class StringPrintStream
    [javac] /aqa-tests/functional/cmdLineTests/cmdLineTest_J9tests/src/ElapsedTime.java:43: error: cannot find symbol
    [javac] 		AssertJUnit.assertTrue(tu.checkElapseTime("testElapsedTime() sleep 100ms", millisTimeStart, nanoTimeStart, 100, 100));
    [javac] 		^
    [javac]   symbol:   variable AssertJUnit
    [javac]   location: class ElapsedTime
    [javac] /aqa-tests/functional/cmdLineTests/cmdLineTest_J9tests/src/ElapsedTime.java:55: error: cannot find symbol
    [javac] 		AssertJUnit.assertTrue(tu.getResultAndCancelTimers());
    [javac] 		^
    [javac]   symbol:   variable AssertJUnit
    [javac]   location: class ElapsedTime
    [javac] /aqa-tests/functional/TestUtilities/src/org/openj9/test/util/CompilerAccess.java:36: error: cannot find symbol
    [javac] 			Assert.fail("failed to register natives");
    [javac] 			^
    [javac]   symbol:   variable Assert
    [javac]   location: class CompilerAccess
    [javac] 7 errors

BUILD FAILED
/aqa-tests/TKG/scripts/build_test.xml:95: The following error occurred while executing this line:
/aqa-tests/functional/cmdLineTests/cmdLineTest_J9tests/build.xml:79: The following error occurred while executing this line:
/aqa-tests/functional/cmdLineTests/cmdLineTest_J9tests/build.xml:52: Compile failed; see the compiler error output for details.

Total time: 1 second
1
make[1]: *** [compile.mk:45: compile] Error 1
make[1]: Leaving directory '/aqa-tests/TKG'
make: *** [makefile:87: compile] Error 2
-----------------------------------
sanity_functional_0_FAILED
-----------------------------------
   # =================== Info =================== Info =================== Info =================== #
   # EXTRA_DOCKER_ARGS set as "-v /tmp/tmp.RH5hcTf5Lt/jdk8u432-b06:/opt/java/openjdk"                                #
   # =================== Info =================== Info =================== Info =================== #
   # =================== Info =================== Info =================== Info =================== #
   # TEST_JDK_HOME of /tmp/tmp.RH5hcTf5Lt/jdk8u432-b06 is used in EXTRA_DOCKER_ARGS                                #
   # =================== Info =================== Info =================== Info =================== #
No DOCKERIMAGE_TAG set, tag as default 'nightly'
DOCKERIMAGE_TAG nightly has been recognized.
The test here is functional-test
The directory in the external.sh is functional-test
Untagged: localhost/adoptopenjdk-functional-test-test:8-jdk-ubuntu-hotspot-full
Deleted: 467e14d9f2a6fedc57b88d8c48fd4087145d9cf0236538654e9c1ebbbc96d9bf
Deleted: c7411d43d916dda25f362b36851372b9766df650d0fdd9822bf172eeeea2de90
Deleted: ee34dd6089b46377268a6d60893899db7b3347d1d3d9a87cd0292e4230d7c1fe
Deleted: 87c61594ae364a65ae603be8632d1717d018e5c1ebafb6066974fb31d49bda5c
Deleted: dc2be7294356460b7a1b3577deed951f6154fbb63498dfca57e09f17afab3cfb
Deleted: 0ae2bf8b9688411b2fd36c0c36e24a91a41502cdc194ab25e34b22ed5484ceb1
Deleted: f97a4c917b3256c6220e211e1854978a76f944ac20231d9dd5949910a4668297
Deleted: fa77b950dde2e506449d6a8bd5cdf819c6226e8ae7a3eca87061ee6db010cb16
Deleted: 85ac7cee8a3658c6dad7ff50baaad7a4af84993324c8a28577629171b327f9e1
Deleted: 6913894eaee987e1992cfdf8d61c8de857e0ee0c06b3e785be73e4121e4076a0
Deleted: 421e9e26afa310d1f20f928ea010f3df567c502c7e76827298f6338517e2d81c
Deleted: bbe851ec55652a4c542e584d9b8fffa2166acd7c6fe5b5c8219b5146cef7e690
Deleted: ceddb99e305802bd799b992e95480fe732f7948a4348eab5ee4ddc749c26e611
Deleted: 35f5af76f70be4bcc99c2571d25c94e6422ae1276377950d5dfa7fd5ccd2cb98
Deleted: 7ab1127ed73999e11f4843a9b18edbfb4561bff48d14abaa2a025182fcd5dd1e
Deleted: 890e4d5037d8674bc23ebc1c1d36850ad1cd0188bf9e3601f8d4417ad96c0e87
Deleted: 0859eb5ec5048a8434a58f11fc6856fe10c138a4dd97e973b3b22bc56978ac21
Deleted: 28f41b28e8d68b5bb130bc8d9fa84585fb1204f030e45ac784a33361bf20cb5a
Deleted: cb6fa857b1d3fabea8072bad721c1beb60107be99ad7720434a7a69e05548930
Deleted: 9b2d45384f7b52c0474eba2e68efa3c7e616601e1456893f3579e768e6fc40c4
Deleted: 85588487ce399198d751a60298de41c3f2402eba5826ece3bdc3a41de595b3c9
Error: invalid reference format

TEST TEARDOWN:
Nothing to be done for teardown.
sanity_functional_0 Finish Time: Thu Dec  5 15:43:41 2024 Epoch Time (ms): 1733409821137
make[4]: Leaving directory '/home/jvanek/git/aqa-tests/external/functional-test'
make[3]: Leaving directory '/home/jvanek/git/aqa-tests/external'
make[2]: Leaving directory '/home/jvanek/git/aqa-tests'


All tests finished, run result summary:
cd "/home/jvanek/git/aqa-tests/TKG/../TKG/scripts"; \
perl "resultsSum.pl" --failuremk="/home/jvanek/git/aqa-tests/TKG/../TKG/failedtargets.mk" --resultFile="/home/jvanek/git/aqa-tests/TKG/../TKG/output_17334098098646/TestTargetResult" --platFile="/home/jvanek/git/aqa-tests/TKG/../TKG/resources/buildPlatformMap.properties" --diagnostic=failure --jdkVersion=8 --jdkImpl=hotspot --jdkVendor="Temurin" --spec=linux_x86-64 --buildList=external/functional-test --customTarget="" --testTarget=sanity_functional --tapPath=/home/jvanek/git/aqa-tests/TKG/../TKG/output_17334098098646/ --tapName= --comment=""


TEST TARGETS SUMMARY
++++++++++++++++++++++++++++++++++++++++++++++++++++++++++++++++++++++++++
FAILED test targets:
	sanity_functional_0

TOTAL: 1   EXECUTED: 1   PASSED: 0   FAILED: 1   DISABLED: 0   SKIPPED: 0
++++++++++++++++++++++++++++++++++++++++++++++++++++++++++++++++++++++++++

To rebuild the failed test in a jenkins job, copy the following link and fill out the <Jenkins URL> and <FAILED test target>:
<Jenkins URL>/parambuild/?JDK_VERSION=8&JDK_IMPL=hotspot&JDK_VENDOR=Temurin&BUILD_LIST=external/functional-test&PLATFORM=x86-64_linux&TARGET=<FAILED test target>

For example, to rebuild the failed tests in <Jenkins URL>=https://ci.adoptium.net/job/Grinder, use the following links:
https://ci.adoptium.net/job/Grinder/parambuild/?JDK_VERSION=8&JDK_IMPL=hotspot&JDK_VENDOR=Temurin&BUILD_LIST=external/functional-test&PLATFORM=x86-64_linux&TARGET=sanity_functional_0
++++++++++++++++++++++++++++++++++++++++++++++++++++++++++++++++++++++++++
make[1]: *** [settings.mk:446: resultsSummary] Error 2
make[1]: Leaving directory '/home/jvanek/git/aqa-tests/TKG'
make: *** [makefile:61: _sanity_functional] Error 2
compilation: 0
runtime: 2
